2026-03-26 12:24:04,534 72050 INFO ? odoo: Odoo version 18.0 
2026-03-26 12:24:04,534 72050 INFO ? odoo: Using configuration file at /home/pablo/odoo/debian/odoo.conf 
2026-03-26 12:24:04,535 72050 INFO ? odoo: addons paths: ['/home/pablo/odoo/odoo/addons', '/home/pablo/.local/share/Odoo/addons/18.0', '/home/pablo/odoo/addons', '/home/pablo/odoo/custom', '/home/pablo/odoo/custom/field-service', '/home/pablo/odoo/custom/product-attribute', '/home/pablo/odoo/custom/rma', '/home/pablo/odoo/custom/helpdesk'] 
2026-03-26 12:24:04,535 72050 INFO ? odoo: database: pablo@localhost:5432 
2026-03-26 12:24:04,717 72050 INFO ? odoo.addons.base.models.ir_actions_report: You need Wkhtmltopdf to print a pdf version of the reports. 
2026-03-26 12:24:04,747 72050 INFO ? odoo.addons.base.models.ir_actions_report: You need Wkhtmltoimage to generate images from html. 
2026-03-26 12:24:04,908 72050 INFO pruebas odoo.modules.loading: loading 1 modules... 
2026-03-26 12:24:04,913 72050 INFO pruebas odoo.modules.loading: 1 modules loaded in 0.01s, 0 queries (+0 extra) 
2026-03-26 12:24:04,937 72050 INFO pruebas odoo.modules.loading: updating modules list 
2026-03-26 12:24:04,940 72050 INFO pruebas odoo.addons.base.models.ir_module: ALLOW access to module.update_list on [] to user __system__ #1 via n/a 
2026-03-26 12:24:06,674 72050 INFO pruebas odoo.addons.base.models.ir_module: ALLOW access to module.button_upgrade on ['Field Service'] to user __system__ #1 via n/a 
2026-03-26 12:24:06,675 72050 INFO pruebas odoo.addons.base.models.ir_module: ALLOW access to module.update_list on ['Field Service'] to user __system__ #1 via n/a 
2026-03-26 12:24:07,890 72050 INFO pruebas odoo.addons.base.models.ir_module: ALLOW access to module.button_install on [] to user __system__ #1 via n/a 
2026-03-26 12:24:07,928 72050 INFO pruebas odoo.modules.loading: loading 80 modules... 
2026-03-26 12:24:08,300 72050 INFO pruebas odoo.modules.loading: Loading module fieldservice (37/80) 
2026-03-26 12:24:08,459 72050 INFO pruebas odoo.modules.registry: module fieldservice: creating or updating database tables 
2026-03-26 12:24:08,773 72050 INFO pruebas odoo.modules.loading: loading fieldservice/data/ir_sequence.xml 
2026-03-26 12:24:08,776 72050 INFO pruebas odoo.modules.loading: loading fieldservice/data/mail_message_subtype.xml 
2026-03-26 12:24:08,787 72050 INFO pruebas odoo.modules.loading: loading fieldservice/data/module_category.xml 
2026-03-26 12:24:08,790 72050 INFO pruebas odoo.modules.loading: loading fieldservice/data/fsm_stage.xml 
2026-03-26 12:24:08,795 72050 INFO pruebas odoo.modules.loading: loading fieldservice/data/fsm_team.xml 
2026-03-26 12:24:08,798 72050 INFO pruebas odoo.modules.loading: loading fieldservice/security/res_groups.xml 
2026-03-26 12:24:08,977 72050 INFO pruebas odoo.modules.loading: loading fieldservice/security/ir.model.access.csv 
2026-03-26 12:24:09,023 72050 INFO pruebas odoo.modules.loading: loading fieldservice/security/ir_rule.xml 
2026-03-26 12:24:09,087 72050 INFO pruebas odoo.modules.loading: loading fieldservice/report/fsm_order_report_template.xml 
2026-03-26 12:24:09,102 72050 INFO pruebas odoo.modules.loading: loading fieldservice/views/res_config_settings.xml 
2026-03-26 12:24:09,142 72050 INFO pruebas odoo.modules.loading: loading fieldservice/views/res_territory.xml 
2026-03-26 12:24:09,157 72050 INFO pruebas odoo.modules.loading: loading fieldservice/views/fsm_stage.xml 
2026-03-26 12:24:09,185 72050 INFO pruebas odoo.modules.loading: loading fieldservice/views/fsm_tag.xml 
2026-03-26 12:24:09,201 72050 INFO pruebas odoo.modules.loading: loading fieldservice/views/res_partner.xml 
2026-03-26 12:24:09,237 72050 INFO pruebas odoo.modules.loading: loading fieldservice/views/fsm_location.xml 
2026-03-26 12:24:09,283 72050 INFO pruebas odoo.modules.loading: loading fieldservice/views/fsm_location_person.xml 
2026-03-26 12:24:09,302 72050 INFO pruebas odoo.modules.loading: loading fieldservice/views/fsm_person.xml 
2026-03-26 12:24:09,332 72050 INFO pruebas odoo.modules.loading: loading fieldservice/wizard/fsm_order_sign_wizard.xml 
2026-03-26 12:24:09,348 72050 INFO pruebas odoo.modules.loading: loading fieldservice/views/fsm_order.xml 
2026-03-26 12:24:09,405 72050 INFO pruebas odoo.modules.loading: loading fieldservice/views/fsm_order_type.xml 
2026-03-26 12:24:09,421 72050 INFO pruebas odoo.modules.loading: loading fieldservice/views/fsm_category.xml 
2026-03-26 12:24:09,438 72050 INFO pruebas odoo.modules.loading: loading fieldservice/views/fsm_equipment.xml 
2026-03-26 12:24:09,486 72050 INFO pruebas odoo.modules.loading: loading fieldservice/views/fsm_template.xml 
2026-03-26 12:24:09,502 72050 INFO pruebas odoo.modules.loading: loading fieldservice/views/fsm_team.xml 
2026-03-26 12:24:09,535 72050 INFO pruebas odoo.modules.loading: loading fieldservice/views/menu.xml 
2026-03-26 12:24:09,664 72050 INFO pruebas odoo.modules.loading: loading fieldservice/wizard/fsm_wizard.xml 
2026-03-26 12:24:09,707 72050 INFO pruebas odoo.modules.loading: Module fieldservice loaded in 1.41s, 1253 queries (+1253 other) 
2026-03-26 12:24:10,001 72050 INFO pruebas odoo.modules.loading: 80 modules loaded in 2.07s, 1253 queries (+1253 extra) 
2026-03-26 12:24:10,456 72050 INFO pruebas odoo.modules.loading: Model crm.iap.lead.helpers is declared but cannot be loaded! (Perhaps a module was partially removed or renamed) 
2026-03-26 12:24:10,456 72050 INFO pruebas odoo.modules.loading: Model crm.iap.lead.industry is declared but cannot be loaded! (Perhaps a module was partially removed or renamed) 
2026-03-26 12:24:10,456 72050 INFO pruebas odoo.modules.loading: Model crm.iap.lead.role is declared but cannot be loaded! (Perhaps a module was partially removed or renamed) 
2026-03-26 12:24:10,456 72050 INFO pruebas odoo.modules.loading: Model crm.iap.lead.seniority is declared but cannot be loaded! (Perhaps a module was partially removed or renamed) 
2026-03-26 12:24:10,457 72050 INFO pruebas odoo.modules.loading: Model crm.iap.lead.mining.request is declared but cannot be loaded! (Perhaps a module was partially removed or renamed) 
2026-03-26 12:24:10,682 72050 INFO pruebas odoo.modules.registry: verifying fields for every extended model 
2026-03-26 12:24:10,793 72050 WARNING pruebas odoo.addons.base.models.ir_model: Two fields (relationship_type_id, relationship_type) of res.users() have the same label: Tipo de relación. [Modules: None and None] 
2026-03-26 12:24:10,794 72050 WARNING pruebas odoo.addons.base.models.ir_model: Two fields (contract_incidents_cobro, billing_incidents_cobro) of res.users() have the same label: Incidencias cobro. [Modules: None and None] 
2026-03-26 12:24:10,794 72050 WARNING pruebas odoo.addons.base.models.ir_model: Two fields (relationship_type_id, relationship_type) of res.partner() have the same label: Tipo de relación. [Modules: crm and crm] 
2026-03-26 12:24:10,794 72050 WARNING pruebas odoo.addons.base.models.ir_model: Two fields (contract_incidents_cobro, billing_incidents_cobro) of res.partner() have the same label: Incidencias cobro. [Modules: crm and crm] 
2026-03-26 12:24:10,794 72050 WARNING pruebas odoo.addons.base.models.ir_model: Two fields (relationship_type_id, relationship_type) of fsm.location() have the same label: Tipo de relación. [Modules: None and None] 
2026-03-26 12:24:10,794 72050 WARNING pruebas odoo.addons.base.models.ir_model: Two fields (contract_incidents_cobro, billing_incidents_cobro) of fsm.location() have the same label: Incidencias cobro. [Modules: None and None] 
2026-03-26 12:24:10,794 72050 WARNING pruebas odoo.addons.base.models.ir_model: Two fields (relationship_type_id, relationship_type) of fsm.person() have the same label: Tipo de relación. [Modules: None and None] 
2026-03-26 12:24:10,794 72050 WARNING pruebas odoo.addons.base.models.ir_model: Two fields (contract_incidents_cobro, billing_incidents_cobro) of fsm.person() have the same label: Incidencias cobro. [Modules: None and None] 
2026-03-26 12:24:11,753 72050 INFO pruebas odoo.modules.loading: Modules loaded. 
2026-03-26 12:24:11,760 72050 INFO pruebas odoo.modules.registry: Registry changed, signaling through the database 
2026-03-26 12:24:11,761 72050 INFO pruebas odoo.modules.registry: Registry loaded in 6.888s 
2026-03-26 12:24:11,762 72050 INFO pruebas odoo.service.server: Initiating shutdown 
2026-03-26 12:24:11,762 72050 INFO pruebas odoo.service.server: Hit CTRL-C again or send a second signal to force the shutdown. 
2026-03-26 12:24:11,762 72050 INFO pruebas odoo.sql_db: ConnectionPool(read/write;used=0/count=0/max=64): Closed 1 connections  
2026-03-26 12:27:40,335 73016 INFO ? odoo: Odoo version 18.0 
2026-03-26 12:27:40,336 73016 INFO ? odoo: Using configuration file at /home/pablo/odoo/debian/odoo.conf 
2026-03-26 12:27:40,336 73016 INFO ? odoo: addons paths: ['/home/pablo/odoo/odoo/addons', '/home/pablo/.local/share/Odoo/addons/18.0', '/home/pablo/odoo/addons', '/home/pablo/odoo/custom', '/home/pablo/odoo/custom/field-service', '/home/pablo/odoo/custom/product-attribute', '/home/pablo/odoo/custom/rma', '/home/pablo/odoo/custom/helpdesk'] 
2026-03-26 12:27:40,336 73016 INFO ? odoo: database: pablo@localhost:5432 
2026-03-26 12:27:40,505 73016 INFO ? odoo.addons.base.models.ir_actions_report: You need Wkhtmltopdf to print a pdf version of the reports. 
2026-03-26 12:27:40,522 73016 INFO ? odoo.addons.base.models.ir_actions_report: You need Wkhtmltoimage to generate images from html. 
2026-03-26 12:27:40,712 73016 INFO pruebas odoo.modules.loading: loading 1 modules... 
2026-03-26 12:27:40,718 73016 INFO pruebas odoo.modules.loading: 1 modules loaded in 0.01s, 0 queries (+0 extra) 
2026-03-26 12:27:40,745 73016 INFO pruebas odoo.modules.loading: updating modules list 
2026-03-26 12:27:40,747 73016 INFO pruebas odoo.addons.base.models.ir_module: ALLOW access to module.update_list on [] to user __system__ #1 via n/a 
2026-03-26 12:27:42,144 73016 INFO pruebas odoo.addons.base.models.ir_module: ALLOW access to module.button_upgrade on ['Base Territory', 'Field Service', 'Helpdesk Management'] to user __system__ #1 via n/a 
2026-03-26 12:27:42,144 73016 INFO pruebas odoo.addons.base.models.ir_module: ALLOW access to module.update_list on ['Base Territory', 'Field Service', 'Helpdesk Management'] to user __system__ #1 via n/a 
2026-03-26 12:27:43,153 73016 INFO pruebas odoo.addons.base.models.ir_module: ALLOW access to module.button_install on [] to user __system__ #1 via n/a 
2026-03-26 12:27:43,201 73016 INFO pruebas odoo.modules.loading: loading 80 modules... 
2026-03-26 12:27:43,202 73016 INFO pruebas odoo.modules.loading: Loading module base_territory (2/80) 
2026-03-26 12:27:43,246 73016 INFO pruebas odoo.modules.registry: module base_territory: creating or updating database tables 
2026-03-26 12:27:43,300 73016 INFO pruebas odoo.modules.loading: loading base_territory/security/ir.model.access.csv 
2026-03-26 12:27:43,315 73016 INFO pruebas odoo.modules.loading: loading base_territory/views/res_territory.xml 
2026-03-26 12:27:43,337 73016 INFO pruebas odoo.modules.loading: loading base_territory/views/res_branch.xml 
2026-03-26 12:27:43,350 73016 INFO pruebas odoo.modules.loading: loading base_territory/views/res_district.xml 
2026-03-26 12:27:43,364 73016 INFO pruebas odoo.modules.loading: loading base_territory/views/res_region.xml 
2026-03-26 12:27:43,378 73016 INFO pruebas odoo.modules.loading: loading base_territory/views/res_country.xml 
2026-03-26 12:27:43,394 73016 INFO pruebas odoo.modules.loading: loading base_territory/views/menu.xml 
2026-03-26 12:27:43,435 73016 INFO pruebas odoo.modules.loading: Module base_territory loaded in 0.23s, 221 queries (+221 other) 
2026-03-26 12:27:43,770 73016 INFO pruebas odoo.modules.loading: Loading module fieldservice (37/80) 
2026-03-26 12:27:43,923 73016 INFO pruebas odoo.modules.registry: module fieldservice: creating or updating database tables 
2026-03-26 12:27:44,215 73016 INFO pruebas odoo.modules.loading: loading fieldservice/data/ir_sequence.xml 
2026-03-26 12:27:44,218 73016 INFO pruebas odoo.modules.loading: loading fieldservice/data/mail_message_subtype.xml 
2026-03-26 12:27:44,227 73016 INFO pruebas odoo.modules.loading: loading fieldservice/data/module_category.xml 
2026-03-26 12:27:44,230 73016 INFO pruebas odoo.modules.loading: loading fieldservice/data/fsm_stage.xml 
2026-03-26 12:27:44,234 73016 INFO pruebas odoo.modules.loading: loading fieldservice/data/fsm_team.xml 
2026-03-26 12:27:44,237 73016 INFO pruebas odoo.modules.loading: loading fieldservice/security/res_groups.xml 
2026-03-26 12:27:44,406 73016 INFO pruebas odoo.modules.loading: loading fieldservice/security/ir.model.access.csv 
2026-03-26 12:27:44,457 73016 INFO pruebas odoo.modules.loading: loading fieldservice/security/ir_rule.xml 
2026-03-26 12:27:44,518 73016 INFO pruebas odoo.modules.loading: loading fieldservice/report/fsm_order_report_template.xml 
2026-03-26 12:27:44,534 73016 INFO pruebas odoo.modules.loading: loading fieldservice/views/res_config_settings.xml 
2026-03-26 12:27:44,575 73016 INFO pruebas odoo.modules.loading: loading fieldservice/views/res_territory.xml 
2026-03-26 12:27:44,590 73016 INFO pruebas odoo.modules.loading: loading fieldservice/views/fsm_stage.xml 
2026-03-26 12:27:44,623 73016 INFO pruebas odoo.modules.loading: loading fieldservice/views/fsm_tag.xml 
2026-03-26 12:27:44,638 73016 INFO pruebas odoo.modules.loading: loading fieldservice/views/res_partner.xml 
2026-03-26 12:27:44,670 73016 INFO pruebas odoo.modules.loading: loading fieldservice/views/fsm_location.xml 
2026-03-26 12:27:44,716 73016 INFO pruebas odoo.modules.loading: loading fieldservice/views/fsm_location_person.xml 
2026-03-26 12:27:44,735 73016 INFO pruebas odoo.modules.loading: loading fieldservice/views/fsm_person.xml 
2026-03-26 12:27:44,759 73016 INFO pruebas odoo.modules.loading: loading fieldservice/wizard/fsm_order_sign_wizard.xml 
2026-03-26 12:27:44,772 73016 INFO pruebas odoo.modules.loading: loading fieldservice/views/fsm_order.xml 
2026-03-26 12:27:44,830 73016 INFO pruebas odoo.modules.loading: loading fieldservice/views/fsm_order_type.xml 
2026-03-26 12:27:44,848 73016 INFO pruebas odoo.modules.loading: loading fieldservice/views/fsm_category.xml 
2026-03-26 12:27:44,865 73016 INFO pruebas odoo.modules.loading: loading fieldservice/views/fsm_equipment.xml 
2026-03-26 12:27:44,930 73016 INFO pruebas odoo.modules.loading: loading fieldservice/views/fsm_template.xml 
2026-03-26 12:27:44,948 73016 INFO pruebas odoo.modules.loading: loading fieldservice/views/fsm_team.xml 
2026-03-26 12:27:44,985 73016 INFO pruebas odoo.modules.loading: loading fieldservice/views/menu.xml 
2026-03-26 12:27:45,142 73016 INFO pruebas odoo.modules.loading: loading fieldservice/wizard/fsm_wizard.xml 
2026-03-26 12:27:45,181 73016 INFO pruebas odoo.modules.loading: Module fieldservice loaded in 1.41s, 1254 queries (+1254 other) 
2026-03-26 12:27:45,395 73016 INFO pruebas odoo.modules.loading: Loading module helpdesk_mgmt (66/80) 
2026-03-26 12:27:45,753 73016 INFO pruebas odoo.modules.registry: module helpdesk_mgmt: creating or updating database tables 
2026-03-26 12:27:45,917 73016 WARNING pruebas odoo.addons.base.models.ir_model: Two fields (relationship_type_id, relationship_type) of res.partner() have the same label: Tipo de relación. [Modules: crm and crm] 
2026-03-26 12:27:45,917 73016 WARNING pruebas odoo.addons.base.models.ir_model: Two fields (contract_incidents_cobro, billing_incidents_cobro) of res.partner() have the same label: Incidencias cobro. [Modules: crm and crm] 
2026-03-26 12:27:45,917 73016 WARNING pruebas odoo.addons.base.models.ir_model: Two fields (relationship_type_id, relationship_type) of res.users() have the same label: Tipo de relación. [Modules: None and None] 
2026-03-26 12:27:45,917 73016 WARNING pruebas odoo.addons.base.models.ir_model: Two fields (contract_incidents_cobro, billing_incidents_cobro) of res.users() have the same label: Incidencias cobro. [Modules: None and None] 
2026-03-26 12:27:45,918 73016 WARNING pruebas odoo.addons.base.models.ir_model: Two fields (relationship_type_id, relationship_type) of fsm.person() have the same label: Tipo de relación. [Modules: None and None] 
2026-03-26 12:27:45,918 73016 WARNING pruebas odoo.addons.base.models.ir_model: Two fields (contract_incidents_cobro, billing_incidents_cobro) of fsm.person() have the same label: Incidencias cobro. [Modules: None and None] 
2026-03-26 12:27:45,918 73016 WARNING pruebas odoo.addons.base.models.ir_model: Two fields (relationship_type_id, relationship_type) of fsm.location() have the same label: Tipo de relación. [Modules: None and None] 
2026-03-26 12:27:45,918 73016 WARNING pruebas odoo.addons.base.models.ir_model: Two fields (contract_incidents_cobro, billing_incidents_cobro) of fsm.location() have the same label: Incidencias cobro. [Modules: None and None] 
2026-03-26 12:27:46,128 73016 INFO pruebas odoo.modules.loading: loading helpdesk_mgmt/data/helpdesk_data.xml 
2026-03-26 12:27:46,172 73016 INFO pruebas odoo.modules.loading: loading helpdesk_mgmt/security/helpdesk_security.xml 
2026-03-26 12:27:46,308 73016 INFO pruebas odoo.modules.loading: loading helpdesk_mgmt/security/ir.model.access.csv 
2026-03-26 12:27:46,388 73016 INFO pruebas odoo.modules.loading: loading helpdesk_mgmt/views/res_partner_views.xml 
2026-03-26 12:27:46,434 73016 INFO pruebas odoo.modules.loading: loading helpdesk_mgmt/views/res_config_settings_views.xml 
2026-03-26 12:27:46,486 73016 INFO pruebas odoo.modules.loading: loading helpdesk_mgmt/views/helpdesk_ticket_templates.xml 
2026-03-26 12:27:46,566 73016 INFO pruebas odoo.modules.loading: loading helpdesk_mgmt/views/helpdesk_ticket_time_line_views.xml 
2026-03-26 12:27:46,574 73016 INFO pruebas odoo.modules.loading: loading helpdesk_mgmt/views/helpdesk_ticket_views.xml 
2026-03-26 12:27:46,649 73016 INFO pruebas odoo.modules.loading: loading helpdesk_mgmt/views/helpdesk_ticket_graph_views.xml 
2026-03-26 12:27:46,683 73016 INFO pruebas odoo.modules.loading: loading helpdesk_mgmt/views/helpdesk_ticket_board_dashboard_views.xml 
2026-03-26 12:27:46,695 73016 INFO pruebas odoo.modules.loading: loading helpdesk_mgmt/views/helpdesk_ticket_menu.xml 
2026-03-26 12:27:46,837 73016 INFO pruebas odoo.modules.loading: loading helpdesk_mgmt/views/helpdesk_ticket_ot_views.xml 
2026-03-26 12:27:46,897 73016 INFO pruebas odoo.modules.loading: loading helpdesk_mgmt/views/helpdesk_ticket_team_views.xml 
2026-03-26 12:27:46,919 73016 INFO pruebas odoo.modules.loading: loading helpdesk_mgmt/views/helpdesk_ticket_stage_views.xml 
2026-03-26 12:27:46,936 73016 INFO pruebas odoo.modules.loading: loading helpdesk_mgmt/views/helpdesk_ticket_category_views.xml 
2026-03-26 12:27:46,954 73016 INFO pruebas odoo.modules.loading: loading helpdesk_mgmt/views/helpdesk_ticket_channel_views.xml 
2026-03-26 12:27:46,973 73016 INFO pruebas odoo.modules.loading: loading helpdesk_mgmt/views/helpdesk_ticket_tag_views.xml 
2026-03-26 12:27:46,990 73016 INFO pruebas odoo.modules.loading: loading helpdesk_mgmt/views/helpdesk_dashboard_views.xml 
2026-03-26 12:27:47,002 73016 INFO pruebas odoo.modules.loading: loading helpdesk_mgmt/wizards/helpdesk_ticket_duplicate_wizard_views.xml 
2026-03-26 12:27:47,044 73016 INFO pruebas odoo.modules.loading: Module helpdesk_mgmt loaded in 1.65s, 1299 queries (+1299 other) 
2026-03-26 12:27:47,098 73016 INFO pruebas odoo.modules.loading: 80 modules loaded in 3.90s, 2774 queries (+2774 extra) 
2026-03-26 12:27:47,483 73016 INFO pruebas odoo.modules.loading: Model crm.iap.lead.helpers is declared but cannot be loaded! (Perhaps a module was partially removed or renamed) 
2026-03-26 12:27:47,483 73016 INFO pruebas odoo.modules.loading: Model crm.iap.lead.industry is declared but cannot be loaded! (Perhaps a module was partially removed or renamed) 
2026-03-26 12:27:47,484 73016 INFO pruebas odoo.modules.loading: Model crm.iap.lead.role is declared but cannot be loaded! (Perhaps a module was partially removed or renamed) 
2026-03-26 12:27:47,484 73016 INFO pruebas odoo.modules.loading: Model crm.iap.lead.seniority is declared but cannot be loaded! (Perhaps a module was partially removed or renamed) 
2026-03-26 12:27:47,484 73016 INFO pruebas odoo.modules.loading: Model crm.iap.lead.mining.request is declared but cannot be loaded! (Perhaps a module was partially removed or renamed) 
2026-03-26 12:27:47,687 73016 INFO pruebas odoo.modules.registry: verifying fields for every extended model 
2026-03-26 12:27:47,796 73016 WARNING pruebas odoo.addons.base.models.ir_model: Two fields (relationship_type_id, relationship_type) of fsm.location() have the same label: Tipo de relación. [Modules: None and None] 
2026-03-26 12:27:47,796 73016 WARNING pruebas odoo.addons.base.models.ir_model: Two fields (contract_incidents_cobro, billing_incidents_cobro) of fsm.location() have the same label: Incidencias cobro. [Modules: None and None] 
2026-03-26 12:27:47,796 73016 WARNING pruebas odoo.addons.base.models.ir_model: Two fields (relationship_type_id, relationship_type) of res.users() have the same label: Tipo de relación. [Modules: None and None] 
2026-03-26 12:27:47,797 73016 WARNING pruebas odoo.addons.base.models.ir_model: Two fields (contract_incidents_cobro, billing_incidents_cobro) of res.users() have the same label: Incidencias cobro. [Modules: None and None] 
2026-03-26 12:27:47,797 73016 WARNING pruebas odoo.addons.base.models.ir_model: Two fields (relationship_type_id, relationship_type) of res.partner() have the same label: Tipo de relación. [Modules: crm and crm] 
2026-03-26 12:27:47,797 73016 WARNING pruebas odoo.addons.base.models.ir_model: Two fields (contract_incidents_cobro, billing_incidents_cobro) of res.partner() have the same label: Incidencias cobro. [Modules: crm and crm] 
2026-03-26 12:27:47,797 73016 WARNING pruebas odoo.addons.base.models.ir_model: Two fields (relationship_type_id, relationship_type) of fsm.person() have the same label: Tipo de relación. [Modules: None and None] 
2026-03-26 12:27:47,797 73016 WARNING pruebas odoo.addons.base.models.ir_model: Two fields (contract_incidents_cobro, billing_incidents_cobro) of fsm.person() have the same label: Incidencias cobro. [Modules: None and None] 
2026-03-26 12:27:48,824 73016 INFO pruebas odoo.modules.loading: Modules loaded. 
2026-03-26 12:27:48,831 73016 INFO pruebas odoo.modules.registry: Registry changed, signaling through the database 
2026-03-26 12:27:48,832 73016 INFO pruebas odoo.modules.registry: Registry loaded in 8.149s 
2026-03-26 12:27:48,833 73016 INFO pruebas odoo.service.server: Initiating shutdown 
2026-03-26 12:27:48,833 73016 INFO pruebas odoo.service.server: Hit CTRL-C again or send a second signal to force the shutdown. 
2026-03-26 12:27:48,833 73016 INFO pruebas odoo.sql_db: ConnectionPool(read/write;used=0/count=0/max=64): Closed 1 connections  
2026-03-26 12:29:47,253 73800 INFO ? odoo: Odoo version 18.0 
2026-03-26 12:29:47,253 73800 INFO ? odoo: Using configuration file at /home/pablo/odoo/debian/odoo.conf 
2026-03-26 12:29:47,253 73800 INFO ? odoo: addons paths: ['/home/pablo/odoo/odoo/addons', '/home/pablo/.local/share/Odoo/addons/18.0', '/home/pablo/odoo/addons', '/home/pablo/odoo/custom', '/home/pablo/odoo/custom/field-service', '/home/pablo/odoo/custom/product-attribute', '/home/pablo/odoo/custom/rma', '/home/pablo/odoo/custom/helpdesk'] 
2026-03-26 12:29:47,254 73800 INFO ? odoo: database: pablo@localhost:5432 
2026-03-26 12:29:47,442 73800 INFO ? odoo.addons.base.models.ir_actions_report: You need Wkhtmltopdf to print a pdf version of the reports. 
2026-03-26 12:29:47,468 73800 INFO ? odoo.addons.base.models.ir_actions_report: You need Wkhtmltoimage to generate images from html. 
2026-03-26 12:29:47,631 73800 INFO pruebas odoo.modules.loading: loading 1 modules... 
2026-03-26 12:29:47,636 73800 INFO pruebas odoo.modules.loading: 1 modules loaded in 0.01s, 0 queries (+0 extra) 
2026-03-26 12:29:47,661 73800 INFO pruebas odoo.modules.loading: updating modules list 
2026-03-26 12:29:47,664 73800 INFO pruebas odoo.addons.base.models.ir_module: ALLOW access to module.update_list on [] to user __system__ #1 via n/a 
2026-03-26 12:29:49,025 73800 INFO pruebas odoo.addons.base.models.ir_module: ALLOW access to module.button_upgrade on ['CRM', 'Base Territory', 'Field Service', 'Helpdesk Management', 'Clientes'] to user __system__ #1 via n/a 
2026-03-26 12:29:49,025 73800 INFO pruebas odoo.addons.base.models.ir_module: ALLOW access to module.update_list on ['CRM', 'Base Territory', 'Field Service', 'Helpdesk Management', 'Clientes'] to user __system__ #1 via n/a 
2026-03-26 12:29:50,009 73800 INFO pruebas odoo.addons.base.models.ir_module: ALLOW access to module.button_install on [] to user __system__ #1 via n/a 
2026-03-26 12:29:50,078 73800 INFO pruebas odoo.modules.loading: loading 80 modules... 
2026-03-26 12:29:50,078 73800 INFO pruebas odoo.modules.loading: Loading module base_territory (2/80) 
2026-03-26 12:29:50,124 73800 INFO pruebas odoo.modules.registry: module base_territory: creating or updating database tables 
2026-03-26 12:29:50,177 73800 INFO pruebas odoo.modules.loading: loading base_territory/security/ir.model.access.csv 
2026-03-26 12:29:50,195 73800 INFO pruebas odoo.modules.loading: loading base_territory/views/res_territory.xml 
2026-03-26 12:29:50,217 73800 INFO pruebas odoo.modules.loading: loading base_territory/views/res_branch.xml 
2026-03-26 12:29:50,229 73800 INFO pruebas odoo.modules.loading: loading base_territory/views/res_district.xml 
2026-03-26 12:29:50,242 73800 INFO pruebas odoo.modules.loading: loading base_territory/views/res_region.xml 
2026-03-26 12:29:50,258 73800 INFO pruebas odoo.modules.loading: loading base_territory/views/res_country.xml 
2026-03-26 12:29:50,277 73800 INFO pruebas odoo.modules.loading: loading base_territory/views/menu.xml 
2026-03-26 12:29:50,311 73800 INFO pruebas odoo.modules.loading: Module base_territory loaded in 0.23s, 221 queries (+221 other) 
2026-03-26 12:29:50,589 73800 INFO pruebas odoo.modules.loading: Loading module contacts (27/80) 
2026-03-26 12:29:50,689 73800 INFO pruebas odoo.modules.registry: module contacts: creating or updating database tables 
2026-03-26 12:29:50,792 73800 INFO pruebas odoo.modules.loading: loading contacts/views/contact_views.xml 
2026-03-26 12:29:50,916 73800 INFO pruebas odoo.modules.loading: Module contacts loaded in 0.33s, 255 queries (+255 other) 
2026-03-26 12:29:50,973 73800 INFO pruebas odoo.modules.loading: Loading module fieldservice (37/80) 
2026-03-26 12:29:51,126 73800 INFO pruebas odoo.modules.registry: module fieldservice: creating or updating database tables 
2026-03-26 12:29:51,425 73800 INFO pruebas odoo.modules.loading: loading fieldservice/data/ir_sequence.xml 
2026-03-26 12:29:51,428 73800 INFO pruebas odoo.modules.loading: loading fieldservice/data/mail_message_subtype.xml 
2026-03-26 12:29:51,436 73800 INFO pruebas odoo.modules.loading: loading fieldservice/data/module_category.xml 
2026-03-26 12:29:51,439 73800 INFO pruebas odoo.modules.loading: loading fieldservice/data/fsm_stage.xml 
2026-03-26 12:29:51,443 73800 INFO pruebas odoo.modules.loading: loading fieldservice/data/fsm_team.xml 
2026-03-26 12:29:51,446 73800 INFO pruebas odoo.modules.loading: loading fieldservice/security/res_groups.xml 
2026-03-26 12:29:51,650 73800 INFO pruebas odoo.modules.loading: loading fieldservice/security/ir.model.access.csv 
2026-03-26 12:29:51,696 73800 INFO pruebas odoo.modules.loading: loading fieldservice/security/ir_rule.xml 
2026-03-26 12:29:51,747 73800 INFO pruebas odoo.modules.loading: loading fieldservice/report/fsm_order_report_template.xml 
2026-03-26 12:29:51,765 73800 INFO pruebas odoo.modules.loading: loading fieldservice/views/res_config_settings.xml 
2026-03-26 12:29:51,800 73800 INFO pruebas odoo.modules.loading: loading fieldservice/views/res_territory.xml 
2026-03-26 12:29:51,814 73800 INFO pruebas odoo.modules.loading: loading fieldservice/views/fsm_stage.xml 
2026-03-26 12:29:51,849 73800 INFO pruebas odoo.modules.loading: loading fieldservice/views/fsm_tag.xml 
2026-03-26 12:29:51,864 73800 INFO pruebas odoo.modules.loading: loading fieldservice/views/res_partner.xml 
2026-03-26 12:29:51,895 73800 INFO pruebas odoo.modules.loading: loading fieldservice/views/fsm_location.xml 
2026-03-26 12:29:51,938 73800 INFO pruebas odoo.modules.loading: loading fieldservice/views/fsm_location_person.xml 
2026-03-26 12:29:51,961 73800 INFO pruebas odoo.modules.loading: loading fieldservice/views/fsm_person.xml 
2026-03-26 12:29:51,990 73800 INFO pruebas odoo.modules.loading: loading fieldservice/wizard/fsm_order_sign_wizard.xml 
2026-03-26 12:29:52,004 73800 INFO pruebas odoo.modules.loading: loading fieldservice/views/fsm_order.xml 
2026-03-26 12:29:52,084 73800 INFO pruebas odoo.modules.loading: loading fieldservice/views/fsm_order_type.xml 
2026-03-26 12:29:52,105 73800 INFO pruebas odoo.modules.loading: loading fieldservice/views/fsm_category.xml 
2026-03-26 12:29:52,127 73800 INFO pruebas odoo.modules.loading: loading fieldservice/views/fsm_equipment.xml 
2026-03-26 12:29:52,193 73800 INFO pruebas odoo.modules.loading: loading fieldservice/views/fsm_template.xml 
2026-03-26 12:29:52,211 73800 INFO pruebas odoo.modules.loading: loading fieldservice/views/fsm_team.xml 
2026-03-26 12:29:52,246 73800 INFO pruebas odoo.modules.loading: loading fieldservice/views/menu.xml 
2026-03-26 12:29:52,403 73800 INFO pruebas odoo.modules.loading: loading fieldservice/wizard/fsm_wizard.xml 
2026-03-26 12:29:52,450 73800 INFO pruebas odoo.modules.loading: Module fieldservice loaded in 1.48s, 1253 queries (+1253 other) 
2026-03-26 12:29:52,566 73800 INFO pruebas odoo.modules.loading: Loading module crm (48/80) 
2026-03-26 12:29:52,858 73800 INFO pruebas odoo.modules.registry: module crm: creating or updating database tables 
2026-03-26 12:29:53,056 73800 WARNING pruebas odoo.addons.base.models.ir_model: Two fields (relationship_type_id, relationship_type) of res.users() have the same label: Tipo de relación. [Modules: None and None] 
2026-03-26 12:29:53,056 73800 WARNING pruebas odoo.addons.base.models.ir_model: Two fields (contract_incidents_cobro, billing_incidents_cobro) of res.users() have the same label: Incidencias cobro. [Modules: None and None] 
2026-03-26 12:29:53,056 73800 WARNING pruebas odoo.addons.base.models.ir_model: Two fields (relationship_type_id, relationship_type) of res.partner() have the same label: Tipo de relación. [Modules: crm and crm] 
2026-03-26 12:29:53,057 73800 WARNING pruebas odoo.addons.base.models.ir_model: Two fields (contract_incidents_cobro, billing_incidents_cobro) of res.partner() have the same label: Incidencias cobro. [Modules: crm and crm] 
2026-03-26 12:29:53,057 73800 WARNING pruebas odoo.addons.base.models.ir_model: Two fields (relationship_type_id, relationship_type) of fsm.person() have the same label: Tipo de relación. [Modules: None and None] 
2026-03-26 12:29:53,057 73800 WARNING pruebas odoo.addons.base.models.ir_model: Two fields (contract_incidents_cobro, billing_incidents_cobro) of fsm.person() have the same label: Incidencias cobro. [Modules: None and None] 
2026-03-26 12:29:53,057 73800 WARNING pruebas odoo.addons.base.models.ir_model: Two fields (relationship_type_id, relationship_type) of fsm.location() have the same label: Tipo de relación. [Modules: None and None] 
2026-03-26 12:29:53,058 73800 WARNING pruebas odoo.addons.base.models.ir_model: Two fields (contract_incidents_cobro, billing_incidents_cobro) of fsm.location() have the same label: Incidencias cobro. [Modules: None and None] 
2026-03-26 12:29:53,360 73800 INFO pruebas odoo.modules.loading: loading crm/security/crm_security.xml 
2026-03-26 12:29:53,383 73800 INFO pruebas odoo.modules.loading: loading crm/security/ir.model.access.csv 
2026-03-26 12:29:53,471 73800 INFO pruebas odoo.modules.loading: loading crm/data/crm_lead_merge_template.xml 
2026-03-26 12:29:53,482 73800 INFO pruebas odoo.modules.loading: loading crm/data/crm_lead_prediction_data.xml 
2026-03-26 12:29:53,502 73800 INFO pruebas odoo.modules.loading: loading crm/data/crm_lost_reason_data.xml 
2026-03-26 12:29:53,507 73800 INFO pruebas odoo.modules.loading: loading crm/data/crm_stage_data.xml 
2026-03-26 12:29:53,515 73800 INFO pruebas odoo.modules.loading: loading crm/data/crm_team_data.xml 
2026-03-26 12:29:53,524 73800 INFO pruebas odoo.modules.loading: loading crm/data/digest_data.xml 
2026-03-26 12:29:53,553 73800 INFO pruebas odoo.modules.loading: loading crm/data/ir_action_data.xml 
2026-03-26 12:29:53,567 73800 INFO pruebas odoo.modules.loading: loading crm/data/ir_cron_data.xml 
2026-03-26 12:29:53,569 73800 INFO pruebas odoo.modules.loading: loading crm/data/crm_relationship_type_data.xml 
2026-03-26 12:29:53,576 73800 INFO pruebas odoo.modules.loading: loading crm/data/crm_payment_method_data.xml 
2026-03-26 12:29:53,581 73800 INFO pruebas odoo.modules.loading: loading crm/data/mail_message_subtype_data.xml 
2026-03-26 12:29:53,591 73800 INFO pruebas odoo.modules.loading: loading crm/data/crm_recurring_plan_data.xml 
2026-03-26 12:29:53,597 73800 INFO pruebas odoo.modules.loading: loading crm/data/crm_tour.xml 
2026-03-26 12:29:53,602 73800 INFO pruebas odoo.modules.loading: loading crm/wizard/crm_lead_lost_views.xml 
2026-03-26 12:29:53,631 73800 INFO pruebas odoo.modules.loading: loading crm/wizard/crm_lead_to_opportunity_views.xml 
2026-03-26 12:29:53,650 73800 INFO pruebas odoo.modules.loading: loading crm/wizard/crm_lead_to_opportunity_mass_views.xml 
2026-03-26 12:29:53,666 73800 INFO pruebas odoo.modules.loading: loading crm/wizard/crm_merge_opportunities_views.xml 
2026-03-26 12:29:53,682 73800 INFO pruebas odoo.modules.loading: loading crm/wizard/crm_lead_pls_update_views.xml 
2026-03-26 12:29:53,695 73800 INFO pruebas odoo.modules.loading: loading crm/wizard/LOPDDocumentWizard_views.xml 
2026-03-26 12:29:53,703 73800 INFO pruebas odoo.modules.loading: loading crm/wizard/outlook_message_wizard_views.xml 
2026-03-26 12:29:53,716 73800 INFO pruebas odoo.modules.loading: loading crm/views/calendar_views.xml 
2026-03-26 12:29:53,729 73800 INFO pruebas odoo.modules.loading: loading crm/views/crm_recurring_plan_views.xml 
2026-03-26 12:29:53,748 73800 INFO pruebas odoo.modules.loading: loading crm/views/crm_lost_reason_views.xml 
2026-03-26 12:29:53,776 73800 INFO pruebas odoo.modules.loading: loading crm/views/crm_stage_views.xml 
2026-03-26 12:29:53,798 73800 INFO pruebas odoo.modules.loading: loading crm/views/crm_lead_views.xml 
2026-03-26 12:29:54,196 73800 INFO pruebas odoo.modules.loading: loading crm/views/crm_team_member_views.xml 
2026-03-26 12:29:54,273 73800 INFO pruebas odoo.modules.loading: loading crm/views/digest_views.xml 
2026-03-26 12:29:54,306 73800 INFO pruebas odoo.modules.loading: loading crm/views/mail_activity_plan_views.xml 
2026-03-26 12:29:54,316 73800 INFO pruebas odoo.modules.loading: loading crm/views/mail_activity_views.xml 
2026-03-26 12:29:54,321 73800 INFO pruebas odoo.modules.loading: loading crm/views/res_config_settings_views.xml 
2026-03-26 12:29:54,395 73800 INFO pruebas odoo.modules.loading: loading crm/views/crm_team_views.xml 
2026-03-26 12:29:54,420 73800 INFO pruebas odoo.models.unlink: User #1 deleted ir.actions.act_window.view records with IDs: [195, 196] 
2026-03-26 12:29:54,519 73800 INFO pruebas odoo.modules.loading: loading crm/views/crm_menu_views.xml 
2026-03-26 12:29:54,642 73800 INFO pruebas odoo.modules.loading: loading crm/views/res_partner_views.xml 
2026-03-26 12:29:54,702 73800 INFO pruebas odoo.models.unlink: User #1 deleted ir.actions.act_window.view records with IDs: [197, 198, 199] 
2026-03-26 12:29:54,725 73800 INFO pruebas odoo.models.unlink: User #1 deleted ir.actions.act_window.view records with IDs: [200, 201] 
2026-03-26 12:29:54,750 73800 INFO pruebas odoo.models.unlink: User #1 deleted ir.actions.act_window.view records with IDs: [202, 203] 
2026-03-26 12:29:54,766 73800 INFO pruebas odoo.modules.loading: loading crm/views/utm_campaign_views.xml 
2026-03-26 12:29:54,793 73800 INFO pruebas odoo.modules.loading: loading crm/report/crm_activity_report_views.xml 
2026-03-26 12:29:54,824 73800 INFO pruebas odoo.modules.loading: loading crm/report/crm_opportunity_report_views.xml 
2026-03-26 12:29:54,880 73800 INFO pruebas odoo.models.unlink: User #1 deleted ir.actions.act_window.view records with IDs: [204, 205, 206] 
2026-03-26 12:29:54,890 73800 INFO pruebas odoo.models.unlink: User #1 deleted ir.actions.act_window.view records with IDs: [207, 208, 209, 210] 
2026-03-26 12:29:54,894 73800 INFO pruebas odoo.modules.loading: loading crm/views/crm_relationship_type_views.xml 
2026-03-26 12:29:54,914 73800 INFO pruebas odoo.modules.loading: loading crm/views/crm_helper_templates.xml 
2026-03-26 12:29:54,949 73800 INFO pruebas odoo.modules.loading: Module crm loaded in 2.38s, 1879 queries (+1879 other) 
2026-03-26 12:29:55,023 73800 INFO pruebas odoo.modules.loading: Loading module crm_sms (56/80) 
2026-03-26 12:29:55,371 73800 INFO pruebas odoo.modules.loading: loading crm_sms/views/crm_lead_views.xml 
2026-03-26 12:29:55,415 73800 INFO pruebas odoo.modules.loading: loading crm_sms/security/ir.model.access.csv 
2026-03-26 12:29:55,429 73800 INFO pruebas odoo.modules.loading: loading crm_sms/security/sms_security.xml 
2026-03-26 12:29:55,444 73800 INFO pruebas odoo.modules.loading: Module crm_sms loaded in 0.42s, 86 queries (+86 other) 
2026-03-26 12:29:55,444 73800 INFO pruebas odoo.modules.loading: Loading module iap_crm (57/80) 
2026-03-26 12:29:55,837 73800 INFO pruebas odoo.modules.registry: module iap_crm: creating or updating database tables 
2026-03-26 12:29:55,929 73800 INFO pruebas odoo.modules.loading: Module iap_crm loaded in 0.48s, 59 queries (+59 other) 
2026-03-26 12:29:55,929 73800 INFO pruebas odoo.modules.loading: Loading module osm_address_autocomplete (58/80) 
2026-03-26 12:29:56,280 73800 INFO pruebas odoo.modules.loading: loading osm_address_autocomplete/views/res_partner_views.xml 
2026-03-26 12:29:56,320 73800 INFO pruebas odoo.modules.loading: Module osm_address_autocomplete loaded in 0.39s, 41 queries (+41 other) 
2026-03-26 12:29:56,349 73800 INFO pruebas odoo.modules.loading: Loading module crm_iap_enrich (65/80) 
2026-03-26 12:29:56,660 73800 INFO pruebas odoo.modules.registry: module crm_iap_enrich: creating or updating database tables 
2026-03-26 12:29:56,756 73800 INFO pruebas odoo.modules.loading: loading crm_iap_enrich/data/ir_cron.xml 
2026-03-26 12:29:56,768 73800 INFO pruebas odoo.modules.loading: loading crm_iap_enrich/data/ir_action.xml 
2026-03-26 12:29:56,773 73800 INFO pruebas odoo.modules.loading: loading crm_iap_enrich/data/mail_templates.xml 
2026-03-26 12:29:56,777 73800 INFO pruebas odoo.modules.loading: loading crm_iap_enrich/views/crm_lead_views.xml 
2026-03-26 12:29:56,808 73800 INFO pruebas odoo.modules.loading: loading crm_iap_enrich/views/res_config_settings_view.xml 
2026-03-26 12:29:56,889 73800 INFO pruebas odoo.modules.loading: Module crm_iap_enrich loaded in 0.54s, 162 queries (+162 other) 
2026-03-26 12:29:56,889 73800 INFO pruebas odoo.modules.loading: Loading module helpdesk_mgmt (66/80) 
2026-03-26 12:29:57,214 73800 INFO pruebas odoo.modules.registry: module helpdesk_mgmt: creating or updating database tables 
2026-03-26 12:29:57,384 73800 WARNING pruebas odoo.addons.base.models.ir_model: Two fields (relationship_type_id, relationship_type) of res.partner() have the same label: Tipo de relación. [Modules: crm and crm] 
2026-03-26 12:29:57,384 73800 WARNING pruebas odoo.addons.base.models.ir_model: Two fields (contract_incidents_cobro, billing_incidents_cobro) of res.partner() have the same label: Incidencias cobro. [Modules: crm and crm] 
2026-03-26 12:29:57,384 73800 WARNING pruebas odoo.addons.base.models.ir_model: Two fields (relationship_type_id, relationship_type) of res.users() have the same label: Tipo de relación. [Modules: None and None] 
2026-03-26 12:29:57,384 73800 WARNING pruebas odoo.addons.base.models.ir_model: Two fields (contract_incidents_cobro, billing_incidents_cobro) of res.users() have the same label: Incidencias cobro. [Modules: None and None] 
2026-03-26 12:29:57,384 73800 WARNING pruebas odoo.addons.base.models.ir_model: Two fields (relationship_type_id, relationship_type) of fsm.person() have the same label: Tipo de relación. [Modules: None and None] 
2026-03-26 12:29:57,384 73800 WARNING pruebas odoo.addons.base.models.ir_model: Two fields (contract_incidents_cobro, billing_incidents_cobro) of fsm.person() have the same label: Incidencias cobro. [Modules: None and None] 
2026-03-26 12:29:57,384 73800 WARNING pruebas odoo.addons.base.models.ir_model: Two fields (relationship_type_id, relationship_type) of fsm.location() have the same label: Tipo de relación. [Modules: None and None] 
2026-03-26 12:29:57,384 73800 WARNING pruebas odoo.addons.base.models.ir_model: Two fields (contract_incidents_cobro, billing_incidents_cobro) of fsm.location() have the same label: Incidencias cobro. [Modules: None and None] 
2026-03-26 12:29:57,620 73800 INFO pruebas odoo.modules.loading: loading helpdesk_mgmt/data/helpdesk_data.xml 
2026-03-26 12:29:57,670 73800 INFO pruebas odoo.modules.loading: loading helpdesk_mgmt/security/helpdesk_security.xml 
2026-03-26 12:29:57,806 73800 INFO pruebas odoo.modules.loading: loading helpdesk_mgmt/security/ir.model.access.csv 
2026-03-26 12:29:57,870 73800 INFO pruebas odoo.modules.loading: loading helpdesk_mgmt/views/res_partner_views.xml 
2026-03-26 12:29:57,915 73800 INFO pruebas odoo.modules.loading: loading helpdesk_mgmt/views/res_config_settings_views.xml 
2026-03-26 12:29:57,974 73800 INFO pruebas odoo.modules.loading: loading helpdesk_mgmt/views/helpdesk_ticket_templates.xml 
2026-03-26 12:29:58,062 73800 INFO pruebas odoo.modules.loading: loading helpdesk_mgmt/views/helpdesk_ticket_time_line_views.xml 
2026-03-26 12:29:58,074 73800 INFO pruebas odoo.modules.loading: loading helpdesk_mgmt/views/helpdesk_ticket_views.xml 
2026-03-26 12:29:58,166 73800 INFO pruebas odoo.modules.loading: loading helpdesk_mgmt/views/helpdesk_ticket_graph_views.xml 
2026-03-26 12:29:58,203 73800 INFO pruebas odoo.modules.loading: loading helpdesk_mgmt/views/helpdesk_ticket_board_dashboard_views.xml 
2026-03-26 12:29:58,225 73800 INFO pruebas odoo.modules.loading: loading helpdesk_mgmt/views/helpdesk_ticket_menu.xml 
2026-03-26 12:29:58,360 73800 INFO pruebas odoo.modules.loading: loading helpdesk_mgmt/views/helpdesk_ticket_ot_views.xml 
2026-03-26 12:29:58,422 73800 INFO pruebas odoo.modules.loading: loading helpdesk_mgmt/views/helpdesk_ticket_team_views.xml 
2026-03-26 12:29:58,452 73800 INFO pruebas odoo.modules.loading: loading helpdesk_mgmt/views/helpdesk_ticket_stage_views.xml 
2026-03-26 12:29:58,474 73800 INFO pruebas odoo.modules.loading: loading helpdesk_mgmt/views/helpdesk_ticket_category_views.xml 
2026-03-26 12:29:58,499 73800 INFO pruebas odoo.modules.loading: loading helpdesk_mgmt/views/helpdesk_ticket_channel_views.xml 
2026-03-26 12:29:58,521 73800 INFO pruebas odoo.modules.loading: loading helpdesk_mgmt/views/helpdesk_ticket_tag_views.xml 
2026-03-26 12:29:58,539 73800 INFO pruebas odoo.modules.loading: loading helpdesk_mgmt/views/helpdesk_dashboard_views.xml 
2026-03-26 12:29:58,551 73800 INFO pruebas odoo.modules.loading: loading helpdesk_mgmt/wizards/helpdesk_ticket_duplicate_wizard_views.xml 
2026-03-26 12:29:58,592 73800 INFO pruebas odoo.modules.loading: Module helpdesk_mgmt loaded in 1.70s, 1293 queries (+1293 other) 
2026-03-26 12:29:58,618 73800 INFO pruebas odoo.modules.loading: Loading module sale_crm (72/80) 
2026-03-26 12:29:58,977 73800 INFO pruebas odoo.modules.registry: module sale_crm: creating or updating database tables 
2026-03-26 12:29:59,021 73800 WARNING pruebas odoo.addons.base.models.ir_model: Two fields (relationship_type_id, relationship_type) of res.users() have the same label: Tipo de relación. [Modules: None and None] 
2026-03-26 12:29:59,021 73800 WARNING pruebas odoo.addons.base.models.ir_model: Two fields (contract_incidents_cobro, billing_incidents_cobro) of res.users() have the same label: Incidencias cobro. [Modules: None and None] 
2026-03-26 12:29:59,148 73800 INFO pruebas odoo.modules.loading: loading sale_crm/security/ir.model.access.csv 
2026-03-26 12:29:59,168 73800 INFO pruebas odoo.modules.loading: loading sale_crm/data/crm_lead_merge_template.xml 
2026-03-26 12:29:59,187 73800 INFO pruebas odoo.modules.loading: loading sale_crm/views/partner_views.xml 
2026-03-26 12:29:59,253 73800 INFO pruebas odoo.modules.loading: loading sale_crm/views/sale_order_views.xml 
2026-03-26 12:29:59,308 73800 INFO pruebas odoo.modules.loading: loading sale_crm/views/crm_lead_views.xml 
2026-03-26 12:29:59,355 73800 INFO pruebas odoo.modules.loading: loading sale_crm/views/crm_team_views.xml 
2026-03-26 12:29:59,373 73800 INFO pruebas odoo.modules.loading: loading sale_crm/wizard/crm_opportunity_to_quotation_views.xml 
2026-03-26 12:29:59,404 73800 INFO pruebas odoo.modules.loading: Module sale_crm loaded in 0.79s, 274 queries (+274 other) 
2026-03-26 12:29:59,436 73800 INFO pruebas odoo.modules.loading: 80 modules loaded in 9.36s, 5523 queries (+5523 extra) 
2026-03-26 12:29:59,983 73800 INFO pruebas odoo.modules.loading: Model crm.iap.lead.helpers is declared but cannot be loaded! (Perhaps a module was partially removed or renamed) 
2026-03-26 12:29:59,983 73800 INFO pruebas odoo.modules.loading: Model crm.iap.lead.industry is declared but cannot be loaded! (Perhaps a module was partially removed or renamed) 
2026-03-26 12:29:59,984 73800 INFO pruebas odoo.modules.loading: Model crm.iap.lead.role is declared but cannot be loaded! (Perhaps a module was partially removed or renamed) 
2026-03-26 12:29:59,984 73800 INFO pruebas odoo.modules.loading: Model crm.iap.lead.seniority is declared but cannot be loaded! (Perhaps a module was partially removed or renamed) 
2026-03-26 12:29:59,984 73800 INFO pruebas odoo.modules.loading: Model crm.iap.lead.mining.request is declared but cannot be loaded! (Perhaps a module was partially removed or renamed) 
2026-03-26 12:30:00,211 73800 INFO pruebas odoo.modules.registry: verifying fields for every extended model 
2026-03-26 12:30:00,348 73800 WARNING pruebas odoo.addons.base.models.ir_model: Two fields (relationship_type_id, relationship_type) of res.users() have the same label: Tipo de relación. [Modules: None and None] 
2026-03-26 12:30:00,349 73800 WARNING pruebas odoo.addons.base.models.ir_model: Two fields (contract_incidents_cobro, billing_incidents_cobro) of res.users() have the same label: Incidencias cobro. [Modules: None and None] 
2026-03-26 12:30:00,349 73800 WARNING pruebas odoo.addons.base.models.ir_model: Two fields (relationship_type_id, relationship_type) of res.partner() have the same label: Tipo de relación. [Modules: crm and crm] 
2026-03-26 12:30:00,349 73800 WARNING pruebas odoo.addons.base.models.ir_model: Two fields (contract_incidents_cobro, billing_incidents_cobro) of res.partner() have the same label: Incidencias cobro. [Modules: crm and crm] 
2026-03-26 12:30:00,349 73800 WARNING pruebas odoo.addons.base.models.ir_model: Two fields (relationship_type_id, relationship_type) of fsm.person() have the same label: Tipo de relación. [Modules: None and None] 
2026-03-26 12:30:00,349 73800 WARNING pruebas odoo.addons.base.models.ir_model: Two fields (contract_incidents_cobro, billing_incidents_cobro) of fsm.person() have the same label: Incidencias cobro. [Modules: None and None] 
2026-03-26 12:30:00,350 73800 WARNING pruebas odoo.addons.base.models.ir_model: Two fields (relationship_type_id, relationship_type) of fsm.location() have the same label: Tipo de relación. [Modules: None and None] 
2026-03-26 12:30:00,350 73800 WARNING pruebas odoo.addons.base.models.ir_model: Two fields (contract_incidents_cobro, billing_incidents_cobro) of fsm.location() have the same label: Incidencias cobro. [Modules: None and None] 
2026-03-26 12:30:01,410 73800 INFO pruebas odoo.modules.loading: Modules loaded. 
2026-03-26 12:30:01,417 73800 INFO pruebas odoo.modules.registry: Registry changed, signaling through the database 
2026-03-26 12:30:01,418 73800 INFO pruebas odoo.modules.registry: Registry loaded in 13.823s 
2026-03-26 12:30:01,419 73800 INFO pruebas odoo.service.server: Initiating shutdown 
2026-03-26 12:30:01,419 73800 INFO pruebas odoo.service.server: Hit CTRL-C again or send a second signal to force the shutdown. 
2026-03-26 12:30:01,419 73800 INFO pruebas odoo.sql_db: ConnectionPool(read/write;used=0/count=0/max=64): Closed 1 connections  
