2026-03-05 01:13:15,565 15024 INFO ? odoo: Odoo version 19.0 
2026-03-05 01:13:15,566 15024 INFO ? odoo: Using configuration file at c:\users\ander\onedrive\documentos\github\odoo\kore.conf 
2026-03-05 01:13:15,566 15024 INFO ? odoo: addons paths: _NamespacePath(['C:\\Users\\ander\\OneDrive\\Documentos\\GitHub\\odoo\\odoo\\addons', 'c:\\users\\ander\\onedrive\\documentos\\github\\odoo\\odoo\\addons', 'c:\\users\\ander\\onedrive\\documentos\\github\\odoo\\addons', 'c:\\users\\ander\\onedrive\\documentos\\github\\odoo\\custom_addons', 'c:\\users\\ander\\onedrive\\documentos\\github\\odoo\\custom_addons\\knowledge']) 
2026-03-05 01:13:15,566 15024 INFO ? odoo: database: atlas@localhost:5433 
2026-03-05 01:13:18,781 15024 INFO kore odoo.modules.loading: loading 1 modules... 
2026-03-05 01:13:18,788 15024 INFO kore odoo.modules.loading: 1 modules loaded in 0.01s, 0 queries (+0 extra) 
2026-03-05 01:13:18,900 15024 INFO kore odoo.modules.loading: updating modules list 
2026-03-05 01:13:18,927 15024 INFO kore odoo.addons.base.models.ir_module: ALLOW access to module.update_list on [] to user __system__ #1 via n/a 
2026-03-05 01:13:23,219 15024 INFO kore odoo.addons.base.models.ir_module: ALLOW access to module.button_install on ['GRP - Public Accounting Adaptation'] to user __system__ #1 via n/a 
2026-03-05 01:13:23,361 15024 INFO kore odoo.modules.loading: loading 63 modules... 
2026-03-05 01:13:26,610 15024 INFO kore odoo.modules.loading: Loading module gov_public_accounting (63/63) 
2026-03-05 01:13:27,249 15024 INFO kore odoo.registry: module gov_public_accounting: creating or updating database tables 
2026-03-05 01:13:27,363 15024 WARNING kore odoo.addons.base.models.ir_model: Two fields (spread_count, spread_ids) of account.move() have the same label: Spreads. [Modules: gov_account_spread_cost_revenue and gov_account_spread_cost_revenue] 
2026-03-05 01:13:27,363 15024 WARNING kore odoo.addons.base.models.ir_model: Two fields (spread_count, spread_ids) of account.bank.statement.line() have the same label: Spreads. [Modules: None and None] 
2026-03-05 01:13:27,611 15024 INFO kore odoo.modules.loading: loading gov_public_accounting/data/gov_public_accounting_group_bridge.xml 
2026-03-05 01:13:27,699 15024 INFO kore odoo.modules.loading: loading gov_public_accounting/views/res_company_views.xml 
2026-03-05 01:13:27,836 15024 INFO kore odoo.modules.loading: Module gov_public_accounting loaded in 1.23s, 199 queries (+199 other) 
2026-03-05 01:13:27,836 15024 INFO kore odoo.modules.loading: 63 modules loaded in 4.48s, 199 queries (+199 extra) 
2026-03-05 01:13:30,033 15024 INFO kore odoo.modules.loading: Modules loaded. 
2026-03-05 01:13:30,077 15024 INFO kore odoo.registry: Registry changed, signaling through the database 
2026-03-05 01:13:30,079 15024 INFO kore odoo.registry: Registry loaded in 11.826s 
2026-03-05 01:13:30,080 15024 INFO kore odoo.service.server: Initiating shutdown 
2026-03-05 01:13:30,080 15024 INFO kore odoo.service.server: Hit CTRL-C again or send a second signal to force the shutdown. 
2026-03-05 01:13:30,080 15024 INFO kore odoo.sql_db: ConnectionPool(read/write;used=0/count=0/max=64): Closed 1 connections  
