2026-03-05 01:21:42,600 21404 INFO ? odoo: Odoo version 19.0 
2026-03-05 01:21:42,601 21404 INFO ? odoo: Using configuration file at c:\users\ander\onedrive\documentos\github\odoo\kore.conf 
2026-03-05 01:21:42,601 21404 INFO ? odoo: addons paths: _NamespacePath(['C:\\Users\\ander\\OneDrive\\Documentos\\GitHub\\odoo\\odoo\\addons', 'c:\\users\\ander\\onedrive\\documentos\\github\\odoo\\odoo\\addons', 'c:\\users\\ander\\onedrive\\documentos\\github\\odoo\\addons', 'c:\\users\\ander\\onedrive\\documentos\\github\\odoo\\custom_addons', 'c:\\users\\ander\\onedrive\\documentos\\github\\odoo\\custom_addons\\knowledge']) 
2026-03-05 01:21:42,601 21404 INFO ? odoo: database: atlas@localhost:5433 
2026-03-05 01:21:44,987 21404 INFO kore odoo.modules.loading: loading 1 modules... 
2026-03-05 01:21:44,994 21404 INFO kore odoo.modules.loading: 1 modules loaded in 0.01s, 0 queries (+0 extra) 
2026-03-05 01:21:45,099 21404 INFO kore odoo.modules.loading: updating modules list 
2026-03-05 01:21:45,104 21404 INFO kore odoo.addons.base.models.ir_module: ALLOW access to module.update_list on [] to user __system__ #1 via n/a 
2026-03-05 01:21:49,804 21404 INFO kore odoo.addons.base.models.ir_module: ALLOW access to module.button_upgrade on ['GRP - Accounting Move Template (Community)', 'GRP - Accounting Spread Cost Revenue (Community)', 'GRP - Public Accounting Adaptation'] to user __system__ #1 via n/a 
2026-03-05 01:21:49,804 21404 INFO kore odoo.addons.base.models.ir_module: ALLOW access to module.update_list on ['GRP - Accounting Move Template (Community)', 'GRP - Accounting Spread Cost Revenue (Community)', 'GRP - Public Accounting Adaptation'] to user __system__ #1 via n/a 
2026-03-05 01:21:52,104 21404 INFO kore odoo.addons.base.models.ir_module: ALLOW access to module.button_install on [] to user __system__ #1 via n/a 
2026-03-05 01:21:52,249 21404 INFO kore odoo.modules.loading: loading 63 modules... 
2026-03-05 01:21:53,833 21404 INFO kore odoo.modules.loading: Loading module gov_account_move_template (52/63) 
2026-03-05 01:21:54,303 21404 INFO kore odoo.registry: module gov_account_move_template: creating or updating database tables 
2026-03-05 01:21:54,790 21404 INFO kore odoo.modules.loading: loading gov_account_move_template/security/account_move_template_groups.xml 
2026-03-05 01:21:54,837 21404 INFO kore odoo.modules.loading: loading gov_account_move_template/security/ir.model.access.csv 
2026-03-05 01:21:54,879 21404 INFO kore odoo.modules.loading: loading gov_account_move_template/views/account_move_template_views.xml 
2026-03-05 01:21:54,997 21404 INFO kore odoo.modules.loading: loading gov_account_move_template/views/account_move_template_run_wizard_views.xml 
2026-03-05 01:21:55,022 21404 INFO kore odoo.modules.loading: loading gov_account_move_template/views/account_move_template_menus.xml 
2026-03-05 01:21:55,070 21404 INFO kore odoo.modules.loading: Module gov_account_move_template loaded in 1.24s, 166 queries (+166 other) 
2026-03-05 01:21:55,125 21404 INFO kore odoo.modules.loading: Loading module gov_account_spread_cost_revenue (55/63) 
2026-03-05 01:21:55,264 21404 INFO kore odoo.registry: module gov_account_spread_cost_revenue: creating or updating database tables 
2026-03-05 01:21:55,366 21404 WARNING kore odoo.addons.base.models.ir_model: Two fields (spread_count, spread_ids) of account.move() have the same label: Spreads. [Modules: gov_account_spread_cost_revenue and gov_account_spread_cost_revenue] 
2026-03-05 01:21:55,366 21404 WARNING kore odoo.addons.base.models.ir_model: Two fields (spread_count, spread_ids) of account.bank.statement.line() have the same label: Spreads. [Modules: None and None] 
2026-03-05 01:21:55,526 21404 INFO kore odoo.modules.loading: loading gov_account_spread_cost_revenue/security/account_spread_groups.xml 
2026-03-05 01:21:55,580 21404 INFO kore odoo.modules.loading: loading gov_account_spread_cost_revenue/security/ir.model.access.csv 
2026-03-05 01:21:55,597 21404 INFO kore odoo.modules.loading: loading gov_account_spread_cost_revenue/data/account_spread_cron.xml 
2026-03-05 01:21:55,649 21404 INFO kore odoo.modules.loading: loading gov_account_spread_cost_revenue/views/account_spread_views.xml 
2026-03-05 01:21:55,710 21404 INFO kore odoo.modules.loading: loading gov_account_spread_cost_revenue/views/account_spread_line_views.xml 
2026-03-05 01:21:55,742 21404 INFO kore odoo.modules.loading: loading gov_account_spread_cost_revenue/views/account_move_views.xml 
2026-03-05 01:21:55,911 21404 INFO kore odoo.modules.loading: loading gov_account_spread_cost_revenue/views/account_spread_menus.xml 
2026-03-05 01:21:56,148 21404 INFO kore odoo.modules.loading: Module gov_account_spread_cost_revenue loaded in 1.02s, 336 queries (+336 other) 
2026-03-05 01:21:56,262 21404 INFO kore odoo.modules.loading: Loading module gov_public_accounting (62/63) 
2026-03-05 01:21:56,388 21404 INFO kore odoo.registry: module gov_public_accounting: creating or updating database tables 
2026-03-05 01:21:56,464 21404 WARNING kore odoo.addons.base.models.ir_model: Two fields (spread_count, spread_ids) of account.move() have the same label: Spreads. [Modules: gov_account_spread_cost_revenue and gov_account_spread_cost_revenue] 
2026-03-05 01:21:56,464 21404 WARNING kore odoo.addons.base.models.ir_model: Two fields (spread_count, spread_ids) of account.bank.statement.line() have the same label: Spreads. [Modules: None and None] 
2026-03-05 01:21:56,615 21404 INFO kore odoo.modules.loading: loading gov_public_accounting/data/gov_public_accounting_group_bridge.xml 
2026-03-05 01:21:56,682 21404 INFO kore odoo.modules.loading: loading gov_public_accounting/views/res_company_views.xml 
2026-03-05 01:21:56,780 21404 INFO kore odoo.modules.loading: Module gov_public_accounting loaded in 0.52s, 208 queries (+208 other) 
2026-03-05 01:21:56,786 21404 INFO kore odoo.modules.loading: 63 modules loaded in 4.54s, 710 queries (+710 extra) 
2026-03-05 01:21:58,414 21404 INFO kore odoo.modules.loading: Modules loaded. 
2026-03-05 01:21:58,452 21404 INFO kore odoo.registry: Registry changed, signaling through the database 
2026-03-05 01:21:58,453 21404 INFO kore odoo.registry: Registry loaded in 13.809s 
2026-03-05 01:21:58,453 21404 INFO kore odoo.service.server: Initiating shutdown 
2026-03-05 01:21:58,453 21404 INFO kore odoo.service.server: Hit CTRL-C again or send a second signal to force the shutdown. 
2026-03-05 01:21:58,454 21404 INFO kore odoo.sql_db: ConnectionPool(read/write;used=0/count=0/max=64): Closed 1 connections  
