2026-03-05 01:06:11,485 10432 INFO ? odoo: Odoo version 19.0 
2026-03-05 01:06:11,486 10432 INFO ? odoo: Using configuration file at c:\users\ander\onedrive\documentos\github\odoo\kore.conf 
2026-03-05 01:06:11,486 10432 INFO ? odoo: addons paths: _NamespacePath(['C:\\Users\\ander\\OneDrive\\Documentos\\GitHub\\odoo\\odoo\\addons', 'c:\\users\\ander\\onedrive\\documentos\\github\\odoo\\odoo\\addons', 'c:\\users\\ander\\onedrive\\documentos\\github\\odoo\\addons', 'c:\\users\\ander\\onedrive\\documentos\\github\\odoo\\custom_addons', 'c:\\users\\ander\\onedrive\\documentos\\github\\odoo\\custom_addons\\knowledge']) 
2026-03-05 01:06:11,486 10432 INFO ? odoo: database: atlas@localhost:5433 
2026-03-05 01:06:12,904 10432 INFO kore odoo.modules.loading: loading 1 modules... 
2026-03-05 01:06:12,904 10432 INFO kore odoo.modules.loading: Loading module base (1/1) 
2026-03-05 01:06:12,969 10432 INFO kore odoo.registry: module base: creating or updating database tables 
2026-03-05 01:06:14,307 10432 INFO kore odoo.modules.loading: loading base/data/res_bank.xml 
2026-03-05 01:06:14,317 10432 INFO kore odoo.modules.loading: loading base/data/res.lang.csv 
2026-03-05 01:06:14,590 10432 INFO kore odoo.modules.loading: loading base/data/res_lang_data.xml 
2026-03-05 01:06:14,699 10432 INFO kore odoo.modules.loading: loading base/data/res_partner_data.xml 
2026-03-05 01:06:14,739 10432 INFO kore odoo.modules.loading: loading base/data/res_currency_data.xml 
2026-03-05 01:06:14,966 10432 INFO kore odoo.modules.loading: loading base/data/res_company_data.xml 
2026-03-05 01:06:14,969 10432 INFO kore odoo.modules.loading: loading base/data/res_users_data.xml 
2026-03-05 01:06:14,977 10432 INFO kore odoo.modules.loading: loading base/data/report_paperformat_data.xml 
2026-03-05 01:06:14,989 10432 INFO kore odoo.modules.loading: loading base/data/res_country_data.xml 
2026-03-05 01:06:15,232 10432 INFO kore odoo.modules.loading: loading base/data/ir_demo_data.xml 
2026-03-05 01:06:15,305 10432 INFO kore odoo.modules.loading: loading base/security/base_groups.xml 
2026-03-05 01:06:15,566 10432 INFO kore odoo.modules.loading: loading base/security/base_security.xml 
2026-03-05 01:06:15,602 10432 INFO kore odoo.modules.loading: loading base/wizard/wizard_ir_model_menu_create_views.xml 
2026-03-05 01:06:15,622 10432 INFO kore odoo.modules.loading: loading base/views/base_menus.xml 
2026-03-05 01:06:15,801 10432 INFO kore odoo.modules.loading: loading base/views/decimal_precision_views.xml 
2026-03-05 01:06:15,840 10432 INFO kore odoo.modules.loading: loading base/views/res_config_views.xml 
2026-03-05 01:06:15,855 10432 INFO kore odoo.modules.loading: loading base/data/res.country.state.csv 
2026-03-05 01:06:16,764 10432 INFO kore odoo.modules.loading: loading base/views/ir_actions_views.xml 
2026-03-05 01:06:17,186 10432 INFO kore odoo.modules.loading: loading base/views/ir_asset_views.xml 
2026-03-05 01:06:17,255 10432 INFO kore odoo.modules.loading: loading base/views/ir_config_parameter_views.xml 
2026-03-05 01:06:17,302 10432 INFO kore odoo.modules.loading: loading base/views/ir_cron_views.xml 
2026-03-05 01:06:17,421 10432 INFO kore odoo.modules.loading: loading base/views/ir_cron_trigger_views.xml 
2026-03-05 01:06:17,470 10432 INFO kore odoo.modules.loading: loading base/views/ir_filters_views.xml 
2026-03-05 01:06:17,550 10432 INFO kore odoo.modules.loading: loading base/views/ir_mail_server_views.xml 
2026-03-05 01:06:17,614 10432 INFO kore odoo.modules.loading: loading base/views/ir_model_views.xml 
2026-03-05 01:06:18,011 10432 INFO kore odoo.modules.loading: loading base/views/ir_attachment_views.xml 
2026-03-05 01:06:18,072 10432 INFO kore odoo.modules.loading: loading base/views/ir_rule_views.xml 
2026-03-05 01:06:18,132 10432 INFO kore odoo.modules.loading: loading base/views/ir_sequence_views.xml 
2026-03-05 01:06:18,191 10432 INFO kore odoo.modules.loading: loading base/views/ir_ui_menu_views.xml 
2026-03-05 01:06:18,242 10432 INFO kore odoo.modules.loading: loading base/views/ir_ui_view_views.xml 
2026-03-05 01:06:18,366 10432 INFO kore odoo.modules.loading: loading base/views/ir_default_views.xml 
2026-03-05 01:06:18,422 10432 INFO kore odoo.modules.loading: loading base/data/ir_config_parameter_data.xml 
2026-03-05 01:06:18,427 10432 INFO kore odoo.modules.loading: loading base/data/ir_cron_data.xml 
2026-03-05 01:06:18,460 10432 INFO kore odoo.modules.loading: loading base/report/ir_model_report.xml 
2026-03-05 01:06:18,468 10432 INFO kore odoo.modules.loading: loading base/report/ir_model_templates.xml 
2026-03-05 01:06:18,489 10432 INFO kore odoo.modules.loading: loading base/views/ir_logging_views.xml 
2026-03-05 01:06:18,540 10432 INFO kore odoo.modules.loading: loading base/views/ir_qweb_widget_templates.xml 
2026-03-05 01:06:18,584 10432 INFO kore odoo.modules.loading: loading base/views/ir_module_views.xml 
2026-03-05 01:06:18,721 10432 INFO kore odoo.modules.loading: loading base/data/ir_module_category_data.xml 
2026-03-05 01:06:18,780 10432 INFO kore odoo.modules.loading: loading base/data/ir_module_module.xml 
2026-03-05 01:06:18,826 10432 INFO kore odoo.modules.loading: loading base/report/ir_module_reports.xml 
2026-03-05 01:06:18,832 10432 INFO kore odoo.modules.loading: loading base/report/ir_module_report_templates.xml 
2026-03-05 01:06:18,850 10432 INFO kore odoo.modules.loading: loading base/wizard/base_module_update_views.xml 
2026-03-05 01:06:18,885 10432 INFO kore odoo.modules.loading: loading base/wizard/base_language_install_views.xml 
2026-03-05 01:06:18,917 10432 INFO kore odoo.modules.loading: loading base/wizard/base_import_language_views.xml 
2026-03-05 01:06:18,947 10432 INFO kore odoo.modules.loading: loading base/wizard/base_module_upgrade_views.xml 
2026-03-05 01:06:18,990 10432 INFO kore odoo.modules.loading: loading base/wizard/base_module_uninstall_views.xml 
2026-03-05 01:06:19,009 10432 INFO kore odoo.modules.loading: loading base/wizard/base_export_language_views.xml 
2026-03-05 01:06:19,038 10432 INFO kore odoo.modules.loading: loading base/wizard/base_partner_merge_views.xml 
2026-03-05 01:06:19,073 10432 INFO kore odoo.modules.loading: loading base/data/ir_demo_failure_data.xml 
2026-03-05 01:06:19,123 10432 INFO kore odoo.modules.loading: loading base/views/ir_profile_views.xml 
2026-03-05 01:06:19,191 10432 INFO kore odoo.modules.loading: loading base/views/res_company_views.xml 
2026-03-05 01:06:19,253 10432 INFO kore odoo.modules.loading: loading base/views/res_lang_views.xml 
2026-03-05 01:06:19,316 10432 INFO kore odoo.modules.loading: loading base/views/res_partner_views.xml 
2026-03-05 01:06:19,549 10432 INFO kore odoo.modules.loading: loading base/views/res_bank_views.xml 
2026-03-05 01:06:19,654 10432 INFO kore odoo.modules.loading: loading base/views/res_country_views.xml 
2026-03-05 01:06:19,788 10432 INFO kore odoo.modules.loading: loading base/views/res_currency_views.xml 
2026-03-05 01:06:19,918 10432 INFO kore odoo.modules.loading: loading base/views/res_groups_views.xml 
2026-03-05 01:06:20,025 10432 INFO kore odoo.modules.loading: loading base/views/res_users_views.xml 
2026-03-05 01:06:20,268 10432 INFO kore odoo.modules.loading: loading base/views/res_users_apikeys_views.xml 
2026-03-05 01:06:20,280 10432 INFO kore odoo.modules.loading: loading base/views/res_device_views.xml 
2026-03-05 01:06:20,330 10432 INFO kore odoo.modules.loading: loading base/views/res_users_identitycheck_views.xml 
2026-03-05 01:06:20,348 10432 INFO kore odoo.modules.loading: loading base/views/res_config_settings_views.xml 
2026-03-05 01:06:20,408 10432 INFO kore odoo.modules.loading: loading base/views/report_paperformat_views.xml 
2026-03-05 01:06:20,465 10432 INFO kore odoo.modules.loading: loading base/security/ir.model.access.csv 
2026-03-05 01:06:21,013 10432 INFO kore odoo.modules.loading: Module base loaded in 8.11s, 5426 queries (+5426 other) 
2026-03-05 01:06:21,013 10432 INFO kore odoo.modules.loading: 1 modules loaded in 8.11s, 5426 queries (+5426 extra) 
2026-03-05 01:06:21,017 10432 INFO kore odoo.modules.loading: updating modules list 
2026-03-05 01:06:21,019 10432 INFO kore odoo.addons.base.models.ir_module: ALLOW access to module.update_list on [] to user __system__ #1 via n/a 
2026-03-05 01:06:21,919 10432 WARNING kore odoo.modules.module: The module attachment_preview has an incompatible version, setting installable=False 
2026-03-05 01:06:21,949 10432 WARNING kore odoo.modules.module: The module attachment_preview has an incompatible version, setting installable=False 
2026-03-05 01:06:21,950 10432 WARNING kore odoo.modules.module: The module attachment_zipped_download has an incompatible version, setting installable=False 
2026-03-05 01:06:21,975 10432 WARNING kore odoo.modules.module: The module attachment_zipped_download has an incompatible version, setting installable=False 
2026-03-05 01:06:22,145 10432 WARNING kore odoo.modules.module: The module document_knowledge has an incompatible version, setting installable=False 
2026-03-05 01:06:22,147 10432 WARNING kore odoo.modules.module: The module document_knowledge has an incompatible version, setting installable=False 
2026-03-05 01:06:22,149 10432 WARNING kore odoo.modules.module: The module document_page has an incompatible version, setting installable=False 
2026-03-05 01:06:22,152 10432 WARNING kore odoo.modules.module: The module document_page has an incompatible version, setting installable=False 
2026-03-05 01:06:22,155 10432 WARNING kore odoo.modules.module: The module document_page_access_group has an incompatible version, setting installable=False 
2026-03-05 01:06:22,182 10432 WARNING kore odoo.modules.module: The module document_page_access_group has an incompatible version, setting installable=False 
2026-03-05 01:06:22,184 10432 WARNING kore odoo.modules.module: The module document_page_approval has an incompatible version, setting installable=False 
2026-03-05 01:06:22,188 10432 WARNING kore odoo.modules.module: The module document_page_approval has an incompatible version, setting installable=False 
2026-03-05 01:06:22,190 10432 WARNING kore odoo.modules.module: The module document_page_group has an incompatible version, setting installable=False 
2026-03-05 01:06:22,219 10432 WARNING kore odoo.modules.module: The module document_page_group has an incompatible version, setting installable=False 
2026-03-05 01:06:22,220 10432 WARNING kore odoo.modules.module: The module document_page_partner has an incompatible version, setting installable=False 
2026-03-05 01:06:22,659 10432 WARNING kore odoo.modules.module: The module document_page_partner has an incompatible version, setting installable=False 
2026-03-05 01:06:22,661 10432 WARNING kore odoo.modules.module: The module document_page_project has an incompatible version, setting installable=False 
2026-03-05 01:06:22,692 10432 WARNING kore odoo.modules.module: The module document_page_project has an incompatible version, setting installable=False 
2026-03-05 01:06:22,694 10432 WARNING kore odoo.modules.module: The module document_page_reference has an incompatible version, setting installable=False 
2026-03-05 01:06:28,471 10432 WARNING kore odoo.modules.module: The module document_page_reference has an incompatible version, setting installable=False 
2026-03-05 01:06:28,472 10432 WARNING kore odoo.modules.module: The module document_page_tag has an incompatible version, setting installable=False 
2026-03-05 01:06:28,476 10432 WARNING kore odoo.modules.module: The module document_page_tag has an incompatible version, setting installable=False 
2026-03-05 01:06:28,479 10432 WARNING kore odoo.modules.module: The module document_url has an incompatible version, setting installable=False 
2026-03-05 01:06:28,511 10432 WARNING kore odoo.modules.module: The module document_url has an incompatible version, setting installable=False 
2026-03-05 01:06:31,004 10432 INFO kore odoo.addons.base.models.ir_module: ALLOW access to module.button_upgrade on ['Base'] to user __system__ #1 via n/a 
2026-03-05 01:06:31,004 10432 INFO kore odoo.addons.base.models.ir_module: ALLOW access to module.update_list on ['Base'] to user __system__ #1 via n/a 
2026-03-05 01:06:31,601 10432 WARNING kore odoo.modules.module: The module attachment_preview has an incompatible version, setting installable=False 
2026-03-05 01:06:31,605 10432 WARNING kore odoo.modules.module: The module attachment_zipped_download has an incompatible version, setting installable=False 
2026-03-05 01:06:31,725 10432 WARNING kore odoo.modules.module: The module document_knowledge has an incompatible version, setting installable=False 
2026-03-05 01:06:31,728 10432 WARNING kore odoo.modules.module: The module document_page has an incompatible version, setting installable=False 
2026-03-05 01:06:31,735 10432 WARNING kore odoo.modules.module: The module document_page_access_group has an incompatible version, setting installable=False 
2026-03-05 01:06:31,738 10432 WARNING kore odoo.modules.module: The module document_page_approval has an incompatible version, setting installable=False 
2026-03-05 01:06:31,740 10432 WARNING kore odoo.modules.module: The module document_page_group has an incompatible version, setting installable=False 
2026-03-05 01:06:31,742 10432 WARNING kore odoo.modules.module: The module document_page_partner has an incompatible version, setting installable=False 
2026-03-05 01:06:31,746 10432 WARNING kore odoo.modules.module: The module document_page_project has an incompatible version, setting installable=False 
2026-03-05 01:06:31,748 10432 WARNING kore odoo.modules.module: The module document_page_reference has an incompatible version, setting installable=False 
2026-03-05 01:06:31,750 10432 WARNING kore odoo.modules.module: The module document_page_tag has an incompatible version, setting installable=False 
2026-03-05 01:06:31,753 10432 WARNING kore odoo.modules.module: The module document_url has an incompatible version, setting installable=False 
2026-03-05 01:06:33,341 10432 INFO kore odoo.addons.base.models.ir_module: ALLOW access to module.button_install on [] to user __system__ #1 via n/a 
2026-03-05 01:06:33,825 10432 WARNING kore odoo.modules.module_graph: module knowledge: not installable, skipped 
2026-03-05 01:06:33,852 10432 INFO kore odoo.modules.loading: loading 57 modules... 
2026-03-05 01:06:33,853 10432 INFO kore odoo.modules.loading: Loading module rpc (2/57) 
2026-03-05 01:06:33,892 10432 INFO kore odoo.modules.loading: Module rpc loaded in 0.04s, 10 queries (+10 other) 
2026-03-05 01:06:33,893 10432 INFO kore odoo.modules.loading: Loading module uom (3/57) 
2026-03-05 01:06:33,903 10432 INFO kore odoo.registry: module uom: creating or updating database tables 
2026-03-05 01:06:33,951 10432 INFO kore odoo.modules.loading: loading uom/data/uom_data.xml 
2026-03-05 01:06:34,008 10432 INFO kore odoo.modules.loading: loading uom/security/uom_security.xml 
2026-03-05 01:06:34,016 10432 INFO kore odoo.modules.loading: loading uom/security/ir.model.access.csv 
2026-03-05 01:06:34,041 10432 INFO kore odoo.modules.loading: loading uom/views/uom_uom_views.xml 
2026-03-05 01:06:34,114 10432 INFO kore odoo.modules.loading: Module uom loaded in 0.22s, 154 queries (+154 other) 
2026-03-05 01:06:34,115 10432 INFO kore odoo.modules.loading: Loading module web (4/57) 
2026-03-05 01:06:34,196 10432 INFO kore odoo.registry: module web: creating or updating database tables 
2026-03-05 01:06:35,216 10432 INFO kore odoo.modules.loading: loading web/security/ir.model.access.csv 
2026-03-05 01:06:35,240 10432 INFO kore odoo.modules.loading: loading web/security/web_security.xml 
2026-03-05 01:06:35,249 10432 INFO kore odoo.modules.loading: loading web/views/webclient_templates.xml 
2026-03-05 01:06:35,446 10432 INFO kore odoo.modules.loading: loading web/views/report_templates.xml 
2026-03-05 01:06:35,738 10432 INFO kore odoo.modules.loading: loading web/views/base_document_layout_views.xml 
2026-03-05 01:06:35,782 10432 INFO kore odoo.modules.loading: loading web/views/partner_view.xml 
2026-03-05 01:06:35,794 10432 INFO kore odoo.modules.loading: loading web/views/speedscope_template.xml 
2026-03-05 01:06:35,809 10432 INFO kore odoo.modules.loading: loading web/views/memory_template.xml 
2026-03-05 01:06:35,828 10432 INFO kore odoo.modules.loading: loading web/views/speedscope_config_wizard.xml 
2026-03-05 01:06:35,846 10432 INFO kore odoo.modules.loading: loading web/views/neutralize_views.xml 
2026-03-05 01:06:35,878 10432 INFO kore odoo.modules.loading: loading web/views/ir_ui_view_views.xml 
2026-03-05 01:06:35,909 10432 INFO kore odoo.modules.loading: loading web/data/ir_attachment.xml 
2026-03-05 01:06:35,915 10432 INFO kore odoo.modules.loading: loading web/data/report_layout.xml 
2026-03-05 01:06:36,041 10432 INFO kore odoo.modules.loading: Module web loaded in 1.93s, 1453 queries (+1453 other) 
2026-03-05 01:06:36,041 10432 INFO kore odoo.modules.loading: Loading module api_doc (5/57) 
2026-03-05 01:06:36,058 10432 INFO kore odoo.registry: module api_doc: creating or updating database tables 
2026-03-05 01:06:36,102 10432 INFO kore odoo.modules.loading: loading api_doc/security/res_groups.xml 
2026-03-05 01:06:36,143 10432 INFO kore odoo.modules.loading: loading api_doc/views/docclient.xml 
2026-03-05 01:06:36,188 10432 INFO kore odoo.modules.loading: Module api_doc loaded in 0.15s, 69 queries (+69 other) 
2026-03-05 01:06:36,188 10432 INFO kore odoo.modules.loading: Loading module auth_totp (6/57) 
2026-03-05 01:06:36,238 10432 INFO kore odoo.registry: module auth_totp: creating or updating database tables 
2026-03-05 01:06:36,324 10432 INFO kore odoo.modules.loading: loading auth_totp/security/security.xml 
2026-03-05 01:06:36,380 10432 INFO kore odoo.modules.loading: loading auth_totp/security/ir.model.access.csv 
2026-03-05 01:06:36,409 10432 INFO kore odoo.modules.loading: loading auth_totp/data/ir_action_data.xml 
2026-03-05 01:06:36,424 10432 INFO kore odoo.modules.loading: loading auth_totp/views/res_users_views.xml 
2026-03-05 01:06:36,552 10432 INFO kore odoo.modules.loading: loading auth_totp/views/templates.xml 
2026-03-05 01:06:36,570 10432 INFO kore odoo.modules.loading: loading auth_totp/wizard/auth_totp_wizard_views.xml 
2026-03-05 01:06:36,625 10432 INFO kore odoo.modules.loading: Module auth_totp loaded in 0.44s, 222 queries (+222 other) 
2026-03-05 01:06:36,626 10432 INFO kore odoo.modules.loading: Loading module base_import (7/57) 
2026-03-05 01:06:36,706 10432 INFO kore odoo.registry: module base_import: creating or updating database tables 
2026-03-05 01:06:37,787 10432 INFO kore odoo.modules.loading: loading base_import/security/ir.model.access.csv 
2026-03-05 01:06:37,835 10432 INFO kore odoo.modules.loading: Module base_import loaded in 1.21s, 945 queries (+945 other) 
2026-03-05 01:06:37,835 10432 INFO kore odoo.modules.loading: Loading module base_import_module (8/57) 
2026-03-05 01:06:37,857 10432 INFO kore odoo.registry: module base_import_module: creating or updating database tables 
2026-03-05 01:06:37,944 10432 INFO kore odoo.modules.loading: loading base_import_module/security/ir.model.access.csv 
2026-03-05 01:06:37,970 10432 INFO kore odoo.modules.loading: loading base_import_module/views/base_import_module_view.xml 
2026-03-05 01:06:38,019 10432 INFO kore odoo.modules.loading: loading base_import_module/views/ir_module_views.xml 
2026-03-05 01:06:38,165 10432 INFO kore odoo.modules.loading: Module base_import_module loaded in 0.33s, 190 queries (+190 other) 
2026-03-05 01:06:38,165 10432 INFO kore odoo.modules.loading: Loading module base_setup (9/57) 
2026-03-05 01:06:38,186 10432 INFO kore odoo.registry: module base_setup: creating or updating database tables 
2026-03-05 01:06:38,265 10432 INFO kore odoo.modules.loading: loading base_setup/data/base_setup_data.xml 
2026-03-05 01:06:38,269 10432 INFO kore odoo.modules.loading: loading base_setup/views/res_config_settings_views.xml 
2026-03-05 01:06:38,360 10432 INFO kore odoo.modules.loading: loading base_setup/views/res_partner_views.xml 
2026-03-05 01:06:38,414 10432 INFO kore odoo.modules.loading: Module base_setup loaded in 0.25s, 146 queries (+146 other) 
2026-03-05 01:06:38,414 10432 INFO kore odoo.modules.loading: Loading module bus (10/57) 
2026-03-05 01:06:38,464 10432 INFO kore odoo.registry: module bus: creating or updating database tables 
2026-03-05 01:06:38,650 10432 INFO kore odoo.modules.loading: loading bus/security/ir.model.access.csv 
2026-03-05 01:06:38,689 10432 INFO kore odoo.modules.loading: Module bus loaded in 0.27s, 142 queries (+142 other) 
2026-03-05 01:06:38,689 10432 INFO kore odoo.modules.loading: Loading module http_routing (11/57) 
2026-03-05 01:06:38,705 10432 INFO kore odoo.registry: module http_routing: creating or updating database tables 
2026-03-05 01:06:38,757 10432 INFO kore odoo.modules.loading: loading http_routing/views/http_routing_template.xml 
2026-03-05 01:06:38,879 10432 INFO kore odoo.modules.loading: loading http_routing/views/res_lang_views.xml 
2026-03-05 01:06:38,959 10432 INFO kore odoo.modules.loading: Module http_routing loaded in 0.27s, 190 queries (+190 other) 
2026-03-05 01:06:38,959 10432 INFO kore odoo.modules.loading: Loading module onboarding (12/57) 
2026-03-05 01:06:38,978 10432 INFO kore odoo.registry: module onboarding: creating or updating database tables 
2026-03-05 01:06:39,057 10432 INFO kore odoo.modules.loading: loading onboarding/views/onboarding_templates.xml 
2026-03-05 01:06:39,098 10432 INFO kore odoo.modules.loading: loading onboarding/views/onboarding_views.xml 
2026-03-05 01:06:39,167 10432 INFO kore odoo.modules.loading: loading onboarding/views/onboarding_menus.xml 
2026-03-05 01:06:39,180 10432 INFO kore odoo.modules.loading: loading onboarding/security/ir.model.access.csv 
2026-03-05 01:06:39,253 10432 INFO kore odoo.modules.loading: Module onboarding loaded in 0.29s, 197 queries (+197 other) 
2026-03-05 01:06:39,253 10432 INFO kore odoo.modules.loading: Loading module resource (13/57) 
2026-03-05 01:06:39,287 10432 INFO kore odoo.registry: module resource: creating or updating database tables 
2026-03-05 01:06:39,410 10432 INFO kore odoo.modules.loading: loading resource/data/resource_data.xml 
2026-03-05 01:06:39,421 10432 INFO kore odoo.modules.loading: loading resource/security/ir.model.access.csv 
2026-03-05 01:06:39,461 10432 INFO kore odoo.modules.loading: loading resource/security/resource_security.xml 
2026-03-05 01:06:39,470 10432 INFO kore odoo.modules.loading: loading resource/views/resource_resource_views.xml 
2026-03-05 01:06:39,533 10432 INFO kore odoo.modules.loading: loading resource/views/resource_calendar_leaves_views.xml 
2026-03-05 01:06:39,592 10432 INFO kore odoo.modules.loading: loading resource/views/resource_calendar_attendance_views.xml 
2026-03-05 01:06:39,619 10432 INFO kore odoo.modules.loading: loading resource/views/resource_calendar_views.xml 
2026-03-05 01:06:39,673 10432 INFO kore odoo.modules.loading: loading resource/views/menuitems.xml 
2026-03-05 01:06:39,725 10432 INFO kore odoo.modules.loading: Module resource loaded in 0.47s, 309 queries (+309 other) 
2026-03-05 01:06:39,726 10432 INFO kore odoo.modules.loading: Loading module web_tour (14/57) 
2026-03-05 01:06:39,747 10432 INFO kore odoo.registry: module web_tour: creating or updating database tables 
2026-03-05 01:06:39,830 10432 INFO kore odoo.modules.loading: loading web_tour/security/ir.model.access.csv 
2026-03-05 01:06:39,858 10432 INFO kore odoo.modules.loading: loading web_tour/views/tour_views.xml 
2026-03-05 01:06:39,964 10432 INFO kore odoo.modules.loading: Module web_tour loaded in 0.24s, 147 queries (+147 other) 
2026-03-05 01:06:39,964 10432 INFO kore odoo.modules.loading: Loading module auth_passkey (15/57) 
2026-03-05 01:06:40,080 10432 INFO kore odoo.registry: module auth_passkey: creating or updating database tables 
2026-03-05 01:06:40,166 10432 INFO kore odoo.modules.loading: loading auth_passkey/views/auth_passkey_key_views.xml 
2026-03-05 01:06:40,223 10432 INFO kore odoo.modules.loading: loading auth_passkey/views/auth_passkey_login_templates.xml 
2026-03-05 01:06:40,271 10432 INFO kore odoo.modules.loading: loading auth_passkey/views/res_users_identitycheck_views.xml 
2026-03-05 01:06:40,300 10432 INFO kore odoo.modules.loading: loading auth_passkey/views/res_users_views.xml 
2026-03-05 01:06:40,383 10432 INFO kore odoo.modules.loading: loading auth_passkey/security/ir.model.access.csv 
2026-03-05 01:06:40,417 10432 INFO kore odoo.modules.loading: loading auth_passkey/security/security.xml 
2026-03-05 01:06:40,448 10432 INFO kore odoo.modules.loading: Module auth_passkey loaded in 0.48s, 226 queries (+226 other) 
2026-03-05 01:06:40,448 10432 INFO kore odoo.modules.loading: Loading module html_editor (16/57) 
2026-03-05 01:06:40,985 10432 INFO kore odoo.registry: module html_editor: creating or updating database tables 
2026-03-05 01:06:42,256 10432 INFO kore odoo.modules.loading: loading html_editor/security/ir.model.access.csv 
2026-03-05 01:06:42,303 10432 INFO kore odoo.modules.loading: Module html_editor loaded in 1.86s, 1080 queries (+1080 other) 
2026-03-05 01:06:42,303 10432 INFO kore odoo.modules.loading: Loading module iap (17/57) 
2026-03-05 01:06:42,313 10432 INFO kore odoo.registry: module iap: creating or updating database tables 
2026-03-05 01:06:42,367 10432 INFO kore odoo.modules.loading: loading iap/data/services.xml 
2026-03-05 01:06:42,381 10432 INFO kore odoo.modules.loading: loading iap/security/ir.model.access.csv 
2026-03-05 01:06:42,413 10432 INFO kore odoo.modules.loading: loading iap/security/ir_rule.xml 
2026-03-05 01:06:42,418 10432 INFO kore odoo.modules.loading: loading iap/views/iap_views.xml 
2026-03-05 01:06:42,482 10432 INFO kore odoo.modules.loading: loading iap/views/res_config_settings.xml 
2026-03-05 01:06:42,568 10432 INFO kore odoo.modules.loading: Module iap loaded in 0.26s, 160 queries (+160 other) 
2026-03-05 01:06:42,568 10432 INFO kore odoo.modules.loading: Loading module mail (18/57) 
2026-03-05 01:06:42,714 10432 INFO kore odoo.registry: module mail: creating or updating database tables 
<string>:38: (ERROR/3) Unexpected indentation.
<string>:43: (WARNING/2) Block quote ends without a blank line; unexpected unindent.
2026-03-05 01:06:44,604 10432 INFO kore odoo.modules.loading: loading mail/data/mail_groups.xml 
2026-03-05 01:06:44,616 10432 INFO kore odoo.modules.loading: loading mail/wizard/mail_activity_schedule_views.xml 
2026-03-05 01:06:44,651 10432 INFO kore odoo.modules.loading: loading mail/wizard/mail_blacklist_remove_views.xml 
2026-03-05 01:06:44,668 10432 INFO kore odoo.modules.loading: loading mail/wizard/mail_compose_message_views.xml 
2026-03-05 01:06:44,707 10432 INFO kore odoo.modules.loading: loading mail/wizard/mail_template_preview_views.xml 
2026-03-05 01:06:44,727 10432 INFO kore odoo.modules.loading: loading mail/wizard/mail_followers_edit_views.xml 
2026-03-05 01:06:44,763 10432 INFO kore odoo.modules.loading: loading mail/wizard/mail_template_reset_views.xml 
2026-03-05 01:06:44,783 10432 INFO kore odoo.modules.loading: loading mail/views/fetchmail_views.xml 
2026-03-05 01:06:44,835 10432 INFO kore odoo.modules.loading: loading mail/views/ir_cron_views.xml 
2026-03-05 01:06:44,885 10432 INFO kore odoo.modules.loading: loading mail/views/ir_filters_views.xml 
2026-03-05 01:06:44,943 10432 INFO kore odoo.modules.loading: loading mail/views/ir_mail_server_views.xml 
2026-03-05 01:06:44,975 10432 INFO kore odoo.modules.loading: loading mail/views/mail_message_subtype_views.xml 
2026-03-05 01:06:45,020 10432 INFO kore odoo.modules.loading: loading mail/views/mail_tracking_value_views.xml 
2026-03-05 01:06:45,052 10432 INFO kore odoo.modules.loading: loading mail/views/mail_notification_views.xml 
2026-03-05 01:06:45,085 10432 INFO kore odoo.modules.loading: loading mail/views/mail_message_views.xml 
2026-03-05 01:06:45,148 10432 INFO kore odoo.modules.loading: loading mail/views/mail_message_schedule_views.xml 
2026-03-05 01:06:45,190 10432 INFO kore odoo.modules.loading: loading mail/views/mail_mail_views.xml 
2026-03-05 01:06:45,245 10432 INFO kore odoo.modules.loading: loading mail/views/mail_followers_views.xml 
2026-03-05 01:06:45,275 10432 INFO kore odoo.modules.loading: loading mail/views/mail_ice_server_views.xml 
2026-03-05 01:06:45,328 10432 INFO kore odoo.modules.loading: loading mail/views/discuss_channel_member_views.xml 
2026-03-05 01:06:45,360 10432 INFO kore odoo.modules.loading: loading mail/views/discuss_channel_rtc_session_views.xml 
2026-03-05 01:06:45,401 10432 INFO kore odoo.modules.loading: loading mail/views/mail_link_preview_views.xml 
2026-03-05 01:06:45,442 10432 INFO kore odoo.modules.loading: loading mail/views/discuss/discuss_gif_favorite_views.xml 
2026-03-05 01:06:45,475 10432 INFO kore odoo.modules.loading: loading mail/views/discuss_channel_views.xml 
2026-03-05 01:06:45,566 10432 INFO kore odoo.modules.loading: loading mail/views/mail_canned_response_views.xml 
2026-03-05 01:06:45,630 10432 INFO kore odoo.modules.loading: loading mail/views/res_role_views.xml 
2026-03-05 01:06:45,675 10432 INFO kore odoo.modules.loading: loading mail/views/mail_activity_views.xml 
2026-03-05 01:06:45,923 10432 INFO kore odoo.modules.loading: loading mail/views/mail_activity_plan_views.xml 
2026-03-05 01:06:46,026 10432 INFO kore odoo.modules.loading: loading mail/views/mail_activity_plan_template_views.xml 
2026-03-05 01:06:46,049 10432 INFO kore odoo.modules.loading: loading mail/views/res_config_settings_views.xml 
2026-03-05 01:06:46,123 10432 INFO kore odoo.modules.loading: loading mail/data/ir_config_parameter_data.xml 
2026-03-05 01:06:46,128 10432 INFO kore odoo.modules.loading: loading mail/data/res_partner_data.xml 
2026-03-05 01:06:46,135 10432 INFO kore odoo.modules.loading: loading mail/data/mail_message_subtype_data.xml 
2026-03-05 01:06:46,142 10432 INFO kore odoo.modules.loading: loading mail/data/mail_templates_chatter.xml 
2026-03-05 01:06:46,204 10432 INFO kore odoo.modules.loading: loading mail/data/mail_templates_email_layouts.xml 
2026-03-05 01:06:46,270 10432 INFO kore odoo.modules.loading: loading mail/data/mail_templates_mailgateway.xml 
2026-03-05 01:06:46,338 10432 INFO kore odoo.modules.loading: loading mail/data/discuss_channel_data.xml 
2026-03-05 01:06:46,366 10432 INFO kore odoo.modules.loading: loading mail/data/mail_activity_type_data.xml 
2026-03-05 01:06:46,382 10432 INFO kore odoo.modules.loading: loading mail/data/security_notifications_templates.xml 
2026-03-05 01:06:46,403 10432 INFO kore odoo.modules.loading: loading mail/data/ir_cron_data.xml 
2026-03-05 01:06:46,418 10432 INFO kore odoo.modules.loading: loading mail/data/ir_actions_client.xml 
2026-03-05 01:06:46,424 10432 INFO kore odoo.modules.loading: loading mail/security/mail_security.xml 
2026-03-05 01:06:46,454 10432 INFO kore odoo.modules.loading: loading mail/security/ir.model.access.csv 
2026-03-05 01:06:46,635 10432 INFO kore odoo.modules.loading: loading mail/views/discuss_public_templates.xml 
2026-03-05 01:06:46,652 10432 INFO kore odoo.modules.loading: loading mail/views/mail_alias_domain_views.xml 
2026-03-05 01:06:46,695 10432 INFO kore odoo.modules.loading: loading mail/views/mail_alias_views.xml 
2026-03-05 01:06:46,742 10432 INFO kore odoo.modules.loading: loading mail/views/mail_gateway_allowed_views.xml 
2026-03-05 01:06:46,774 10432 INFO kore odoo.modules.loading: loading mail/views/mail_guest_views.xml 
2026-03-05 01:06:46,808 10432 INFO kore odoo.modules.loading: loading mail/views/mail_message_reaction_views.xml 
2026-03-05 01:06:46,843 10432 INFO kore odoo.modules.loading: loading mail/views/mail_templates_public.xml 
2026-03-05 01:06:46,876 10432 INFO kore odoo.modules.loading: loading mail/views/res_users_views.xml 
2026-03-05 01:06:46,982 10432 INFO kore odoo.modules.loading: loading mail/views/res_users_settings_views.xml 
2026-03-05 01:06:47,022 10432 INFO kore odoo.modules.loading: loading mail/views/mail_template_views.xml 
2026-03-05 01:06:47,076 10432 INFO kore odoo.modules.loading: loading mail/views/ir_actions_server_views.xml 
2026-03-05 01:06:47,144 10432 INFO kore odoo.modules.loading: loading mail/views/ir_model_views.xml 
2026-03-05 01:06:47,269 10432 INFO kore odoo.modules.loading: loading mail/views/res_partner_views.xml 
2026-03-05 01:06:47,467 10432 INFO kore odoo.modules.loading: loading mail/views/mail_blacklist_views.xml 
2026-03-05 01:06:47,521 10432 INFO kore odoo.modules.loading: loading mail/views/mail_menus.xml 
2026-03-05 01:06:47,799 10432 INFO kore odoo.modules.loading: loading mail/views/discuss/discuss_menus.xml 
2026-03-05 01:06:47,809 10432 INFO kore odoo.modules.loading: loading mail/views/discuss/discuss_call_history_views.xml 
2026-03-05 01:06:47,847 10432 INFO kore odoo.modules.loading: loading mail/views/res_company_views.xml 
2026-03-05 01:06:47,882 10432 INFO kore odoo.modules.loading: loading mail/views/mail_scheduled_message_views.xml 
2026-03-05 01:06:47,900 10432 INFO kore odoo.modules.loading: loading mail/data/mail_canned_response_data.xml 
2026-03-05 01:06:47,906 10432 INFO kore odoo.modules.loading: loading mail/data/mail_templates_invite.xml 
2026-03-05 01:06:47,959 10432 INFO kore odoo.modules.loading: loading mail/data/web_tour_tour.xml 
2026-03-05 01:06:48,086 10432 INFO kore odoo.modules.loading: Module mail loaded in 5.52s, 3886 queries (+3886 other) 
2026-03-05 01:06:48,086 10432 INFO kore odoo.modules.loading: Loading module web_unsplash (19/57) 
2026-03-05 01:06:48,118 10432 INFO kore odoo.registry: module web_unsplash: creating or updating database tables 
2026-03-05 01:06:48,245 10432 INFO kore odoo.modules.loading: loading web_unsplash/views/res_config_settings_view.xml 
2026-03-05 01:06:48,363 10432 INFO kore odoo.modules.loading: Module web_unsplash loaded in 0.28s, 126 queries (+126 other) 
2026-03-05 01:06:48,363 10432 INFO kore odoo.modules.loading: Loading module analytic (20/57) 
2026-03-05 01:06:48,392 10432 INFO kore odoo.registry: module analytic: creating or updating database tables 
2026-03-05 01:06:48,545 10432 INFO kore odoo.modules.loading: loading analytic/security/analytic_security.xml 
2026-03-05 01:06:48,557 10432 INFO kore odoo.modules.loading: loading analytic/security/ir.model.access.csv 
2026-03-05 01:06:48,596 10432 INFO kore odoo.modules.loading: loading analytic/views/analytic_line_views.xml 
2026-03-05 01:06:48,767 10432 INFO kore odoo.modules.loading: loading analytic/views/analytic_account_views.xml 
2026-03-05 01:06:48,867 10432 INFO kore odoo.modules.loading: loading analytic/views/analytic_plan_views.xml 
2026-03-05 01:06:48,920 10432 INFO kore odoo.models.unlink: User #1 deleted ir.actions.act_window.view records with IDs: [25, 26] 
2026-03-05 01:06:48,938 10432 INFO kore odoo.modules.loading: loading analytic/views/analytic_distribution_model_views.xml 
2026-03-05 01:06:48,975 10432 INFO kore odoo.modules.loading: loading analytic/data/analytic_data.xml 
2026-03-05 01:06:49,018 10432 INFO kore odoo.modules.loading: Module analytic loaded in 0.65s, 335 queries (+335 other) 
2026-03-05 01:06:49,018 10432 INFO kore odoo.modules.loading: Loading module auth_signup (21/57) 
2026-03-05 01:06:49,054 10432 INFO kore odoo.registry: module auth_signup: creating or updating database tables 
2026-03-05 01:06:49,199 10432 INFO kore odoo.modules.loading: loading auth_signup/data/ir_config_parameter_data.xml 
2026-03-05 01:06:49,202 10432 INFO kore odoo.modules.loading: loading auth_signup/data/ir_cron_data.xml 
2026-03-05 01:06:49,249 10432 INFO kore odoo.modules.loading: loading auth_signup/data/mail_template_data.xml 
2026-03-05 01:06:49,264 10432 INFO kore odoo.modules.loading: loading auth_signup/views/res_config_settings_views.xml 
2026-03-05 01:06:49,357 10432 INFO kore odoo.modules.loading: loading auth_signup/views/res_users_views.xml 
2026-03-05 01:06:49,441 10432 INFO kore odoo.modules.loading: loading auth_signup/views/auth_signup_login_templates.xml 
2026-03-05 01:06:49,507 10432 INFO kore odoo.modules.loading: loading auth_signup/views/auth_signup_templates_email.xml 
2026-03-05 01:06:49,524 10432 INFO kore odoo.modules.loading: loading auth_signup/views/webclient_templates.xml 
2026-03-05 01:06:49,601 10432 INFO kore odoo.modules.loading: Module auth_signup loaded in 0.58s, 291 queries (+291 other) 
2026-03-05 01:06:49,602 10432 INFO kore odoo.modules.loading: Loading module auth_totp_mail (22/57) 
2026-03-05 01:06:49,632 10432 INFO kore odoo.registry: module auth_totp_mail: creating or updating database tables 
2026-03-05 01:06:49,725 10432 INFO kore odoo.modules.loading: loading auth_totp_mail/data/ir_action_data.xml 
2026-03-05 01:06:49,760 10432 INFO kore odoo.modules.loading: loading auth_totp_mail/data/mail_template_data.xml 
2026-03-05 01:06:49,768 10432 INFO kore odoo.modules.loading: loading auth_totp_mail/data/security_notifications_template.xml 
2026-03-05 01:06:49,791 10432 INFO kore odoo.modules.loading: loading auth_totp_mail/views/res_config_settings_views.xml 
2026-03-05 01:06:49,877 10432 INFO kore odoo.modules.loading: loading auth_totp_mail/views/res_users_views.xml 
2026-03-05 01:06:49,955 10432 INFO kore odoo.modules.loading: loading auth_totp_mail/views/templates.xml 
2026-03-05 01:06:50,026 10432 INFO kore odoo.modules.loading: Module auth_totp_mail loaded in 0.42s, 218 queries (+218 other) 
2026-03-05 01:06:50,026 10432 INFO kore odoo.modules.loading: Loading module base_install_request (23/57) 
2026-03-05 01:06:50,047 10432 INFO kore odoo.registry: module base_install_request: creating or updating database tables 
2026-03-05 01:06:50,119 10432 INFO kore odoo.modules.loading: loading base_install_request/security/ir.model.access.csv 
2026-03-05 01:06:50,158 10432 INFO kore odoo.modules.loading: loading base_install_request/wizard/base_module_install_request_views.xml 
2026-03-05 01:06:50,208 10432 INFO kore odoo.modules.loading: loading base_install_request/data/mail_template_data.xml 
2026-03-05 01:06:50,213 10432 INFO kore odoo.modules.loading: loading base_install_request/data/mail_templates_module_install.xml 
2026-03-05 01:06:50,228 10432 INFO kore odoo.modules.loading: loading base_install_request/views/ir_module_module_views.xml 
2026-03-05 01:06:50,304 10432 INFO kore odoo.modules.loading: Module base_install_request loaded in 0.28s, 143 queries (+143 other) 
2026-03-05 01:06:50,304 10432 INFO kore odoo.modules.loading: Loading module google_gmail (24/57) 
2026-03-05 01:06:50,342 10432 INFO kore odoo.registry: module google_gmail: creating or updating database tables 
2026-03-05 01:06:50,467 10432 INFO kore odoo.modules.loading: loading google_gmail/views/fetchmail_server_views.xml 
2026-03-05 01:06:50,519 10432 INFO kore odoo.modules.loading: loading google_gmail/views/ir_mail_server_views.xml 
2026-03-05 01:06:50,558 10432 INFO kore odoo.modules.loading: loading google_gmail/views/res_config_settings_views.xml 
2026-03-05 01:06:50,649 10432 INFO kore odoo.modules.loading: loading google_gmail/views/templates.xml 
2026-03-05 01:06:50,686 10432 INFO kore odoo.modules.loading: Module google_gmail loaded in 0.38s, 178 queries (+178 other) 
2026-03-05 01:06:50,686 10432 INFO kore odoo.modules.loading: Loading module iap_mail (25/57) 
2026-03-05 01:06:50,704 10432 INFO kore odoo.registry: module iap_mail: creating or updating database tables 
2026-03-05 01:06:50,772 10432 INFO kore odoo.modules.loading: loading iap_mail/data/mail_templates.xml 
2026-03-05 01:06:50,803 10432 INFO kore odoo.modules.loading: loading iap_mail/views/iap_views.xml 
2026-03-05 01:06:50,859 10432 INFO kore odoo.modules.loading: Module iap_mail loaded in 0.17s, 87 queries (+87 other) 
2026-03-05 01:06:50,859 10432 INFO kore odoo.modules.loading: Loading module mail_bot (26/57) 
2026-03-05 01:06:50,888 10432 INFO kore odoo.registry: module mail_bot: creating or updating database tables 
2026-03-05 01:06:50,980 10432 INFO kore odoo.modules.loading: loading mail_bot/views/res_users_views.xml 
2026-03-05 01:06:51,047 10432 INFO kore odoo.modules.loading: loading mail_bot/data/mailbot_data.xml 
2026-03-05 01:06:51,072 10432 INFO kore odoo.modules.loading: Module mail_bot loaded in 0.21s, 109 queries (+109 other) 
2026-03-05 01:06:51,072 10432 INFO kore odoo.modules.loading: Loading module microsoft_outlook (27/57) 
2026-03-05 01:06:51,107 10432 INFO kore odoo.registry: module microsoft_outlook: creating or updating database tables 
2026-03-05 01:06:51,223 10432 INFO kore odoo.modules.loading: loading microsoft_outlook/views/fetchmail_server_views.xml 
2026-03-05 01:06:51,271 10432 INFO kore odoo.modules.loading: loading microsoft_outlook/views/ir_mail_server_views.xml 
2026-03-05 01:06:51,308 10432 INFO kore odoo.modules.loading: loading microsoft_outlook/views/res_config_settings_views.xml 
2026-03-05 01:06:51,388 10432 INFO kore odoo.modules.loading: loading microsoft_outlook/views/templates.xml 
2026-03-05 01:06:51,426 10432 INFO kore odoo.modules.loading: Module microsoft_outlook loaded in 0.35s, 179 queries (+179 other) 
2026-03-05 01:06:51,426 10432 INFO kore odoo.modules.loading: Loading module phone_validation (28/57) 
2026-03-05 01:06:51,640 10432 INFO kore odoo.registry: module phone_validation: creating or updating database tables 
2026-03-05 01:06:53,676 10432 INFO kore odoo.modules.loading: loading phone_validation/security/ir.model.access.csv 
2026-03-05 01:06:53,711 10432 INFO kore odoo.modules.loading: loading phone_validation/views/phone_blacklist_views.xml 
2026-03-05 01:06:53,804 10432 INFO kore odoo.modules.loading: loading phone_validation/views/res_partner_views.xml 
2026-03-05 01:06:53,838 10432 INFO kore odoo.modules.loading: loading phone_validation/wizard/phone_blacklist_remove_view.xml 
2026-03-05 01:06:53,880 10432 INFO kore odoo.modules.loading: Module phone_validation loaded in 2.45s, 1737 queries (+1737 other) 
2026-03-05 01:06:53,880 10432 INFO kore odoo.modules.loading: Loading module privacy_lookup (29/57) 
2026-03-05 01:06:53,920 10432 INFO kore odoo.registry: module privacy_lookup: creating or updating database tables 
2026-03-05 01:06:54,084 10432 INFO kore odoo.modules.loading: loading privacy_lookup/wizard/privacy_lookup_wizard_views.xml 
2026-03-05 01:06:54,177 10432 INFO kore odoo.modules.loading: loading privacy_lookup/views/privacy_log_views.xml 
2026-03-05 01:06:54,224 10432 INFO kore odoo.modules.loading: loading privacy_lookup/security/ir.model.access.csv 
2026-03-05 01:06:54,287 10432 INFO kore odoo.modules.loading: loading privacy_lookup/data/ir_actions_server_data.xml 
2026-03-05 01:06:54,397 10432 INFO kore odoo.modules.loading: Module privacy_lookup loaded in 0.52s, 248 queries (+248 other) 
2026-03-05 01:06:54,397 10432 INFO kore odoo.modules.loading: Loading module product (30/57) 
2026-03-05 01:06:54,580 10432 INFO kore odoo.registry: module product: creating or updating database tables 
2026-03-05 01:06:55,034 10432 INFO kore odoo.modules.loading: loading product/data/product_data.xml 
2026-03-05 01:06:55,052 10432 INFO kore odoo.modules.loading: loading product/security/product_security.xml 
2026-03-05 01:06:55,115 10432 INFO kore odoo.modules.loading: loading product/security/ir.model.access.csv 
2026-03-05 01:06:55,218 10432 INFO kore odoo.modules.loading: loading product/wizard/product_label_layout_views.xml 
2026-03-05 01:06:55,248 10432 INFO kore odoo.models.unlink: User #1 deleted ir.actions.act_window.view records with IDs: [27] 
2026-03-05 01:06:55,254 10432 INFO kore odoo.modules.loading: loading product/wizard/update_product_attribute_value_views.xml 
2026-03-05 01:06:55,274 10432 INFO kore odoo.modules.loading: loading product/views/product_tag_views.xml 
2026-03-05 01:06:55,311 10432 INFO kore odoo.modules.loading: loading product/views/product_views.xml 
2026-03-05 01:06:55,427 10432 INFO kore odoo.models.unlink: User #1 deleted ir.actions.act_window.view records with IDs: [28, 29, 30] 
2026-03-05 01:06:55,599 10432 INFO kore odoo.modules.loading: loading product/views/res_config_settings_views.xml 
2026-03-05 01:06:55,675 10432 INFO kore odoo.modules.loading: loading product/views/product_attribute_views.xml 
2026-03-05 01:06:55,782 10432 INFO kore odoo.modules.loading: loading product/views/product_attribute_value_views.xml 
2026-03-05 01:06:55,795 10432 INFO kore odoo.modules.loading: loading product/views/product_category_views.xml 
2026-03-05 01:06:55,839 10432 INFO kore odoo.modules.loading: loading product/views/product_combo_views.xml 
2026-03-05 01:06:55,874 10432 INFO kore odoo.modules.loading: loading product/views/product_document_views.xml 
2026-03-05 01:06:55,928 10432 INFO kore odoo.modules.loading: loading product/views/product_pricelist_item_views.xml 
2026-03-05 01:06:56,051 10432 INFO kore odoo.modules.loading: loading product/views/product_pricelist_views.xml 
2026-03-05 01:06:56,114 10432 INFO kore odoo.modules.loading: loading product/views/product_supplierinfo_views.xml 
2026-03-05 01:06:56,173 10432 INFO kore odoo.modules.loading: loading product/views/product_template_attribute_line_views.xml 
2026-03-05 01:06:56,187 10432 INFO kore odoo.modules.loading: loading product/views/product_template_views.xml 
2026-03-05 01:06:56,340 10432 INFO kore odoo.modules.loading: loading product/views/res_country_group_views.xml 
2026-03-05 01:06:56,370 10432 INFO kore odoo.modules.loading: loading product/views/res_partner_views.xml 
2026-03-05 01:06:56,426 10432 INFO kore odoo.modules.loading: loading product/views/uom_views.xml 
2026-03-05 01:06:56,471 10432 INFO kore odoo.modules.loading: loading product/report/product_reports.xml 
2026-03-05 01:06:56,499 10432 INFO kore odoo.modules.loading: loading product/report/product_product_templates.xml 
2026-03-05 01:06:56,595 10432 INFO kore odoo.modules.loading: loading product/report/product_template_templates.xml 
2026-03-05 01:06:56,662 10432 INFO kore odoo.modules.loading: loading product/report/product_packaging.xml 
2026-03-05 01:06:56,677 10432 INFO kore odoo.modules.loading: loading product/report/product_pricelist_report_templates.xml 
2026-03-05 01:06:56,824 10432 INFO kore odoo.modules.loading: Module product loaded in 2.43s, 1421 queries (+1421 other) 
2026-03-05 01:06:56,824 10432 INFO kore odoo.modules.loading: Loading module resource_mail (31/57) 
2026-03-05 01:06:56,847 10432 INFO kore odoo.registry: module resource_mail: creating or updating database tables 
2026-03-05 01:06:56,922 10432 INFO kore odoo.modules.loading: Module resource_mail loaded in 0.10s, 34 queries (+34 other) 
2026-03-05 01:06:56,922 10432 INFO kore odoo.modules.loading: Loading module partner_autocomplete (32/57) 
2026-03-05 01:06:56,990 10432 INFO kore odoo.registry: module partner_autocomplete: creating or updating database tables 
2026-03-05 01:06:57,179 10432 INFO kore odoo.modules.loading: loading partner_autocomplete/views/res_company_views.xml 
2026-03-05 01:06:57,223 10432 INFO kore odoo.modules.loading: loading partner_autocomplete/views/res_config_settings_views.xml 
2026-03-05 01:06:57,301 10432 INFO kore odoo.modules.loading: loading partner_autocomplete/data/iap_service_data.xml 
2026-03-05 01:06:57,327 10432 INFO kore odoo.modules.loading: Module partner_autocomplete loaded in 0.41s, 172 queries (+172 other) 
2026-03-05 01:06:57,328 10432 INFO kore odoo.modules.loading: Loading module portal (33/57) 
2026-03-05 01:06:57,433 10432 INFO kore odoo.registry: module portal: creating or updating database tables 
2026-03-05 01:06:57,833 10432 INFO kore odoo.modules.loading: loading portal/security/ir.model.access.csv 
2026-03-05 01:06:57,862 10432 INFO kore odoo.modules.loading: loading portal/data/mail_templates.xml 
2026-03-05 01:06:57,867 10432 INFO kore odoo.modules.loading: loading portal/views/address_templates.xml 
2026-03-05 01:06:57,956 10432 INFO kore odoo.modules.loading: loading portal/views/mail_templates_public.xml 
2026-03-05 01:06:57,981 10432 INFO kore odoo.modules.loading: loading portal/views/portal_templates.xml 
2026-03-05 01:06:58,369 10432 INFO kore odoo.modules.loading: loading portal/views/res_config_settings_views.xml 
2026-03-05 01:06:58,464 10432 INFO kore odoo.modules.loading: loading portal/wizard/portal_share_views.xml 
2026-03-05 01:06:58,484 10432 INFO kore odoo.modules.loading: loading portal/wizard/portal_wizard_views.xml 
2026-03-05 01:06:58,579 10432 INFO kore odoo.modules.loading: Module portal loaded in 1.25s, 813 queries (+813 other) 
2026-03-05 01:06:58,579 10432 INFO kore odoo.modules.loading: Loading module sms (34/57) 
2026-03-05 01:06:58,844 10432 INFO kore odoo.registry: module sms: creating or updating database tables 
2026-03-05 01:07:01,090 10432 INFO kore odoo.modules.loading: loading sms/data/iap_service_data.xml 
2026-03-05 01:07:01,097 10432 INFO kore odoo.modules.loading: loading sms/data/ir_cron_data.xml 
2026-03-05 01:07:01,102 10432 INFO kore odoo.modules.loading: loading sms/wizard/sms_account_code_views.xml 
2026-03-05 01:07:01,132 10432 INFO kore odoo.modules.loading: loading sms/wizard/sms_account_phone_views.xml 
2026-03-05 01:07:01,149 10432 INFO kore odoo.modules.loading: loading sms/wizard/sms_account_sender_views.xml 
2026-03-05 01:07:01,166 10432 INFO kore odoo.modules.loading: loading sms/wizard/sms_composer_views.xml 
2026-03-05 01:07:01,192 10432 INFO kore odoo.modules.loading: loading sms/wizard/sms_template_preview_views.xml 
2026-03-05 01:07:01,210 10432 INFO kore odoo.modules.loading: loading sms/wizard/sms_template_reset_views.xml 
2026-03-05 01:07:01,232 10432 INFO kore odoo.modules.loading: loading sms/views/ir_actions_server_views.xml 
2026-03-05 01:07:01,296 10432 INFO kore odoo.modules.loading: loading sms/views/mail_notification_views.xml 
2026-03-05 01:07:01,341 10432 INFO kore odoo.modules.loading: loading sms/views/res_config_settings_views.xml 
2026-03-05 01:07:01,418 10432 INFO kore odoo.modules.loading: loading sms/views/res_partner_views.xml 
2026-03-05 01:07:01,480 10432 INFO kore odoo.modules.loading: loading sms/views/iap_account_views.xml 
2026-03-05 01:07:01,514 10432 INFO kore odoo.modules.loading: loading sms/views/sms_sms_views.xml 
2026-03-05 01:07:01,578 10432 INFO kore odoo.modules.loading: loading sms/views/sms_template_views.xml 
2026-03-05 01:07:01,630 10432 INFO kore odoo.modules.loading: loading sms/security/ir.model.access.csv 
2026-03-05 01:07:01,714 10432 INFO kore odoo.modules.loading: loading sms/security/sms_security.xml 
2026-03-05 01:07:01,770 10432 INFO kore odoo.modules.loading: Module sms loaded in 3.19s, 2289 queries (+2289 other) 
2026-03-05 01:07:01,770 10432 INFO kore odoo.modules.loading: Loading module snailmail (35/57) 
2026-03-05 01:07:02,117 10432 INFO kore odoo.registry: module snailmail: creating or updating database tables 
2026-03-05 01:07:02,536 10432 INFO kore odoo.modules.loading: loading snailmail/data/iap_service_data.xml 
2026-03-05 01:07:02,542 10432 INFO kore odoo.modules.loading: loading snailmail/data/snailmail_data.xml 
2026-03-05 01:07:02,586 10432 INFO kore odoo.modules.loading: loading snailmail/views/report_assets.xml 
2026-03-05 01:07:02,630 10432 INFO kore odoo.modules.loading: loading snailmail/views/snailmail_views.xml 
2026-03-05 01:07:02,684 10432 INFO kore odoo.modules.loading: loading snailmail/security/ir.model.access.csv 
2026-03-05 01:07:02,763 10432 INFO kore odoo.modules.loading: Module snailmail loaded in 0.99s, 420 queries (+420 other) 
2026-03-05 01:07:02,763 10432 INFO kore odoo.modules.loading: Loading module auth_passkey_portal (36/57) 
2026-03-05 01:07:02,812 10432 INFO kore odoo.modules.loading: loading auth_passkey_portal/views/templates.xml 
2026-03-05 01:07:02,866 10432 INFO kore odoo.modules.loading: Module auth_passkey_portal loaded in 0.10s, 32 queries (+32 other) 
2026-03-05 01:07:02,866 10432 INFO kore odoo.modules.loading: Loading module auth_totp_portal (37/57) 
2026-03-05 01:07:02,897 10432 INFO kore odoo.registry: module auth_totp_portal: creating or updating database tables 
2026-03-05 01:07:02,979 10432 INFO kore odoo.modules.loading: loading auth_totp_portal/security/security.xml 
2026-03-05 01:07:02,986 10432 INFO kore odoo.modules.loading: loading auth_totp_portal/views/templates.xml 
2026-03-05 01:07:03,041 10432 INFO kore odoo.modules.loading: Module auth_totp_portal loaded in 0.17s, 78 queries (+78 other) 
2026-03-05 01:07:03,041 10432 INFO kore odoo.modules.loading: Loading module digest (38/57) 
2026-03-05 01:07:03,080 10432 INFO kore odoo.registry: module digest: creating or updating database tables 
2026-03-05 01:07:03,201 10432 INFO kore odoo.modules.loading: loading digest/security/ir.model.access.csv 
2026-03-05 01:07:03,243 10432 INFO kore odoo.modules.loading: loading digest/data/digest_data.xml 
2026-03-05 01:07:03,253 10432 INFO kore odoo.modules.loading: loading digest/data/digest_tips_data.xml 
2026-03-05 01:07:03,290 10432 INFO kore odoo.modules.loading: loading digest/data/ir_cron_data.xml 
2026-03-05 01:07:03,343 10432 INFO kore odoo.modules.loading: loading digest/data/res_config_settings_data.xml 
2026-03-05 01:07:03,349 10432 INFO kore odoo.modules.loading: loading digest/views/digest_views.xml 
2026-03-05 01:07:03,469 10432 INFO kore odoo.modules.loading: loading digest/views/digest_templates.xml 
2026-03-05 01:07:03,485 10432 INFO kore odoo.modules.loading: loading digest/views/res_config_settings_views.xml 
2026-03-05 01:07:03,652 10432 INFO kore odoo.modules.loading: Module digest loaded in 0.61s, 323 queries (+323 other) 
2026-03-05 01:07:03,652 10432 INFO kore odoo.modules.loading: Loading module payment (39/57) 
2026-03-05 01:07:03,800 10432 INFO kore odoo.registry: module payment: creating or updating database tables 
2026-03-05 01:07:04,098 10432 INFO kore odoo.modules.loading: loading payment/data/ir_actions_server_data.xml 
2026-03-05 01:07:04,115 10432 INFO kore odoo.modules.loading: loading payment/data/payment_method_data.xml 
2026-03-05 01:07:04,404 10432 INFO kore odoo.modules.loading: loading payment/data/payment_provider_data.xml 
2026-03-05 01:07:04,433 10432 INFO kore odoo.modules.loading: loading payment/data/payment_cron.xml 
2026-03-05 01:07:04,479 10432 INFO kore odoo.modules.loading: loading payment/views/express_checkout_templates.xml 
2026-03-05 01:07:04,495 10432 INFO kore odoo.modules.loading: loading payment/views/payment_form_templates.xml 
2026-03-05 01:07:04,628 10432 INFO kore odoo.modules.loading: loading payment/views/portal_templates.xml 
2026-03-05 01:07:04,761 10432 INFO kore odoo.modules.loading: loading payment/views/payment_provider_views.xml 
2026-03-05 01:07:04,839 10432 INFO kore odoo.modules.loading: loading payment/views/payment_method_views.xml 
2026-03-05 01:07:04,894 10432 INFO kore odoo.modules.loading: loading payment/views/payment_transaction_views.xml 
2026-03-05 01:07:04,978 10432 INFO kore odoo.modules.loading: loading payment/views/payment_token_views.xml 
2026-03-05 01:07:05,023 10432 INFO kore odoo.modules.loading: loading payment/views/res_partner_views.xml 
2026-03-05 01:07:05,083 10432 INFO kore odoo.modules.loading: loading payment/security/ir.model.access.csv 
2026-03-05 01:07:05,154 10432 INFO kore odoo.modules.loading: loading payment/security/payment_security.xml 
2026-03-05 01:07:05,160 10432 INFO kore odoo.modules.loading: loading payment/wizards/payment_capture_wizard_views.xml 
2026-03-05 01:07:05,182 10432 INFO kore odoo.modules.loading: loading payment/wizards/payment_link_wizard_views.xml 
2026-03-05 01:07:05,262 10432 INFO kore odoo.modules.loading: Module payment loaded in 1.61s, 1172 queries (+1172 other) 
2026-03-05 01:07:05,262 10432 INFO kore odoo.modules.loading: Loading module spreadsheet (40/57) 
2026-03-05 01:07:05,296 10432 INFO kore odoo.registry: module spreadsheet: creating or updating database tables 
2026-03-05 01:07:05,403 10432 INFO kore odoo.modules.loading: loading spreadsheet/views/public_readonly_spreadsheet_templates.xml 
2026-03-05 01:07:05,440 10432 INFO kore odoo.modules.loading: Module spreadsheet loaded in 0.18s, 96 queries (+96 other) 
2026-03-05 01:07:05,442 10432 INFO kore odoo.modules.loading: Loading module account (41/57) 
2026-03-05 01:07:05,842 10432 INFO kore odoo.registry: module account: creating or updating database tables 
2026-03-05 01:07:07,183 10432 INFO kore odoo.modules.loading: loading account/security/account_security.xml 
2026-03-05 01:07:07,418 10432 INFO kore odoo.modules.loading: loading account/security/ir.model.access.csv 
2026-03-05 01:07:07,660 10432 INFO kore odoo.modules.loading: loading account/data/account_data.xml 
2026-03-05 01:07:07,704 10432 INFO kore odoo.modules.loading: loading account/data/digest_data.xml 
2026-03-05 01:07:07,722 10432 INFO kore odoo.modules.loading: loading account/views/account_report.xml 
2026-03-05 01:07:07,750 10432 INFO kore odoo.modules.loading: loading account/data/mail_template_data.xml 
2026-03-05 01:07:07,763 10432 INFO kore odoo.modules.loading: loading account/data/onboarding_data.xml 
2026-03-05 01:07:07,785 10432 INFO kore odoo.modules.loading: loading account/data/account_tour.xml 
2026-03-05 01:07:07,789 10432 INFO kore odoo.modules.loading: loading account/data/ir_sequence.xml 
2026-03-05 01:07:07,795 10432 INFO kore odoo.modules.loading: loading account/data/res_country_group.xml 
2026-03-05 01:07:07,801 10432 INFO kore odoo.modules.loading: loading account/views/account_payment_view.xml 
2026-03-05 01:07:07,966 10432 INFO kore odoo.modules.loading: loading account/wizard/account_automatic_entry_wizard_views.xml 
2026-03-05 01:07:07,997 10432 INFO kore odoo.modules.loading: loading account/wizard/account_autopost_bills_wizard.xml 
2026-03-05 01:07:08,017 10432 INFO kore odoo.modules.loading: loading account/wizard/account_unreconcile_view.xml 
2026-03-05 01:07:08,030 10432 INFO kore odoo.modules.loading: loading account/wizard/account_move_reversal_view.xml 
2026-03-05 01:07:08,055 10432 INFO kore odoo.modules.loading: loading account/wizard/account_resequence_views.xml 
2026-03-05 01:07:08,073 10432 INFO kore odoo.modules.loading: loading account/wizard/account_payment_register_views.xml 
2026-03-05 01:07:08,102 10432 INFO kore odoo.modules.loading: loading account/views/account_move_views.xml 
2026-03-05 01:07:10,170 10432 INFO kore odoo.modules.loading: loading account/wizard/setup_wizards_view.xml 
2026-03-05 01:07:10,233 10432 INFO kore odoo.modules.loading: loading account/views/account_account_views.xml 
2026-03-05 01:07:10,316 10432 INFO kore odoo.modules.loading: loading account/views/account_group_views.xml 
2026-03-05 01:07:10,352 10432 INFO kore odoo.modules.loading: loading account/views/account_journal_views.xml 
2026-03-05 01:07:10,532 10432 INFO kore odoo.models.unlink: User #1 deleted ir.actions.act_window.view records with IDs: [31, 32, 33] 
2026-03-05 01:07:10,571 10432 INFO kore odoo.modules.loading: loading account/views/account_account_tag_views.xml 
2026-03-05 01:07:10,604 10432 INFO kore odoo.modules.loading: loading account/views/account_bank_statement_views.xml 
2026-03-05 01:07:10,674 10432 INFO kore odoo.modules.loading: loading account/views/account_reconcile_model_views.xml 
2026-03-05 01:07:10,728 10432 INFO kore odoo.modules.loading: loading account/views/account_tax_views.xml 
2026-03-05 01:07:10,912 10432 INFO kore odoo.modules.loading: loading account/views/account_full_reconcile_views.xml 
2026-03-05 01:07:10,930 10432 INFO kore odoo.modules.loading: loading account/views/account_payment_term_views.xml 
2026-03-05 01:07:10,993 10432 INFO kore odoo.modules.loading: loading account/views/account_payment_method.xml 
2026-03-05 01:07:11,017 10432 INFO kore odoo.modules.loading: loading account/views/res_partner_bank_views.xml 
2026-03-05 01:07:11,077 10432 INFO kore odoo.modules.loading: loading account/views/report_statement.xml 
2026-03-05 01:07:11,116 10432 INFO kore odoo.modules.loading: loading account/views/terms_template.xml 
2026-03-05 01:07:11,158 10432 INFO kore odoo.modules.loading: loading account/wizard/account_validate_move_view.xml 
2026-03-05 01:07:11,191 10432 INFO kore odoo.modules.loading: loading account/views/res_company_views.xml 
2026-03-05 01:07:11,262 10432 INFO kore odoo.modules.loading: loading account/views/product_view.xml 
2026-03-05 01:07:11,345 10432 INFO kore odoo.models.unlink: User #1 deleted ir.actions.act_window.view records with IDs: [35, 36, 37, 38] 
2026-03-05 01:07:11,365 10432 INFO kore odoo.models.unlink: User #1 deleted ir.actions.act_window.view records with IDs: [39, 40, 41, 42] 
2026-03-05 01:07:11,463 10432 INFO kore odoo.modules.loading: loading account/views/account_analytic_plan_views.xml 
2026-03-05 01:07:11,499 10432 INFO kore odoo.modules.loading: loading account/views/account_analytic_account_views.xml 
2026-03-05 01:07:11,565 10432 INFO kore odoo.modules.loading: loading account/views/account_analytic_distribution_model_views.xml 
2026-03-05 01:07:11,619 10432 INFO kore odoo.modules.loading: loading account/views/account_analytic_line_views.xml 
2026-03-05 01:07:11,726 10432 INFO kore odoo.modules.loading: loading account/views/report_invoice.xml 
2026-03-05 01:07:11,845 10432 INFO kore odoo.modules.loading: loading account/report/account_invoice_report_view.xml 
2026-03-05 01:07:11,942 10432 INFO kore odoo.modules.loading: loading account/views/account_cash_rounding_view.xml 
2026-03-05 01:07:11,987 10432 INFO kore odoo.modules.loading: loading account/views/ir_actions_views.xml 
2026-03-05 01:07:12,019 10432 INFO kore odoo.modules.loading: loading account/views/ir_module_views.xml 
2026-03-05 01:07:12,049 10432 INFO kore odoo.modules.loading: loading account/views/base_document_layout_views.xml 
2026-03-05 01:07:12,087 10432 INFO kore odoo.modules.loading: loading account/views/res_config_settings_views.xml 
2026-03-05 01:07:12,332 10432 INFO kore odoo.modules.loading: loading account/views/partner_view.xml 
2026-03-05 01:07:12,627 10432 INFO kore odoo.modules.loading: loading account/views/account_journal_dashboard_view.xml 
2026-03-05 01:07:12,668 10432 INFO kore odoo.modules.loading: loading account/views/account_portal_templates.xml 
2026-03-05 01:07:12,836 10432 INFO kore odoo.modules.loading: loading account/views/report_payment_receipt_templates.xml 
2026-03-05 01:07:12,864 10432 INFO kore odoo.modules.loading: loading account/data/service_cron.xml 
2026-03-05 01:07:12,920 10432 INFO kore odoo.modules.loading: loading account/views/account_incoterms_view.xml 
2026-03-05 01:07:12,961 10432 INFO kore odoo.modules.loading: loading account/data/account_incoterms_data.xml 
2026-03-05 01:07:12,990 10432 INFO kore odoo.modules.loading: loading account/views/digest_views.xml 
2026-03-05 01:07:13,024 10432 INFO kore odoo.modules.loading: loading account/wizard/account_move_send_wizard.xml 
2026-03-05 01:07:13,045 10432 INFO kore odoo.modules.loading: loading account/wizard/account_move_send_batch_wizard.xml 
2026-03-05 01:07:13,063 10432 INFO kore odoo.modules.loading: loading account/report/account_hash_integrity_templates.xml 
2026-03-05 01:07:13,081 10432 INFO kore odoo.modules.loading: loading account/views/res_currency.xml 
2026-03-05 01:07:13,117 10432 INFO kore odoo.modules.loading: loading account/views/res_country_group_view.xml 
2026-03-05 01:07:13,145 10432 INFO kore odoo.modules.loading: loading account/views/account_menuitem.xml 
2026-03-05 01:07:13,512 10432 INFO kore odoo.modules.loading: loading account/wizard/account_secure_entries_wizard.xml 
2026-03-05 01:07:13,540 10432 INFO kore odoo.modules.loading: loading account/views/mail_message_views.xml 
2026-03-05 01:07:13,588 10432 INFO kore odoo.modules.loading: loading account/wizard/accrued_orders.xml 
2026-03-05 01:07:13,607 10432 INFO kore odoo.modules.loading: loading account/views/bill_preview_template.xml 
2026-03-05 01:07:13,628 10432 INFO kore odoo.modules.loading: loading account/data/account_reports_data.xml 
2026-03-05 01:07:13,670 10432 INFO kore odoo.modules.loading: loading account/views/uom_uom_views.xml 
2026-03-05 01:07:13,702 10432 INFO kore odoo.modules.loading: loading account/views/product_views.xml 
2026-03-05 01:07:13,753 10432 INFO kore odoo.modules.loading: loading account/views/tests_shared_js_python.xml 
2026-03-05 01:07:13,768 10432 INFO kore odoo.modules.loading: loading account/views/account_lock_exception_views.xml 
2026-03-05 01:07:13,787 10432 INFO kore odoo.modules.loading: loading account/views/report_templates.xml 
2026-03-05 01:07:13,862 10432 INFO kore odoo.modules.loading: loading account/wizard/account_merge_wizard_views.xml 
2026-03-05 01:07:14,116 10432 INFO kore odoo.modules.loading: Module account loaded in 8.67s, 4437 queries (+4437 other) 
2026-03-05 01:07:14,116 10432 INFO kore odoo.modules.loading: Loading module base_automation (42/57) 
2026-03-05 01:07:14,157 10432 INFO kore odoo.registry: module base_automation: creating or updating database tables 
2026-03-05 01:07:14,290 10432 INFO kore odoo.modules.loading: loading base_automation/security/ir.model.access.csv 
2026-03-05 01:07:14,337 10432 INFO kore odoo.modules.loading: loading base_automation/data/base_automation_data.xml 
2026-03-05 01:07:14,341 10432 INFO kore odoo.modules.loading: loading base_automation/data/digest_data.xml 
2026-03-05 01:07:14,352 10432 INFO kore odoo.modules.loading: loading base_automation/views/base_automation_views.xml 
2026-03-05 01:07:14,448 10432 INFO kore odoo.modules.loading: loading base_automation/views/ir_actions_server_views.xml 
2026-03-05 01:07:14,553 10432 INFO kore odoo.modules.loading: Module base_automation loaded in 0.44s, 172 queries (+172 other) 
2026-03-05 01:07:14,553 10432 INFO kore odoo.modules.loading: Loading module spreadsheet_dashboard (43/57) 
2026-03-05 01:07:14,584 10432 INFO kore odoo.registry: module spreadsheet_dashboard: creating or updating database tables 
2026-03-05 01:07:14,700 10432 INFO kore odoo.modules.loading: loading spreadsheet_dashboard/security/security.xml 
2026-03-05 01:07:14,824 10432 INFO kore odoo.modules.loading: loading spreadsheet_dashboard/security/ir.model.access.csv 
2026-03-05 01:07:14,855 10432 INFO kore odoo.modules.loading: loading spreadsheet_dashboard/views/spreadsheet_dashboard_views.xml 
2026-03-05 01:07:14,919 10432 INFO kore odoo.modules.loading: loading spreadsheet_dashboard/views/menu_views.xml 
2026-03-05 01:07:14,978 10432 INFO kore odoo.modules.loading: loading spreadsheet_dashboard/data/dashboard.xml 
2026-03-05 01:07:15,033 10432 INFO kore odoo.modules.loading: Module spreadsheet_dashboard loaded in 0.48s, 256 queries (+256 other) 
2026-03-05 01:07:15,033 10432 INFO kore odoo.modules.loading: Loading module account_add_gln (44/57) 
2026-03-05 01:07:15,101 10432 INFO kore odoo.registry: module account_add_gln: creating or updating database tables 
2026-03-05 01:07:15,281 10432 INFO kore odoo.modules.loading: loading account_add_gln/views/res_partner_views.xml 
2026-03-05 01:07:15,392 10432 INFO kore odoo.modules.loading: Module account_add_gln loaded in 0.36s, 106 queries (+106 other) 
2026-03-05 01:07:15,392 10432 INFO kore odoo.modules.loading: Loading module account_edi_ubl_cii (45/57) 
2026-03-05 01:07:15,516 10432 INFO kore odoo.registry: module account_edi_ubl_cii: creating or updating database tables 
2026-03-05 01:07:15,845 10432 INFO kore odoo.modules.loading: loading account_edi_ubl_cii/data/cii_22_templates.xml 
2026-03-05 01:07:15,920 10432 INFO kore odoo.modules.loading: loading account_edi_ubl_cii/views/account_tax_views.xml 
2026-03-05 01:07:15,964 10432 INFO kore odoo.modules.loading: loading account_edi_ubl_cii/views/res_partner_views.xml 
2026-03-05 01:07:16,043 10432 INFO kore odoo.modules.loading: loading account_edi_ubl_cii/report/account_edi_ubl_cii_report_templates.xml 
2026-03-05 01:07:16,138 10432 INFO kore odoo.modules.loading: Module account_edi_ubl_cii loaded in 0.75s, 356 queries (+356 other) 
2026-03-05 01:07:16,139 10432 INFO kore odoo.modules.loading: Loading module account_payment (46/57) 
2026-03-05 01:07:16,236 10432 INFO kore odoo.registry: module account_payment: creating or updating database tables 
2026-03-05 01:07:16,547 10432 INFO kore odoo.modules.loading: loading account_payment/data/ir_config_parameter.xml 
2026-03-05 01:07:16,551 10432 INFO kore odoo.modules.loading: loading account_payment/security/ir.model.access.csv 
2026-03-05 01:07:16,580 10432 INFO kore odoo.modules.loading: loading account_payment/security/ir_rules.xml 
2026-03-05 01:07:16,584 10432 INFO kore odoo.modules.loading: loading account_payment/views/account_payment_menus.xml 
2026-03-05 01:07:16,620 10432 INFO kore odoo.modules.loading: loading account_payment/views/account_portal_templates.xml 
2026-03-05 01:07:16,826 10432 INFO kore odoo.modules.loading: loading account_payment/views/account_move_views.xml 
2026-03-05 01:07:16,972 10432 INFO kore odoo.modules.loading: loading account_payment/views/account_journal_views.xml 
2026-03-05 01:07:17,027 10432 INFO kore odoo.modules.loading: loading account_payment/views/account_payment_views.xml 
2026-03-05 01:07:17,074 10432 INFO kore odoo.modules.loading: loading account_payment/views/payment_form_templates.xml 
2026-03-05 01:07:17,098 10432 INFO kore odoo.modules.loading: loading account_payment/views/payment_provider_views.xml 
2026-03-05 01:07:17,131 10432 INFO kore odoo.modules.loading: loading account_payment/views/payment_transaction_views.xml 
2026-03-05 01:07:17,163 10432 INFO kore odoo.modules.loading: loading account_payment/wizards/account_payment_register_views.xml 
2026-03-05 01:07:17,202 10432 INFO kore odoo.modules.loading: loading account_payment/wizards/payment_link_wizard_views.xml 
2026-03-05 01:07:17,238 10432 INFO kore odoo.modules.loading: loading account_payment/wizards/payment_refund_wizard_views.xml 
2026-03-05 01:07:17,257 10432 INFO kore odoo.modules.loading: loading account_payment/wizards/res_config_settings_views.xml 
2026-03-05 01:07:17,409 10432 INFO kore odoo.modules.loading: Module account_payment loaded in 1.27s, 624 queries (+624 other) 
2026-03-05 01:07:17,409 10432 INFO kore odoo.modules.loading: Loading module gov_base (47/57) 
2026-03-05 01:07:17,459 10432 INFO kore odoo.registry: module gov_base: creating or updating database tables 
2026-03-05 01:07:17,584 10432 INFO kore odoo.modules.loading: loading gov_base/security/gov_base_groups.xml 
2026-03-05 01:07:17,655 10432 INFO kore odoo.modules.loading: loading gov_base/security/record_rules.xml 
2026-03-05 01:07:17,658 10432 INFO kore odoo.modules.loading: loading gov_base/security/ir.model.access.csv 
2026-03-05 01:07:17,695 10432 INFO kore odoo.modules.loading: loading gov_base/views/res_company_views.xml 
2026-03-05 01:07:17,732 10432 INFO kore odoo.modules.loading: loading gov_base/views/account_account_views.xml 
2026-03-05 01:07:17,794 10432 INFO kore odoo.modules.loading: Module gov_base loaded in 0.39s, 167 queries (+167 other) 
2026-03-05 01:07:17,795 10432 INFO kore odoo.modules.loading: Loading module snailmail_account (48/57) 
2026-03-05 01:07:17,887 10432 INFO kore odoo.registry: module snailmail_account: creating or updating database tables 
2026-03-05 01:07:18,165 10432 INFO kore odoo.modules.loading: loading snailmail_account/views/res_config_settings_views.xml 
2026-03-05 01:07:18,318 10432 INFO kore odoo.modules.loading: Module snailmail_account loaded in 0.52s, 220 queries (+220 other) 
2026-03-05 01:07:18,318 10432 INFO kore odoo.modules.loading: Loading module spreadsheet_account (49/57) 
2026-03-05 01:07:18,365 10432 INFO kore odoo.registry: module spreadsheet_account: creating or updating database tables 
2026-03-05 01:07:18,518 10432 INFO kore odoo.modules.loading: Module spreadsheet_account loaded in 0.20s, 57 queries (+57 other) 
2026-03-05 01:07:18,519 10432 INFO kore odoo.modules.loading: Loading module spreadsheet_dashboard_account (50/57) 
2026-03-05 01:07:18,600 10432 INFO kore odoo.modules.loading: loading spreadsheet_dashboard_account/data/dashboards.xml 
2026-03-05 01:07:18,767 10432 INFO kore odoo.modules.loading: Module spreadsheet_dashboard_account loaded in 0.25s, 28 queries (+28 other) 
2026-03-05 01:07:18,768 10432 INFO kore odoo.modules.loading: Loading module gov_processos (51/57) 
2026-03-05 01:07:18,859 10432 INFO kore odoo.registry: module gov_processos: creating or updating database tables 
2026-03-05 01:07:19,189 10432 INFO kore odoo.modules.loading: loading gov_processos/security/ir.model.access.csv 
2026-03-05 01:07:19,288 10432 INFO kore odoo.modules.loading: loading gov_processos/data/gov_ai_template_seed.xml 
2026-03-05 01:07:19,292 10432 INFO kore odoo.modules.loading: loading gov_processos/data/gov_ai_template_procurement_seed.xml 
2026-03-05 01:07:19,306 10432 INFO kore odoo.modules.loading: loading gov_processos/data/gov_ai_template_direct_seed.xml 
2026-03-05 01:07:19,340 10432 INFO kore odoo.modules.loading: loading gov_processos/data/gov_ai_quality_policy_seed.xml 
2026-03-05 01:07:19,350 10432 INFO kore odoo.modules.loading: loading gov_processos/data/gov_timbre_seed.xml 
2026-03-05 01:07:19,356 10432 INFO kore odoo.modules.loading: loading gov_processos/views/gov_ai_provider_views.xml 
2026-03-05 01:07:19,399 10432 INFO kore odoo.modules.loading: loading gov_processos/views/gov_ai_memory_views.xml 
2026-03-05 01:07:19,429 10432 INFO kore odoo.modules.loading: loading gov_processos/views/gov_ai_run_views.xml 
2026-03-05 01:07:19,462 10432 INFO kore odoo.modules.loading: loading gov_processos/views/gov_ai_memory_ingest_wizard_views.xml 
2026-03-05 01:07:19,483 10432 INFO kore odoo.modules.loading: loading gov_processos/views/gov_ai_template_views.xml 
2026-03-05 01:07:19,516 10432 INFO kore odoo.modules.loading: loading gov_processos/views/gov_ai_quality_policy_views.xml 
2026-03-05 01:07:19,547 10432 INFO kore odoo.modules.loading: loading gov_processos/views/gov_ai_orchestrator_views.xml 
2026-03-05 01:07:19,568 10432 INFO kore odoo.modules.loading: loading gov_processos/views/gov_processo_doc_views.xml 
2026-03-05 01:07:19,620 10432 INFO kore odoo.modules.loading: loading gov_processos/views/gov_processo_dotacao_views.xml 
2026-03-05 01:07:19,652 10432 INFO kore odoo.modules.loading: loading gov_processos/views/gov_dotacao_wizard_views.xml 
2026-03-05 01:07:19,673 10432 INFO kore odoo.modules.loading: loading gov_processos/views/gov_processo_fase_wizard_views.xml 
2026-03-05 01:07:19,689 10432 INFO kore odoo.modules.loading: loading gov_processos/views/gov_processo_views.xml 
2026-03-05 01:07:19,766 10432 INFO kore odoo.modules.loading: loading gov_processos/views/gov_dashboard_views.xml 
2026-03-05 01:07:19,795 10432 INFO kore odoo.modules.loading: loading gov_processos/views/gov_dashboard_action.xml 
2026-03-05 01:07:19,800 10432 INFO kore odoo.modules.loading: loading gov_processos/views/gov_relatorio_wizard_views.xml 
2026-03-05 01:07:19,823 10432 INFO kore odoo.modules.loading: loading gov_processos/views/gov_timbre_views.xml 
2026-03-05 01:07:19,855 10432 INFO kore odoo.modules.loading: loading gov_processos/views/gov_siafi_wizard_views.xml 
2026-03-05 01:07:19,876 10432 INFO kore odoo.modules.loading: loading gov_processos/views/gov_execucao_wizard_views.xml 
2026-03-05 01:07:19,897 10432 INFO kore odoo.modules.loading: loading gov_processos/views/gov_processo_wizard.xml 
2026-03-05 01:07:19,919 10432 INFO kore odoo.modules.loading: loading gov_processos/views/gov_processo_tramite_wizard.xml 
2026-03-05 01:07:19,937 10432 INFO kore odoo.modules.loading: loading gov_processos/views/gov_processo_menus.xml 
2026-03-05 01:07:20,121 10432 INFO kore odoo.modules.loading: loading gov_processos/data/gov_processo_sequence.xml 
2026-03-05 01:07:20,124 10432 INFO kore odoo.modules.loading: loading gov_processos/data/gov_processo_cron.xml 
2026-03-05 01:07:20,194 10432 INFO kore odoo.modules.loading: loading gov_processos/data/gov_automation_rules.xml 
2026-03-05 01:07:20,428 10432 INFO kore odoo.modules.loading: Module gov_processos loaded in 1.66s, 1028 queries (+1028 other) 
2026-03-05 01:07:20,428 10432 INFO kore odoo.modules.loading: Loading module gov_ai_ml (52/57) 
2026-03-05 01:07:20,460 10432 INFO kore odoo.registry: module gov_ai_ml: creating or updating database tables 
2026-03-05 01:07:20,571 10432 INFO kore odoo.modules.loading: loading gov_ai_ml/security/ir.model.access.csv 
2026-03-05 01:07:20,591 10432 INFO kore odoo.modules.loading: loading gov_ai_ml/data/gov_ai_ml_cron.xml 
2026-03-05 01:07:20,595 10432 INFO kore odoo.modules.loading: loading gov_ai_ml/views/gov_ai_ml_memory_vector_views.xml 
2026-03-05 01:07:20,641 10432 INFO kore odoo.modules.loading: loading gov_ai_ml/views/gov_ai_ml_feedback_views.xml 
2026-03-05 01:07:20,673 10432 INFO kore odoo.modules.loading: loading gov_ai_ml/views/gov_ai_ml_menu_views.xml 
2026-03-05 01:07:20,725 10432 INFO kore odoo.modules.loading: Module gov_ai_ml loaded in 0.30s, 141 queries (+141 other) 
2026-03-05 01:07:20,725 10432 INFO kore odoo.modules.loading: Loading module gov_empenho (53/57) 
2026-03-05 01:07:20,762 10432 INFO kore odoo.registry: module gov_empenho: creating or updating database tables 
2026-03-05 01:07:20,890 10432 INFO kore odoo.modules.loading: loading gov_empenho/security/ir.model.access.csv 
2026-03-05 01:07:20,919 10432 INFO kore odoo.modules.loading: loading gov_empenho/security/gov_empenho_rules.xml 
2026-03-05 01:07:20,944 10432 INFO kore odoo.modules.loading: loading gov_empenho/data/gov_empenho_sequence.xml 
2026-03-05 01:07:20,952 10432 INFO kore odoo.modules.loading: loading gov_empenho/data/gov_mcasp_seed.xml 
2026-03-05 01:07:20,975 10432 INFO kore odoo.modules.loading: loading gov_empenho/data/gov_account_config_seed.xml 
2026-03-05 01:07:20,986 10432 INFO kore odoo.modules.loading: loading gov_empenho/views/gov_empenho_views.xml 
2026-03-05 01:07:21,047 10432 INFO kore odoo.modules.loading: loading gov_empenho/views/gov_empenho_wizard.xml 
2026-03-05 01:07:21,070 10432 INFO kore odoo.modules.loading: loading gov_empenho/views/gov_account_config_views.xml 
2026-03-05 01:07:21,111 10432 INFO kore odoo.modules.loading: loading gov_empenho/views/gov_empenho_move_wizard.xml 
2026-03-05 01:07:21,130 10432 INFO kore odoo.modules.loading: loading gov_empenho/views/gov_empenho_menus.xml 
2026-03-05 01:07:21,210 10432 INFO kore odoo.modules.loading: Module gov_empenho loaded in 0.49s, 307 queries (+307 other) 
2026-03-05 01:07:21,210 10432 INFO kore odoo.modules.loading: Loading module gov_compras (54/57) 
2026-03-05 01:07:21,256 10432 INFO kore odoo.registry: module gov_compras: creating or updating database tables 
2026-03-05 01:07:21,480 10432 INFO kore odoo.modules.loading: loading gov_compras/security/ir.model.access.csv 
2026-03-05 01:07:21,509 10432 INFO kore odoo.modules.loading: loading gov_compras/data/ir_sequence.xml 
2026-03-05 01:07:21,515 10432 INFO kore odoo.modules.loading: loading gov_compras/views/gov_compras_catalog_views.xml 
2026-03-05 01:07:21,567 10432 INFO kore odoo.modules.loading: loading gov_compras/views/gov_compras_previsao_views.xml 
2026-03-05 01:07:21,616 10432 INFO kore odoo.modules.loading: loading gov_compras/views/gov_processo_compras_views.xml 
2026-03-05 01:07:21,720 10432 INFO kore odoo.modules.loading: loading gov_compras/views/gov_processo_doc_compras_views.xml 
2026-03-05 01:07:21,784 10432 INFO kore odoo.modules.loading: loading gov_compras/views/gov_empenho_compras_views.xml 
2026-03-05 01:07:21,845 10432 INFO kore odoo.modules.loading: loading gov_compras/views/gov_compras_menus.xml 
2026-03-05 01:07:21,917 10432 INFO kore odoo.modules.loading: Module gov_compras loaded in 0.71s, 365 queries (+365 other) 
2026-03-05 01:07:21,917 10432 INFO kore odoo.modules.loading: Loading module gov_liquidacao (55/57) 
2026-03-05 01:07:21,959 10432 INFO kore odoo.registry: module gov_liquidacao: creating or updating database tables 
2026-03-05 01:07:22,107 10432 INFO kore odoo.modules.loading: loading gov_liquidacao/security/ir.model.access.csv 
2026-03-05 01:07:22,135 10432 INFO kore odoo.modules.loading: loading gov_liquidacao/security/gov_liquidacao_rules.xml 
2026-03-05 01:07:22,160 10432 INFO kore odoo.modules.loading: loading gov_liquidacao/data/gov_liquidacao_sequence.xml 
2026-03-05 01:07:22,167 10432 INFO kore odoo.modules.loading: loading gov_liquidacao/data/gov_nl_evento_tipo_seed.xml 
2026-03-05 01:07:22,180 10432 INFO kore odoo.modules.loading: loading gov_liquidacao/views/gov_ateste_wizard.xml 
2026-03-05 01:07:22,210 10432 INFO kore odoo.modules.loading: loading gov_liquidacao/views/gov_nl_evento_tipo_views.xml 
2026-03-05 01:07:22,239 10432 INFO kore odoo.modules.loading: loading gov_liquidacao/views/gov_liquidacao_views.xml 
2026-03-05 01:07:22,291 10432 INFO kore odoo.modules.loading: loading gov_liquidacao/views/gov_liquidacao_menus.xml 
2026-03-05 01:07:22,346 10432 INFO kore odoo.modules.loading: Module gov_liquidacao loaded in 0.43s, 227 queries (+227 other) 
2026-03-05 01:07:22,346 10432 INFO kore odoo.modules.loading: Loading module gov_pagamento (56/57) 
2026-03-05 01:07:22,381 10432 INFO kore odoo.registry: module gov_pagamento: creating or updating database tables 
2026-03-05 01:07:22,505 10432 INFO kore odoo.modules.loading: loading gov_pagamento/security/ir.model.access.csv 
2026-03-05 01:07:22,526 10432 INFO kore odoo.modules.loading: loading gov_pagamento/security/gov_pagamento_rules.xml 
2026-03-05 01:07:22,553 10432 INFO kore odoo.modules.loading: loading gov_pagamento/data/gov_pd_sequence.xml 
2026-03-05 01:07:22,558 10432 INFO kore odoo.modules.loading: loading gov_pagamento/data/gov_pagamento_sequence.xml 
2026-03-05 01:07:22,565 10432 INFO kore odoo.modules.loading: loading gov_pagamento/views/gov_pd_views.xml 
2026-03-05 01:07:22,622 10432 INFO kore odoo.modules.loading: loading gov_pagamento/views/gov_pagamento_views.xml 
2026-03-05 01:07:22,668 10432 INFO kore odoo.modules.loading: loading gov_pagamento/views/gov_pd_menus.xml 
2026-03-05 01:07:22,719 10432 INFO kore odoo.modules.loading: Module gov_pagamento loaded in 0.37s, 182 queries (+182 other) 
2026-03-05 01:07:22,719 10432 INFO kore odoo.modules.loading: Loading module gov_conciliacao (57/57) 
2026-03-05 01:07:22,756 10432 INFO kore odoo.registry: module gov_conciliacao: creating or updating database tables 
2026-03-05 01:07:22,879 10432 INFO kore odoo.modules.loading: loading gov_conciliacao/security/ir.model.access.csv 
2026-03-05 01:07:22,898 10432 INFO kore odoo.modules.loading: loading gov_conciliacao/data/gov_conciliacao_sequence.xml 
2026-03-05 01:07:22,907 10432 INFO kore odoo.modules.loading: loading gov_conciliacao/views/gov_conciliacao_importacao_views.xml 
2026-03-05 01:07:22,987 10432 INFO kore odoo.modules.loading: loading gov_conciliacao/views/gov_pagamento_views.xml 
2026-03-05 01:07:23,042 10432 INFO kore odoo.modules.loading: loading gov_conciliacao/views/gov_conciliacao_menus.xml 
2026-03-05 01:07:23,102 10432 INFO kore odoo.modules.loading: Module gov_conciliacao loaded in 0.38s, 193 queries (+193 other) 
2026-03-05 01:07:23,102 10432 INFO kore odoo.modules.loading: 57 modules loaded in 49.25s, 28893 queries (+28893 extra) 
2026-03-05 01:07:23,104 10432 WARNING kore odoo.modules.module_graph: module knowledge: not installable, skipped 
2026-03-05 01:07:23,113 10432 INFO kore odoo.modules.loading: loading 57 modules... 
2026-03-05 01:07:23,114 10432 INFO kore odoo.modules.loading: 57 modules loaded in 0.00s, 0 queries (+0 extra) 
2026-03-05 01:07:23,438 10432 ERROR kore odoo.modules.loading: Some modules have inconsistent states, some dependencies may be missing: ['knowledge'] 
2026-03-05 01:07:23,491 10432 INFO kore odoo.modules.loading: Model knowledge.article is declared but cannot be loaded! (Perhaps a module was partially removed or renamed) 
2026-03-05 01:07:23,546 10432 INFO kore odoo.modules.loading: Model knowledge.article.member is declared but cannot be loaded! (Perhaps a module was partially removed or renamed) 
2026-03-05 01:07:23,705 10432 INFO kore odoo.modules.loading: Model knowledge.article.favorite is declared but cannot be loaded! (Perhaps a module was partially removed or renamed) 
2026-03-05 01:07:23,706 10432 INFO kore odoo.modules.loading: Model knowledge.cover is declared but cannot be loaded! (Perhaps a module was partially removed or renamed) 
2026-03-05 01:07:23,793 10432 INFO kore odoo.addons.base.models.ir_model: Deleting 2030@ir.model.fields.selection (mail.selection__knowledge_article__activity_exception_decoration__danger) 
2026-03-05 01:07:23,865 10432 INFO kore odoo.models.unlink: User #1 deleted ir.model.data records with IDs: [52817] 
2026-03-05 01:07:23,866 10432 INFO kore odoo.models.unlink: User #1 deleted ir.model.fields.selection records with IDs: [2030] 
2026-03-05 01:07:23,875 10432 INFO kore odoo.addons.base.models.ir_model: Deleting 2029@ir.model.fields.selection (mail.selection__knowledge_article__activity_exception_decoration__warning) 
2026-03-05 01:07:23,890 10432 INFO kore odoo.models.unlink: User #1 deleted ir.model.data records with IDs: [52816] 
2026-03-05 01:07:23,891 10432 INFO kore odoo.models.unlink: User #1 deleted ir.model.fields.selection records with IDs: [2029] 
2026-03-05 01:07:23,900 10432 INFO kore odoo.addons.base.models.ir_model: Deleting 2028@ir.model.fields.selection (mail.selection__knowledge_article__activity_state__planned) 
2026-03-05 01:07:23,913 10432 INFO kore odoo.models.unlink: User #1 deleted ir.model.data records with IDs: [52815] 
2026-03-05 01:07:23,914 10432 INFO kore odoo.models.unlink: User #1 deleted ir.model.fields.selection records with IDs: [2028] 
2026-03-05 01:07:23,924 10432 INFO kore odoo.addons.base.models.ir_model: Deleting 2027@ir.model.fields.selection (mail.selection__knowledge_article__activity_state__today) 
2026-03-05 01:07:23,937 10432 INFO kore odoo.models.unlink: User #1 deleted ir.model.data records with IDs: [52814] 
2026-03-05 01:07:23,938 10432 INFO kore odoo.models.unlink: User #1 deleted ir.model.fields.selection records with IDs: [2027] 
2026-03-05 01:07:23,947 10432 INFO kore odoo.addons.base.models.ir_model: Deleting 2026@ir.model.fields.selection (mail.selection__knowledge_article__activity_state__overdue) 
2026-03-05 01:07:23,960 10432 INFO kore odoo.models.unlink: User #1 deleted ir.model.data records with IDs: [52813] 
2026-03-05 01:07:23,962 10432 INFO kore odoo.models.unlink: User #1 deleted ir.model.fields.selection records with IDs: [2026] 
2026-03-05 01:07:24,003 10432 INFO kore odoo.models.unlink: User #1 deleted ir.model.data records with IDs: [52828, 52827, 52826] 
2026-03-05 01:07:25,017 10432 INFO kore odoo.modules.loading: Modules loaded. 
2026-03-05 01:07:36,102 10432 INFO kore odoo.registry: Registry changed, signaling through the database 
2026-03-05 01:07:36,104 10432 INFO kore odoo.registry: Registry loaded in 83.389s 
2026-03-05 01:07:36,104 10432 INFO kore odoo.service.server: Initiating shutdown 
2026-03-05 01:07:36,104 10432 INFO kore odoo.service.server: Hit CTRL-C again or send a second signal to force the shutdown. 
2026-03-05 01:07:36,104 10432 INFO kore odoo.sql_db: ConnectionPool(read/write;used=0/count=0/max=64): Closed 1 connections  
