2026-03-05 01:09:55,362 8844 INFO ? odoo: Odoo version 19.0 
2026-03-05 01:09:55,363 8844 INFO ? odoo: Using configuration file at c:\users\ander\onedrive\documentos\github\odoo\kore.conf 
2026-03-05 01:09:55,363 8844 INFO ? odoo: addons paths: _NamespacePath(['C:\\Users\\ander\\OneDrive\\Documentos\\GitHub\\odoo\\odoo\\addons', 'c:\\users\\ander\\onedrive\\documentos\\github\\odoo\\odoo\\addons', 'c:\\users\\ander\\onedrive\\documentos\\github\\odoo\\addons', 'c:\\users\\ander\\onedrive\\documentos\\github\\odoo\\custom_addons', 'c:\\users\\ander\\onedrive\\documentos\\github\\odoo\\custom_addons\\knowledge']) 
2026-03-05 01:09:55,363 8844 INFO ? odoo: database: atlas@localhost:5433 
2026-03-05 01:09:58,606 8844 INFO kore odoo.modules.loading: loading 1 modules... 
2026-03-05 01:09:58,607 8844 INFO kore odoo.modules.loading: Loading module base (1/1) 
2026-03-05 01:09:58,737 8844 INFO kore odoo.registry: module base: creating or updating database tables 
2026-03-05 01:10:01,998 8844 INFO kore odoo.modules.loading: loading base/data/res_bank.xml 
2026-03-05 01:10:02,033 8844 INFO kore odoo.modules.loading: loading base/data/res.lang.csv 
2026-03-05 01:10:02,807 8844 INFO kore odoo.modules.loading: loading base/data/res_lang_data.xml 
2026-03-05 01:10:02,854 8844 INFO kore odoo.modules.loading: loading base/data/res_partner_data.xml 
2026-03-05 01:10:02,943 8844 INFO kore odoo.modules.loading: loading base/data/res_currency_data.xml 
2026-03-05 01:10:03,398 8844 INFO kore odoo.modules.loading: loading base/data/res_company_data.xml 
2026-03-05 01:10:03,402 8844 INFO kore odoo.modules.loading: loading base/data/res_users_data.xml 
2026-03-05 01:10:03,414 8844 INFO kore odoo.modules.loading: loading base/data/report_paperformat_data.xml 
2026-03-05 01:10:03,427 8844 INFO kore odoo.modules.loading: loading base/data/res_country_data.xml 
2026-03-05 01:10:03,806 8844 INFO kore odoo.modules.loading: loading base/data/ir_demo_data.xml 
2026-03-05 01:10:03,887 8844 INFO kore odoo.modules.loading: loading base/security/base_groups.xml 
2026-03-05 01:10:04,248 8844 INFO kore odoo.modules.loading: loading base/security/base_security.xml 
2026-03-05 01:10:04,292 8844 INFO kore odoo.modules.loading: loading base/wizard/wizard_ir_model_menu_create_views.xml 
2026-03-05 01:10:04,316 8844 INFO kore odoo.modules.loading: loading base/views/base_menus.xml 
2026-03-05 01:10:04,462 8844 INFO kore odoo.modules.loading: loading base/views/decimal_precision_views.xml 
2026-03-05 01:10:04,511 8844 INFO kore odoo.modules.loading: loading base/views/res_config_views.xml 
2026-03-05 01:10:04,529 8844 INFO kore odoo.modules.loading: loading base/data/res.country.state.csv 
2026-03-05 01:10:05,665 8844 INFO kore odoo.modules.loading: loading base/views/ir_actions_views.xml 
2026-03-05 01:10:06,147 8844 INFO kore odoo.modules.loading: loading base/views/ir_asset_views.xml 
2026-03-05 01:10:06,208 8844 INFO kore odoo.modules.loading: loading base/views/ir_config_parameter_views.xml 
2026-03-05 01:10:06,268 8844 INFO kore odoo.modules.loading: loading base/views/ir_cron_views.xml 
2026-03-05 01:10:06,392 8844 INFO kore odoo.modules.loading: loading base/views/ir_cron_trigger_views.xml 
2026-03-05 01:10:06,460 8844 INFO kore odoo.modules.loading: loading base/views/ir_filters_views.xml 
2026-03-05 01:10:06,568 8844 INFO kore odoo.modules.loading: loading base/views/ir_mail_server_views.xml 
2026-03-05 01:10:06,639 8844 INFO kore odoo.modules.loading: loading base/views/ir_model_views.xml 
2026-03-05 01:10:07,066 8844 INFO kore odoo.modules.loading: loading base/views/ir_attachment_views.xml 
2026-03-05 01:10:07,130 8844 INFO kore odoo.modules.loading: loading base/views/ir_rule_views.xml 
2026-03-05 01:10:07,192 8844 INFO kore odoo.modules.loading: loading base/views/ir_sequence_views.xml 
2026-03-05 01:10:07,253 8844 INFO kore odoo.modules.loading: loading base/views/ir_ui_menu_views.xml 
2026-03-05 01:10:07,315 8844 INFO kore odoo.modules.loading: loading base/views/ir_ui_view_views.xml 
2026-03-05 01:10:07,451 8844 INFO kore odoo.modules.loading: loading base/views/ir_default_views.xml 
2026-03-05 01:10:07,513 8844 INFO kore odoo.modules.loading: loading base/data/ir_config_parameter_data.xml 
2026-03-05 01:10:07,518 8844 INFO kore odoo.modules.loading: loading base/data/ir_cron_data.xml 
2026-03-05 01:10:07,556 8844 INFO kore odoo.modules.loading: loading base/report/ir_model_report.xml 
2026-03-05 01:10:07,563 8844 INFO kore odoo.modules.loading: loading base/report/ir_model_templates.xml 
2026-03-05 01:10:07,586 8844 INFO kore odoo.modules.loading: loading base/views/ir_logging_views.xml 
2026-03-05 01:10:07,642 8844 INFO kore odoo.modules.loading: loading base/views/ir_qweb_widget_templates.xml 
2026-03-05 01:10:07,688 8844 INFO kore odoo.modules.loading: loading base/views/ir_module_views.xml 
2026-03-05 01:10:07,830 8844 INFO kore odoo.modules.loading: loading base/data/ir_module_category_data.xml 
2026-03-05 01:10:07,892 8844 INFO kore odoo.modules.loading: loading base/data/ir_module_module.xml 
2026-03-05 01:10:07,936 8844 INFO kore odoo.modules.loading: loading base/report/ir_module_reports.xml 
2026-03-05 01:10:07,943 8844 INFO kore odoo.modules.loading: loading base/report/ir_module_report_templates.xml 
2026-03-05 01:10:07,963 8844 INFO kore odoo.modules.loading: loading base/wizard/base_module_update_views.xml 
2026-03-05 01:10:07,998 8844 INFO kore odoo.modules.loading: loading base/wizard/base_language_install_views.xml 
2026-03-05 01:10:08,033 8844 INFO kore odoo.modules.loading: loading base/wizard/base_import_language_views.xml 
2026-03-05 01:10:08,062 8844 INFO kore odoo.modules.loading: loading base/wizard/base_module_upgrade_views.xml 
2026-03-05 01:10:08,109 8844 INFO kore odoo.modules.loading: loading base/wizard/base_module_uninstall_views.xml 
2026-03-05 01:10:08,130 8844 INFO kore odoo.modules.loading: loading base/wizard/base_export_language_views.xml 
2026-03-05 01:10:08,162 8844 INFO kore odoo.modules.loading: loading base/wizard/base_partner_merge_views.xml 
2026-03-05 01:10:08,197 8844 INFO kore odoo.modules.loading: loading base/data/ir_demo_failure_data.xml 
2026-03-05 01:10:08,243 8844 INFO kore odoo.modules.loading: loading base/views/ir_profile_views.xml 
2026-03-05 01:10:08,310 8844 INFO kore odoo.modules.loading: loading base/views/res_company_views.xml 
2026-03-05 01:10:08,375 8844 INFO kore odoo.modules.loading: loading base/views/res_lang_views.xml 
2026-03-05 01:10:08,443 8844 INFO kore odoo.modules.loading: loading base/views/res_partner_views.xml 
2026-03-05 01:10:08,697 8844 INFO kore odoo.modules.loading: loading base/views/res_bank_views.xml 
2026-03-05 01:10:08,795 8844 INFO kore odoo.modules.loading: loading base/views/res_country_views.xml 
2026-03-05 01:10:08,934 8844 INFO kore odoo.modules.loading: loading base/views/res_currency_views.xml 
2026-03-05 01:10:09,050 8844 INFO kore odoo.modules.loading: loading base/views/res_groups_views.xml 
2026-03-05 01:10:09,151 8844 INFO kore odoo.modules.loading: loading base/views/res_users_views.xml 
2026-03-05 01:10:09,379 8844 INFO kore odoo.modules.loading: loading base/views/res_users_apikeys_views.xml 
2026-03-05 01:10:09,391 8844 INFO kore odoo.modules.loading: loading base/views/res_device_views.xml 
2026-03-05 01:10:09,443 8844 INFO kore odoo.modules.loading: loading base/views/res_users_identitycheck_views.xml 
2026-03-05 01:10:09,460 8844 INFO kore odoo.modules.loading: loading base/views/res_config_settings_views.xml 
2026-03-05 01:10:09,490 8844 INFO kore odoo.modules.loading: loading base/views/report_paperformat_views.xml 
2026-03-05 01:10:09,547 8844 INFO kore odoo.modules.loading: loading base/security/ir.model.access.csv 
2026-03-05 01:10:10,140 8844 INFO kore odoo.modules.loading: Module base loaded in 11.53s, 5426 queries (+5426 other) 
2026-03-05 01:10:10,140 8844 INFO kore odoo.modules.loading: 1 modules loaded in 11.53s, 5426 queries (+5426 extra) 
2026-03-05 01:10:10,147 8844 INFO kore odoo.modules.loading: updating modules list 
2026-03-05 01:10:10,151 8844 INFO kore odoo.addons.base.models.ir_module: ALLOW access to module.update_list on [] to user __system__ #1 via n/a 
2026-03-05 01:10:13,586 8844 INFO kore odoo.addons.base.models.ir_module: ALLOW access to module.button_upgrade on ['Base'] to user __system__ #1 via n/a 
2026-03-05 01:10:13,586 8844 INFO kore odoo.addons.base.models.ir_module: ALLOW access to module.update_list on ['Base'] to user __system__ #1 via n/a 
2026-03-05 01:10:16,168 8844 INFO kore odoo.addons.base.models.ir_module: ALLOW access to module.button_install on [] to user __system__ #1 via n/a 
2026-03-05 01:10:16,595 8844 INFO kore odoo.modules.loading: loading 57 modules... 
2026-03-05 01:10:16,596 8844 INFO kore odoo.modules.loading: Loading module rpc (2/57) 
2026-03-05 01:10:16,644 8844 INFO kore odoo.modules.loading: Module rpc loaded in 0.05s, 10 queries (+10 other) 
2026-03-05 01:10:16,645 8844 INFO kore odoo.modules.loading: Loading module uom (3/57) 
2026-03-05 01:10:16,655 8844 INFO kore odoo.registry: module uom: creating or updating database tables 
2026-03-05 01:10:16,702 8844 INFO kore odoo.modules.loading: loading uom/data/uom_data.xml 
2026-03-05 01:10:16,743 8844 INFO kore odoo.modules.loading: loading uom/security/uom_security.xml 
2026-03-05 01:10:16,751 8844 INFO kore odoo.modules.loading: loading uom/security/ir.model.access.csv 
2026-03-05 01:10:16,764 8844 INFO kore odoo.modules.loading: loading uom/views/uom_uom_views.xml 
2026-03-05 01:10:16,846 8844 INFO kore odoo.modules.loading: Module uom loaded in 0.20s, 154 queries (+154 other) 
2026-03-05 01:10:16,846 8844 INFO kore odoo.modules.loading: Loading module web (4/57) 
2026-03-05 01:10:16,919 8844 INFO kore odoo.registry: module web: creating or updating database tables 
2026-03-05 01:10:18,026 8844 INFO kore odoo.modules.loading: loading web/security/ir.model.access.csv 
2026-03-05 01:10:18,039 8844 INFO kore odoo.modules.loading: loading web/security/web_security.xml 
2026-03-05 01:10:18,045 8844 INFO kore odoo.modules.loading: loading web/views/webclient_templates.xml 
2026-03-05 01:10:18,252 8844 INFO kore odoo.modules.loading: loading web/views/report_templates.xml 
2026-03-05 01:10:18,549 8844 INFO kore odoo.modules.loading: loading web/views/base_document_layout_views.xml 
2026-03-05 01:10:18,588 8844 INFO kore odoo.modules.loading: loading web/views/partner_view.xml 
2026-03-05 01:10:18,601 8844 INFO kore odoo.modules.loading: loading web/views/speedscope_template.xml 
2026-03-05 01:10:18,615 8844 INFO kore odoo.modules.loading: loading web/views/memory_template.xml 
2026-03-05 01:10:18,634 8844 INFO kore odoo.modules.loading: loading web/views/speedscope_config_wizard.xml 
2026-03-05 01:10:18,653 8844 INFO kore odoo.modules.loading: loading web/views/neutralize_views.xml 
2026-03-05 01:10:18,683 8844 INFO kore odoo.modules.loading: loading web/views/ir_ui_view_views.xml 
2026-03-05 01:10:18,715 8844 INFO kore odoo.modules.loading: loading web/data/ir_attachment.xml 
2026-03-05 01:10:18,721 8844 INFO kore odoo.modules.loading: loading web/data/report_layout.xml 
2026-03-05 01:10:18,827 8844 INFO kore odoo.modules.loading: Module web loaded in 1.98s, 1453 queries (+1453 other) 
2026-03-05 01:10:18,828 8844 INFO kore odoo.modules.loading: Loading module api_doc (5/57) 
2026-03-05 01:10:18,843 8844 INFO kore odoo.registry: module api_doc: creating or updating database tables 
2026-03-05 01:10:18,889 8844 INFO kore odoo.modules.loading: loading api_doc/security/res_groups.xml 
2026-03-05 01:10:18,931 8844 INFO kore odoo.modules.loading: loading api_doc/views/docclient.xml 
2026-03-05 01:10:18,978 8844 INFO kore odoo.modules.loading: Module api_doc loaded in 0.15s, 69 queries (+69 other) 
2026-03-05 01:10:18,978 8844 INFO kore odoo.modules.loading: Loading module auth_totp (6/57) 
2026-03-05 01:10:19,031 8844 INFO kore odoo.registry: module auth_totp: creating or updating database tables 
2026-03-05 01:10:19,114 8844 INFO kore odoo.modules.loading: loading auth_totp/security/security.xml 
2026-03-05 01:10:19,166 8844 INFO kore odoo.modules.loading: loading auth_totp/security/ir.model.access.csv 
2026-03-05 01:10:19,181 8844 INFO kore odoo.modules.loading: loading auth_totp/data/ir_action_data.xml 
2026-03-05 01:10:19,197 8844 INFO kore odoo.modules.loading: loading auth_totp/views/res_users_views.xml 
2026-03-05 01:10:19,323 8844 INFO kore odoo.modules.loading: loading auth_totp/views/templates.xml 
2026-03-05 01:10:19,342 8844 INFO kore odoo.modules.loading: loading auth_totp/wizard/auth_totp_wizard_views.xml 
2026-03-05 01:10:19,402 8844 INFO kore odoo.modules.loading: Module auth_totp loaded in 0.42s, 222 queries (+222 other) 
2026-03-05 01:10:19,402 8844 INFO kore odoo.modules.loading: Loading module base_import (7/57) 
2026-03-05 01:10:19,492 8844 INFO kore odoo.registry: module base_import: creating or updating database tables 
2026-03-05 01:10:20,904 8844 INFO kore odoo.modules.loading: loading base_import/security/ir.model.access.csv 
2026-03-05 01:10:20,937 8844 INFO kore odoo.modules.loading: Module base_import loaded in 1.53s, 945 queries (+945 other) 
2026-03-05 01:10:20,937 8844 INFO kore odoo.modules.loading: Loading module base_import_module (8/57) 
2026-03-05 01:10:20,958 8844 INFO kore odoo.registry: module base_import_module: creating or updating database tables 
2026-03-05 01:10:21,048 8844 INFO kore odoo.modules.loading: loading base_import_module/security/ir.model.access.csv 
2026-03-05 01:10:21,059 8844 INFO kore odoo.modules.loading: loading base_import_module/views/base_import_module_view.xml 
2026-03-05 01:10:21,101 8844 INFO kore odoo.modules.loading: loading base_import_module/views/ir_module_views.xml 
2026-03-05 01:10:21,250 8844 INFO kore odoo.modules.loading: Module base_import_module loaded in 0.31s, 190 queries (+190 other) 
2026-03-05 01:10:21,251 8844 INFO kore odoo.modules.loading: Loading module base_setup (9/57) 
2026-03-05 01:10:21,275 8844 INFO kore odoo.registry: module base_setup: creating or updating database tables 
2026-03-05 01:10:21,359 8844 INFO kore odoo.modules.loading: loading base_setup/data/base_setup_data.xml 
2026-03-05 01:10:21,364 8844 INFO kore odoo.modules.loading: loading base_setup/views/res_config_settings_views.xml 
2026-03-05 01:10:21,463 8844 INFO kore odoo.modules.loading: loading base_setup/views/res_partner_views.xml 
2026-03-05 01:10:21,516 8844 INFO kore odoo.modules.loading: Module base_setup loaded in 0.27s, 146 queries (+146 other) 
2026-03-05 01:10:21,516 8844 INFO kore odoo.modules.loading: Loading module bus (10/57) 
2026-03-05 01:10:21,574 8844 INFO kore odoo.registry: module bus: creating or updating database tables 
2026-03-05 01:10:21,779 8844 INFO kore odoo.modules.loading: loading bus/security/ir.model.access.csv 
2026-03-05 01:10:21,810 8844 INFO kore odoo.modules.loading: Module bus loaded in 0.29s, 142 queries (+142 other) 
2026-03-05 01:10:21,810 8844 INFO kore odoo.modules.loading: Loading module http_routing (11/57) 
2026-03-05 01:10:21,827 8844 INFO kore odoo.registry: module http_routing: creating or updating database tables 
2026-03-05 01:10:21,884 8844 INFO kore odoo.modules.loading: loading http_routing/views/http_routing_template.xml 
2026-03-05 01:10:22,016 8844 INFO kore odoo.modules.loading: loading http_routing/views/res_lang_views.xml 
2026-03-05 01:10:22,102 8844 INFO kore odoo.modules.loading: Module http_routing loaded in 0.29s, 190 queries (+190 other) 
2026-03-05 01:10:22,102 8844 INFO kore odoo.modules.loading: Loading module onboarding (12/57) 
2026-03-05 01:10:22,120 8844 INFO kore odoo.registry: module onboarding: creating or updating database tables 
2026-03-05 01:10:22,210 8844 INFO kore odoo.modules.loading: loading onboarding/views/onboarding_templates.xml 
2026-03-05 01:10:22,253 8844 INFO kore odoo.modules.loading: loading onboarding/views/onboarding_views.xml 
2026-03-05 01:10:22,331 8844 INFO kore odoo.modules.loading: loading onboarding/views/onboarding_menus.xml 
2026-03-05 01:10:22,348 8844 INFO kore odoo.modules.loading: loading onboarding/security/ir.model.access.csv 
2026-03-05 01:10:22,410 8844 INFO kore odoo.modules.loading: Module onboarding loaded in 0.31s, 197 queries (+197 other) 
2026-03-05 01:10:22,410 8844 INFO kore odoo.modules.loading: Loading module resource (13/57) 
2026-03-05 01:10:22,445 8844 INFO kore odoo.registry: module resource: creating or updating database tables 
2026-03-05 01:10:22,584 8844 INFO kore odoo.modules.loading: loading resource/data/resource_data.xml 
2026-03-05 01:10:22,596 8844 INFO kore odoo.modules.loading: loading resource/security/ir.model.access.csv 
2026-03-05 01:10:22,620 8844 INFO kore odoo.modules.loading: loading resource/security/resource_security.xml 
2026-03-05 01:10:22,629 8844 INFO kore odoo.modules.loading: loading resource/views/resource_resource_views.xml 
2026-03-05 01:10:22,700 8844 INFO kore odoo.modules.loading: loading resource/views/resource_calendar_leaves_views.xml 
2026-03-05 01:10:22,767 8844 INFO kore odoo.modules.loading: loading resource/views/resource_calendar_attendance_views.xml 
2026-03-05 01:10:22,800 8844 INFO kore odoo.modules.loading: loading resource/views/resource_calendar_views.xml 
2026-03-05 01:10:22,856 8844 INFO kore odoo.modules.loading: loading resource/views/menuitems.xml 
2026-03-05 01:10:22,914 8844 INFO kore odoo.modules.loading: Module resource loaded in 0.50s, 309 queries (+309 other) 
2026-03-05 01:10:22,914 8844 INFO kore odoo.modules.loading: Loading module web_tour (14/57) 
2026-03-05 01:10:22,937 8844 INFO kore odoo.registry: module web_tour: creating or updating database tables 
2026-03-05 01:10:23,028 8844 INFO kore odoo.modules.loading: loading web_tour/security/ir.model.access.csv 
2026-03-05 01:10:23,045 8844 INFO kore odoo.modules.loading: loading web_tour/views/tour_views.xml 
2026-03-05 01:10:23,160 8844 INFO kore odoo.modules.loading: Module web_tour loaded in 0.25s, 147 queries (+147 other) 
2026-03-05 01:10:23,160 8844 INFO kore odoo.modules.loading: Loading module auth_passkey (15/57) 
2026-03-05 01:10:23,286 8844 INFO kore odoo.registry: module auth_passkey: creating or updating database tables 
2026-03-05 01:10:23,382 8844 INFO kore odoo.modules.loading: loading auth_passkey/views/auth_passkey_key_views.xml 
2026-03-05 01:10:23,443 8844 INFO kore odoo.modules.loading: loading auth_passkey/views/auth_passkey_login_templates.xml 
2026-03-05 01:10:23,495 8844 INFO kore odoo.modules.loading: loading auth_passkey/views/res_users_identitycheck_views.xml 
2026-03-05 01:10:23,527 8844 INFO kore odoo.modules.loading: loading auth_passkey/views/res_users_views.xml 
2026-03-05 01:10:23,615 8844 INFO kore odoo.modules.loading: loading auth_passkey/security/ir.model.access.csv 
2026-03-05 01:10:23,635 8844 INFO kore odoo.modules.loading: loading auth_passkey/security/security.xml 
2026-03-05 01:10:23,667 8844 INFO kore odoo.modules.loading: Module auth_passkey loaded in 0.51s, 226 queries (+226 other) 
2026-03-05 01:10:23,667 8844 INFO kore odoo.modules.loading: Loading module html_editor (16/57) 
2026-03-05 01:10:24,200 8844 INFO kore odoo.registry: module html_editor: creating or updating database tables 
2026-03-05 01:10:25,532 8844 INFO kore odoo.modules.loading: loading html_editor/security/ir.model.access.csv 
2026-03-05 01:10:25,567 8844 INFO kore odoo.modules.loading: Module html_editor loaded in 1.90s, 1080 queries (+1080 other) 
2026-03-05 01:10:25,567 8844 INFO kore odoo.modules.loading: Loading module iap (17/57) 
2026-03-05 01:10:25,576 8844 INFO kore odoo.registry: module iap: creating or updating database tables 
2026-03-05 01:10:25,635 8844 INFO kore odoo.modules.loading: loading iap/data/services.xml 
2026-03-05 01:10:25,644 8844 INFO kore odoo.modules.loading: loading iap/security/ir.model.access.csv 
2026-03-05 01:10:25,666 8844 INFO kore odoo.modules.loading: loading iap/security/ir_rule.xml 
2026-03-05 01:10:25,669 8844 INFO kore odoo.modules.loading: loading iap/views/iap_views.xml 
2026-03-05 01:10:25,734 8844 INFO kore odoo.modules.loading: loading iap/views/res_config_settings.xml 
2026-03-05 01:10:25,826 8844 INFO kore odoo.modules.loading: Module iap loaded in 0.26s, 160 queries (+160 other) 
2026-03-05 01:10:25,826 8844 INFO kore odoo.modules.loading: Loading module mail (18/57) 
2026-03-05 01:10:25,985 8844 INFO kore odoo.registry: module mail: creating or updating database tables 
<string>:38: (ERROR/3) Unexpected indentation.
<string>:43: (WARNING/2) Block quote ends without a blank line; unexpected unindent.
2026-03-05 01:10:27,926 8844 INFO kore odoo.modules.loading: loading mail/data/mail_groups.xml 
2026-03-05 01:10:27,935 8844 INFO kore odoo.modules.loading: loading mail/wizard/mail_activity_schedule_views.xml 
2026-03-05 01:10:27,972 8844 INFO kore odoo.modules.loading: loading mail/wizard/mail_blacklist_remove_views.xml 
2026-03-05 01:10:27,991 8844 INFO kore odoo.modules.loading: loading mail/wizard/mail_compose_message_views.xml 
2026-03-05 01:10:28,032 8844 INFO kore odoo.modules.loading: loading mail/wizard/mail_template_preview_views.xml 
2026-03-05 01:10:28,055 8844 INFO kore odoo.modules.loading: loading mail/wizard/mail_followers_edit_views.xml 
2026-03-05 01:10:28,095 8844 INFO kore odoo.modules.loading: loading mail/wizard/mail_template_reset_views.xml 
2026-03-05 01:10:28,116 8844 INFO kore odoo.modules.loading: loading mail/views/fetchmail_views.xml 
2026-03-05 01:10:28,169 8844 INFO kore odoo.modules.loading: loading mail/views/ir_cron_views.xml 
2026-03-05 01:10:28,223 8844 INFO kore odoo.modules.loading: loading mail/views/ir_filters_views.xml 
2026-03-05 01:10:28,280 8844 INFO kore odoo.modules.loading: loading mail/views/ir_mail_server_views.xml 
2026-03-05 01:10:28,314 8844 INFO kore odoo.modules.loading: loading mail/views/mail_message_subtype_views.xml 
2026-03-05 01:10:28,359 8844 INFO kore odoo.modules.loading: loading mail/views/mail_tracking_value_views.xml 
2026-03-05 01:10:28,393 8844 INFO kore odoo.modules.loading: loading mail/views/mail_notification_views.xml 
2026-03-05 01:10:28,430 8844 INFO kore odoo.modules.loading: loading mail/views/mail_message_views.xml 
2026-03-05 01:10:28,501 8844 INFO kore odoo.modules.loading: loading mail/views/mail_message_schedule_views.xml 
2026-03-05 01:10:28,547 8844 INFO kore odoo.modules.loading: loading mail/views/mail_mail_views.xml 
2026-03-05 01:10:28,602 8844 INFO kore odoo.modules.loading: loading mail/views/mail_followers_views.xml 
2026-03-05 01:10:28,632 8844 INFO kore odoo.modules.loading: loading mail/views/mail_ice_server_views.xml 
2026-03-05 01:10:28,689 8844 INFO kore odoo.modules.loading: loading mail/views/discuss_channel_member_views.xml 
2026-03-05 01:10:28,724 8844 INFO kore odoo.modules.loading: loading mail/views/discuss_channel_rtc_session_views.xml 
2026-03-05 01:10:28,768 8844 INFO kore odoo.modules.loading: loading mail/views/mail_link_preview_views.xml 
2026-03-05 01:10:28,813 8844 INFO kore odoo.modules.loading: loading mail/views/discuss/discuss_gif_favorite_views.xml 
2026-03-05 01:10:28,844 8844 INFO kore odoo.modules.loading: loading mail/views/discuss_channel_views.xml 
2026-03-05 01:10:28,923 8844 INFO kore odoo.modules.loading: loading mail/views/mail_canned_response_views.xml 
2026-03-05 01:10:28,987 8844 INFO kore odoo.modules.loading: loading mail/views/res_role_views.xml 
2026-03-05 01:10:29,031 8844 INFO kore odoo.modules.loading: loading mail/views/mail_activity_views.xml 
2026-03-05 01:10:29,297 8844 INFO kore odoo.modules.loading: loading mail/views/mail_activity_plan_views.xml 
2026-03-05 01:10:29,407 8844 INFO kore odoo.modules.loading: loading mail/views/mail_activity_plan_template_views.xml 
2026-03-05 01:10:29,433 8844 INFO kore odoo.modules.loading: loading mail/views/res_config_settings_views.xml 
2026-03-05 01:10:29,509 8844 INFO kore odoo.modules.loading: loading mail/data/ir_config_parameter_data.xml 
2026-03-05 01:10:29,514 8844 INFO kore odoo.modules.loading: loading mail/data/res_partner_data.xml 
2026-03-05 01:10:29,521 8844 INFO kore odoo.modules.loading: loading mail/data/mail_message_subtype_data.xml 
2026-03-05 01:10:29,530 8844 INFO kore odoo.modules.loading: loading mail/data/mail_templates_chatter.xml 
2026-03-05 01:10:29,596 8844 INFO kore odoo.modules.loading: loading mail/data/mail_templates_email_layouts.xml 
2026-03-05 01:10:29,662 8844 INFO kore odoo.modules.loading: loading mail/data/mail_templates_mailgateway.xml 
2026-03-05 01:10:29,722 8844 INFO kore odoo.modules.loading: loading mail/data/discuss_channel_data.xml 
2026-03-05 01:10:29,747 8844 INFO kore odoo.modules.loading: loading mail/data/mail_activity_type_data.xml 
2026-03-05 01:10:29,760 8844 INFO kore odoo.modules.loading: loading mail/data/security_notifications_templates.xml 
2026-03-05 01:10:29,777 8844 INFO kore odoo.modules.loading: loading mail/data/ir_cron_data.xml 
2026-03-05 01:10:29,791 8844 INFO kore odoo.modules.loading: loading mail/data/ir_actions_client.xml 
2026-03-05 01:10:29,798 8844 INFO kore odoo.modules.loading: loading mail/security/mail_security.xml 
2026-03-05 01:10:29,827 8844 INFO kore odoo.modules.loading: loading mail/security/ir.model.access.csv 
2026-03-05 01:10:29,983 8844 INFO kore odoo.modules.loading: loading mail/views/discuss_public_templates.xml 
2026-03-05 01:10:30,000 8844 INFO kore odoo.modules.loading: loading mail/views/mail_alias_domain_views.xml 
2026-03-05 01:10:30,042 8844 INFO kore odoo.modules.loading: loading mail/views/mail_alias_views.xml 
2026-03-05 01:10:30,089 8844 INFO kore odoo.modules.loading: loading mail/views/mail_gateway_allowed_views.xml 
2026-03-05 01:10:30,120 8844 INFO kore odoo.modules.loading: loading mail/views/mail_guest_views.xml 
2026-03-05 01:10:30,152 8844 INFO kore odoo.modules.loading: loading mail/views/mail_message_reaction_views.xml 
2026-03-05 01:10:30,183 8844 INFO kore odoo.modules.loading: loading mail/views/mail_templates_public.xml 
2026-03-05 01:10:30,215 8844 INFO kore odoo.modules.loading: loading mail/views/res_users_views.xml 
2026-03-05 01:10:30,317 8844 INFO kore odoo.modules.loading: loading mail/views/res_users_settings_views.xml 
2026-03-05 01:10:30,354 8844 INFO kore odoo.modules.loading: loading mail/views/mail_template_views.xml 
2026-03-05 01:10:30,408 8844 INFO kore odoo.modules.loading: loading mail/views/ir_actions_server_views.xml 
2026-03-05 01:10:30,474 8844 INFO kore odoo.modules.loading: loading mail/views/ir_model_views.xml 
2026-03-05 01:10:30,593 8844 INFO kore odoo.modules.loading: loading mail/views/res_partner_views.xml 
2026-03-05 01:10:30,763 8844 INFO kore odoo.modules.loading: loading mail/views/mail_blacklist_views.xml 
2026-03-05 01:10:30,811 8844 INFO kore odoo.modules.loading: loading mail/views/mail_menus.xml 
2026-03-05 01:10:31,094 8844 INFO kore odoo.modules.loading: loading mail/views/discuss/discuss_menus.xml 
2026-03-05 01:10:31,105 8844 INFO kore odoo.modules.loading: loading mail/views/discuss/discuss_call_history_views.xml 
2026-03-05 01:10:31,143 8844 INFO kore odoo.modules.loading: loading mail/views/res_company_views.xml 
2026-03-05 01:10:31,178 8844 INFO kore odoo.modules.loading: loading mail/views/mail_scheduled_message_views.xml 
2026-03-05 01:10:31,196 8844 INFO kore odoo.modules.loading: loading mail/data/mail_canned_response_data.xml 
2026-03-05 01:10:31,203 8844 INFO kore odoo.modules.loading: loading mail/data/mail_templates_invite.xml 
2026-03-05 01:10:31,255 8844 INFO kore odoo.modules.loading: loading mail/data/web_tour_tour.xml 
2026-03-05 01:10:31,387 8844 INFO kore odoo.modules.loading: Module mail loaded in 5.56s, 3886 queries (+3886 other) 
2026-03-05 01:10:31,387 8844 INFO kore odoo.modules.loading: Loading module web_unsplash (19/57) 
2026-03-05 01:10:31,420 8844 INFO kore odoo.registry: module web_unsplash: creating or updating database tables 
2026-03-05 01:10:31,533 8844 INFO kore odoo.modules.loading: loading web_unsplash/views/res_config_settings_view.xml 
2026-03-05 01:10:31,658 8844 INFO kore odoo.modules.loading: Module web_unsplash loaded in 0.27s, 126 queries (+126 other) 
2026-03-05 01:10:31,658 8844 INFO kore odoo.modules.loading: Loading module analytic (20/57) 
2026-03-05 01:10:31,698 8844 INFO kore odoo.registry: module analytic: creating or updating database tables 
2026-03-05 01:10:31,866 8844 INFO kore odoo.modules.loading: loading analytic/security/analytic_security.xml 
2026-03-05 01:10:31,879 8844 INFO kore odoo.modules.loading: loading analytic/security/ir.model.access.csv 
2026-03-05 01:10:31,908 8844 INFO kore odoo.modules.loading: loading analytic/views/analytic_line_views.xml 
2026-03-05 01:10:32,031 8844 INFO kore odoo.modules.loading: loading analytic/views/analytic_account_views.xml 
2026-03-05 01:10:32,122 8844 INFO kore odoo.modules.loading: loading analytic/views/analytic_plan_views.xml 
2026-03-05 01:10:32,177 8844 INFO kore odoo.models.unlink: User #1 deleted ir.actions.act_window.view records with IDs: [43, 44] 
2026-03-05 01:10:32,191 8844 INFO kore odoo.modules.loading: loading analytic/views/analytic_distribution_model_views.xml 
2026-03-05 01:10:32,231 8844 INFO kore odoo.modules.loading: loading analytic/data/analytic_data.xml 
2026-03-05 01:10:32,269 8844 INFO kore odoo.modules.loading: Module analytic loaded in 0.61s, 335 queries (+335 other) 
2026-03-05 01:10:32,269 8844 INFO kore odoo.modules.loading: Loading module auth_signup (21/57) 
2026-03-05 01:10:32,308 8844 INFO kore odoo.registry: module auth_signup: creating or updating database tables 
2026-03-05 01:10:32,464 8844 INFO kore odoo.modules.loading: loading auth_signup/data/ir_config_parameter_data.xml 
2026-03-05 01:10:32,466 8844 INFO kore odoo.modules.loading: loading auth_signup/data/ir_cron_data.xml 
2026-03-05 01:10:32,514 8844 INFO kore odoo.modules.loading: loading auth_signup/data/mail_template_data.xml 
2026-03-05 01:10:32,529 8844 INFO kore odoo.modules.loading: loading auth_signup/views/res_config_settings_views.xml 
2026-03-05 01:10:32,617 8844 INFO kore odoo.modules.loading: loading auth_signup/views/res_users_views.xml 
2026-03-05 01:10:32,702 8844 INFO kore odoo.modules.loading: loading auth_signup/views/auth_signup_login_templates.xml 
2026-03-05 01:10:32,772 8844 INFO kore odoo.modules.loading: loading auth_signup/views/auth_signup_templates_email.xml 
2026-03-05 01:10:32,794 8844 INFO kore odoo.modules.loading: loading auth_signup/views/webclient_templates.xml 
2026-03-05 01:10:32,873 8844 INFO kore odoo.modules.loading: Module auth_signup loaded in 0.60s, 291 queries (+291 other) 
2026-03-05 01:10:32,873 8844 INFO kore odoo.modules.loading: Loading module auth_totp_mail (22/57) 
2026-03-05 01:10:32,907 8844 INFO kore odoo.registry: module auth_totp_mail: creating or updating database tables 
2026-03-05 01:10:33,005 8844 INFO kore odoo.modules.loading: loading auth_totp_mail/data/ir_action_data.xml 
2026-03-05 01:10:33,037 8844 INFO kore odoo.modules.loading: loading auth_totp_mail/data/mail_template_data.xml 
2026-03-05 01:10:33,043 8844 INFO kore odoo.modules.loading: loading auth_totp_mail/data/security_notifications_template.xml 
2026-03-05 01:10:33,070 8844 INFO kore odoo.modules.loading: loading auth_totp_mail/views/res_config_settings_views.xml 
2026-03-05 01:10:33,161 8844 INFO kore odoo.modules.loading: loading auth_totp_mail/views/res_users_views.xml 
2026-03-05 01:10:33,244 8844 INFO kore odoo.modules.loading: loading auth_totp_mail/views/templates.xml 
2026-03-05 01:10:33,320 8844 INFO kore odoo.modules.loading: Module auth_totp_mail loaded in 0.45s, 218 queries (+218 other) 
2026-03-05 01:10:33,320 8844 INFO kore odoo.modules.loading: Loading module base_install_request (23/57) 
2026-03-05 01:10:33,342 8844 INFO kore odoo.registry: module base_install_request: creating or updating database tables 
2026-03-05 01:10:33,420 8844 INFO kore odoo.modules.loading: loading base_install_request/security/ir.model.access.csv 
2026-03-05 01:10:33,444 8844 INFO kore odoo.modules.loading: loading base_install_request/wizard/base_module_install_request_views.xml 
2026-03-05 01:10:33,495 8844 INFO kore odoo.modules.loading: loading base_install_request/data/mail_template_data.xml 
2026-03-05 01:10:33,500 8844 INFO kore odoo.modules.loading: loading base_install_request/data/mail_templates_module_install.xml 
2026-03-05 01:10:33,516 8844 INFO kore odoo.modules.loading: loading base_install_request/views/ir_module_module_views.xml 
2026-03-05 01:10:33,586 8844 INFO kore odoo.modules.loading: Module base_install_request loaded in 0.27s, 143 queries (+143 other) 
2026-03-05 01:10:33,586 8844 INFO kore odoo.modules.loading: Loading module google_gmail (24/57) 
2026-03-05 01:10:33,619 8844 INFO kore odoo.registry: module google_gmail: creating or updating database tables 
2026-03-05 01:10:33,742 8844 INFO kore odoo.modules.loading: loading google_gmail/views/fetchmail_server_views.xml 
2026-03-05 01:10:33,792 8844 INFO kore odoo.modules.loading: loading google_gmail/views/ir_mail_server_views.xml 
2026-03-05 01:10:33,828 8844 INFO kore odoo.modules.loading: loading google_gmail/views/res_config_settings_views.xml 
2026-03-05 01:10:33,912 8844 INFO kore odoo.modules.loading: loading google_gmail/views/templates.xml 
2026-03-05 01:10:33,949 8844 INFO kore odoo.modules.loading: Module google_gmail loaded in 0.36s, 178 queries (+178 other) 
2026-03-05 01:10:33,949 8844 INFO kore odoo.modules.loading: Loading module iap_mail (25/57) 
2026-03-05 01:10:33,967 8844 INFO kore odoo.registry: module iap_mail: creating or updating database tables 
2026-03-05 01:10:34,039 8844 INFO kore odoo.modules.loading: loading iap_mail/data/mail_templates.xml 
2026-03-05 01:10:34,073 8844 INFO kore odoo.modules.loading: loading iap_mail/views/iap_views.xml 
2026-03-05 01:10:34,136 8844 INFO kore odoo.modules.loading: Module iap_mail loaded in 0.19s, 87 queries (+87 other) 
2026-03-05 01:10:34,136 8844 INFO kore odoo.modules.loading: Loading module mail_bot (26/57) 
2026-03-05 01:10:34,168 8844 INFO kore odoo.registry: module mail_bot: creating or updating database tables 
2026-03-05 01:10:34,267 8844 INFO kore odoo.modules.loading: loading mail_bot/views/res_users_views.xml 
2026-03-05 01:10:34,337 8844 INFO kore odoo.modules.loading: loading mail_bot/data/mailbot_data.xml 
2026-03-05 01:10:34,363 8844 INFO kore odoo.modules.loading: Module mail_bot loaded in 0.23s, 109 queries (+109 other) 
2026-03-05 01:10:34,364 8844 INFO kore odoo.modules.loading: Loading module microsoft_outlook (27/57) 
2026-03-05 01:10:34,402 8844 INFO kore odoo.registry: module microsoft_outlook: creating or updating database tables 
2026-03-05 01:10:34,530 8844 INFO kore odoo.modules.loading: loading microsoft_outlook/views/fetchmail_server_views.xml 
2026-03-05 01:10:34,578 8844 INFO kore odoo.modules.loading: loading microsoft_outlook/views/ir_mail_server_views.xml 
2026-03-05 01:10:34,617 8844 INFO kore odoo.modules.loading: loading microsoft_outlook/views/res_config_settings_views.xml 
2026-03-05 01:10:34,698 8844 INFO kore odoo.modules.loading: loading microsoft_outlook/views/templates.xml 
2026-03-05 01:10:34,734 8844 INFO kore odoo.modules.loading: Module microsoft_outlook loaded in 0.37s, 179 queries (+179 other) 
2026-03-05 01:10:34,734 8844 INFO kore odoo.modules.loading: Loading module phone_validation (28/57) 
2026-03-05 01:10:34,942 8844 INFO kore odoo.registry: module phone_validation: creating or updating database tables 
2026-03-05 01:10:37,546 8844 INFO kore odoo.modules.loading: loading phone_validation/security/ir.model.access.csv 
2026-03-05 01:10:37,581 8844 INFO kore odoo.modules.loading: loading phone_validation/views/phone_blacklist_views.xml 
2026-03-05 01:10:37,684 8844 INFO kore odoo.modules.loading: loading phone_validation/views/res_partner_views.xml 
2026-03-05 01:10:37,729 8844 INFO kore odoo.modules.loading: loading phone_validation/wizard/phone_blacklist_remove_view.xml 
2026-03-05 01:10:37,786 8844 INFO kore odoo.modules.loading: Module phone_validation loaded in 3.05s, 1737 queries (+1737 other) 
2026-03-05 01:10:37,786 8844 INFO kore odoo.modules.loading: Loading module privacy_lookup (29/57) 
2026-03-05 01:10:37,836 8844 INFO kore odoo.registry: module privacy_lookup: creating or updating database tables 
2026-03-05 01:10:38,040 8844 INFO kore odoo.modules.loading: loading privacy_lookup/wizard/privacy_lookup_wizard_views.xml 
2026-03-05 01:10:38,179 8844 INFO kore odoo.modules.loading: loading privacy_lookup/views/privacy_log_views.xml 
2026-03-05 01:10:38,607 8844 INFO kore odoo.modules.loading: loading privacy_lookup/security/ir.model.access.csv 
2026-03-05 01:10:38,680 8844 INFO kore odoo.modules.loading: loading privacy_lookup/data/ir_actions_server_data.xml 
2026-03-05 01:10:38,782 8844 INFO kore odoo.modules.loading: Module privacy_lookup loaded in 1.00s, 248 queries (+248 other) 
2026-03-05 01:10:38,783 8844 INFO kore odoo.modules.loading: Loading module product (30/57) 
2026-03-05 01:10:38,931 8844 INFO kore odoo.registry: module product: creating or updating database tables 
2026-03-05 01:10:39,449 8844 INFO kore odoo.modules.loading: loading product/data/product_data.xml 
2026-03-05 01:10:39,484 8844 INFO kore odoo.modules.loading: loading product/security/product_security.xml 
2026-03-05 01:10:39,565 8844 INFO kore odoo.modules.loading: loading product/security/ir.model.access.csv 
2026-03-05 01:10:39,686 8844 INFO kore odoo.modules.loading: loading product/wizard/product_label_layout_views.xml 
2026-03-05 01:10:39,721 8844 INFO kore odoo.models.unlink: User #1 deleted ir.actions.act_window.view records with IDs: [45] 
2026-03-05 01:10:39,731 8844 INFO kore odoo.modules.loading: loading product/wizard/update_product_attribute_value_views.xml 
2026-03-05 01:10:39,753 8844 INFO kore odoo.modules.loading: loading product/views/product_tag_views.xml 
2026-03-05 01:10:39,798 8844 INFO kore odoo.modules.loading: loading product/views/product_views.xml 
2026-03-05 01:10:39,944 8844 INFO kore odoo.models.unlink: User #1 deleted ir.actions.act_window.view records with IDs: [46, 47, 48] 
2026-03-05 01:10:40,136 8844 INFO kore odoo.modules.loading: loading product/views/res_config_settings_views.xml 
2026-03-05 01:10:40,221 8844 INFO kore odoo.modules.loading: loading product/views/product_attribute_views.xml 
2026-03-05 01:10:40,339 8844 INFO kore odoo.modules.loading: loading product/views/product_attribute_value_views.xml 
2026-03-05 01:10:40,354 8844 INFO kore odoo.modules.loading: loading product/views/product_category_views.xml 
2026-03-05 01:10:40,402 8844 INFO kore odoo.modules.loading: loading product/views/product_combo_views.xml 
2026-03-05 01:10:40,441 8844 INFO kore odoo.modules.loading: loading product/views/product_document_views.xml 
2026-03-05 01:10:40,502 8844 INFO kore odoo.modules.loading: loading product/views/product_pricelist_item_views.xml 
2026-03-05 01:10:40,626 8844 INFO kore odoo.modules.loading: loading product/views/product_pricelist_views.xml 
2026-03-05 01:10:40,713 8844 INFO kore odoo.modules.loading: loading product/views/product_supplierinfo_views.xml 
2026-03-05 01:10:40,802 8844 INFO kore odoo.modules.loading: loading product/views/product_template_attribute_line_views.xml 
2026-03-05 01:10:40,817 8844 INFO kore odoo.modules.loading: loading product/views/product_template_views.xml 
2026-03-05 01:10:41,025 8844 INFO kore odoo.modules.loading: loading product/views/res_country_group_views.xml 
2026-03-05 01:10:41,061 8844 INFO kore odoo.modules.loading: loading product/views/res_partner_views.xml 
2026-03-05 01:10:41,124 8844 INFO kore odoo.modules.loading: loading product/views/uom_views.xml 
2026-03-05 01:10:41,178 8844 INFO kore odoo.modules.loading: loading product/report/product_reports.xml 
2026-03-05 01:10:41,211 8844 INFO kore odoo.modules.loading: loading product/report/product_product_templates.xml 
2026-03-05 01:10:41,317 8844 INFO kore odoo.modules.loading: loading product/report/product_template_templates.xml 
2026-03-05 01:10:41,394 8844 INFO kore odoo.modules.loading: loading product/report/product_packaging.xml 
2026-03-05 01:10:41,413 8844 INFO kore odoo.modules.loading: loading product/report/product_pricelist_report_templates.xml 
2026-03-05 01:10:41,566 8844 INFO kore odoo.modules.loading: Module product loaded in 2.78s, 1421 queries (+1421 other) 
2026-03-05 01:10:41,566 8844 INFO kore odoo.modules.loading: Loading module resource_mail (31/57) 
2026-03-05 01:10:41,588 8844 INFO kore odoo.registry: module resource_mail: creating or updating database tables 
2026-03-05 01:10:41,675 8844 INFO kore odoo.modules.loading: Module resource_mail loaded in 0.11s, 34 queries (+34 other) 
2026-03-05 01:10:41,675 8844 INFO kore odoo.modules.loading: Loading module partner_autocomplete (32/57) 
2026-03-05 01:10:41,733 8844 INFO kore odoo.registry: module partner_autocomplete: creating or updating database tables 
2026-03-05 01:10:41,927 8844 INFO kore odoo.modules.loading: loading partner_autocomplete/views/res_company_views.xml 
2026-03-05 01:10:41,983 8844 INFO kore odoo.modules.loading: loading partner_autocomplete/views/res_config_settings_views.xml 
2026-03-05 01:10:42,071 8844 INFO kore odoo.modules.loading: loading partner_autocomplete/data/iap_service_data.xml 
2026-03-05 01:10:42,100 8844 INFO kore odoo.modules.loading: Module partner_autocomplete loaded in 0.43s, 172 queries (+172 other) 
2026-03-05 01:10:42,100 8844 INFO kore odoo.modules.loading: Loading module portal (33/57) 
2026-03-05 01:10:42,365 8844 INFO kore odoo.registry: module portal: creating or updating database tables 
2026-03-05 01:10:42,819 8844 INFO kore odoo.modules.loading: loading portal/security/ir.model.access.csv 
2026-03-05 01:10:42,835 8844 INFO kore odoo.modules.loading: loading portal/data/mail_templates.xml 
2026-03-05 01:10:42,840 8844 INFO kore odoo.modules.loading: loading portal/views/address_templates.xml 
2026-03-05 01:10:42,943 8844 INFO kore odoo.modules.loading: loading portal/views/mail_templates_public.xml 
2026-03-05 01:10:42,969 8844 INFO kore odoo.modules.loading: loading portal/views/portal_templates.xml 
2026-03-05 01:10:43,393 8844 INFO kore odoo.modules.loading: loading portal/views/res_config_settings_views.xml 
2026-03-05 01:10:43,493 8844 INFO kore odoo.modules.loading: loading portal/wizard/portal_share_views.xml 
2026-03-05 01:10:43,516 8844 INFO kore odoo.modules.loading: loading portal/wizard/portal_wizard_views.xml 
2026-03-05 01:10:43,656 8844 INFO kore odoo.modules.loading: Module portal loaded in 1.56s, 813 queries (+813 other) 
2026-03-05 01:10:43,656 8844 INFO kore odoo.modules.loading: Loading module sms (34/57) 
2026-03-05 01:10:44,038 8844 INFO kore odoo.registry: module sms: creating or updating database tables 
2026-03-05 01:10:46,656 8844 INFO kore odoo.modules.loading: loading sms/data/iap_service_data.xml 
2026-03-05 01:10:46,663 8844 INFO kore odoo.modules.loading: loading sms/data/ir_cron_data.xml 
2026-03-05 01:10:46,667 8844 INFO kore odoo.modules.loading: loading sms/wizard/sms_account_code_views.xml 
2026-03-05 01:10:46,699 8844 INFO kore odoo.modules.loading: loading sms/wizard/sms_account_phone_views.xml 
2026-03-05 01:10:46,716 8844 INFO kore odoo.modules.loading: loading sms/wizard/sms_account_sender_views.xml 
2026-03-05 01:10:46,733 8844 INFO kore odoo.modules.loading: loading sms/wizard/sms_composer_views.xml 
2026-03-05 01:10:46,760 8844 INFO kore odoo.modules.loading: loading sms/wizard/sms_template_preview_views.xml 
2026-03-05 01:10:46,781 8844 INFO kore odoo.modules.loading: loading sms/wizard/sms_template_reset_views.xml 
2026-03-05 01:10:46,801 8844 INFO kore odoo.modules.loading: loading sms/views/ir_actions_server_views.xml 
2026-03-05 01:10:46,871 8844 INFO kore odoo.modules.loading: loading sms/views/mail_notification_views.xml 
2026-03-05 01:10:46,920 8844 INFO kore odoo.modules.loading: loading sms/views/res_config_settings_views.xml 
2026-03-05 01:10:46,997 8844 INFO kore odoo.modules.loading: loading sms/views/res_partner_views.xml 
2026-03-05 01:10:47,063 8844 INFO kore odoo.modules.loading: loading sms/views/iap_account_views.xml 
2026-03-05 01:10:47,099 8844 INFO kore odoo.modules.loading: loading sms/views/sms_sms_views.xml 
2026-03-05 01:10:47,160 8844 INFO kore odoo.modules.loading: loading sms/views/sms_template_views.xml 
2026-03-05 01:10:47,214 8844 INFO kore odoo.modules.loading: loading sms/security/ir.model.access.csv 
2026-03-05 01:10:47,283 8844 INFO kore odoo.modules.loading: loading sms/security/sms_security.xml 
2026-03-05 01:10:47,344 8844 INFO kore odoo.modules.loading: Module sms loaded in 3.69s, 2289 queries (+2289 other) 
2026-03-05 01:10:47,344 8844 INFO kore odoo.modules.loading: Loading module snailmail (35/57) 
2026-03-05 01:10:47,685 8844 INFO kore odoo.registry: module snailmail: creating or updating database tables 
2026-03-05 01:10:48,123 8844 INFO kore odoo.modules.loading: loading snailmail/data/iap_service_data.xml 
2026-03-05 01:10:48,136 8844 INFO kore odoo.modules.loading: loading snailmail/data/snailmail_data.xml 
2026-03-05 01:10:48,184 8844 INFO kore odoo.modules.loading: loading snailmail/views/report_assets.xml 
2026-03-05 01:10:48,229 8844 INFO kore odoo.modules.loading: loading snailmail/views/snailmail_views.xml 
2026-03-05 01:10:48,277 8844 INFO kore odoo.modules.loading: loading snailmail/security/ir.model.access.csv 
2026-03-05 01:10:48,342 8844 INFO kore odoo.modules.loading: Module snailmail loaded in 1.00s, 420 queries (+420 other) 
2026-03-05 01:10:48,342 8844 INFO kore odoo.modules.loading: Loading module auth_passkey_portal (36/57) 
2026-03-05 01:10:48,391 8844 INFO kore odoo.modules.loading: loading auth_passkey_portal/views/templates.xml 
2026-03-05 01:10:48,442 8844 INFO kore odoo.modules.loading: Module auth_passkey_portal loaded in 0.10s, 32 queries (+32 other) 
2026-03-05 01:10:48,442 8844 INFO kore odoo.modules.loading: Loading module auth_totp_portal (37/57) 
2026-03-05 01:10:48,470 8844 INFO kore odoo.registry: module auth_totp_portal: creating or updating database tables 
2026-03-05 01:10:48,556 8844 INFO kore odoo.modules.loading: loading auth_totp_portal/security/security.xml 
2026-03-05 01:10:48,567 8844 INFO kore odoo.modules.loading: loading auth_totp_portal/views/templates.xml 
2026-03-05 01:10:48,616 8844 INFO kore odoo.modules.loading: Module auth_totp_portal loaded in 0.17s, 78 queries (+78 other) 
2026-03-05 01:10:48,617 8844 INFO kore odoo.modules.loading: Loading module digest (38/57) 
2026-03-05 01:10:48,655 8844 INFO kore odoo.registry: module digest: creating or updating database tables 
2026-03-05 01:10:48,773 8844 INFO kore odoo.modules.loading: loading digest/security/ir.model.access.csv 
2026-03-05 01:10:48,789 8844 INFO kore odoo.modules.loading: loading digest/data/digest_data.xml 
2026-03-05 01:10:48,800 8844 INFO kore odoo.modules.loading: loading digest/data/digest_tips_data.xml 
2026-03-05 01:10:48,835 8844 INFO kore odoo.modules.loading: loading digest/data/ir_cron_data.xml 
2026-03-05 01:10:48,885 8844 INFO kore odoo.modules.loading: loading digest/data/res_config_settings_data.xml 
2026-03-05 01:10:48,891 8844 INFO kore odoo.modules.loading: loading digest/views/digest_views.xml 
2026-03-05 01:10:49,013 8844 INFO kore odoo.modules.loading: loading digest/views/digest_templates.xml 
2026-03-05 01:10:49,026 8844 INFO kore odoo.modules.loading: loading digest/views/res_config_settings_views.xml 
2026-03-05 01:10:49,192 8844 INFO kore odoo.modules.loading: Module digest loaded in 0.57s, 323 queries (+323 other) 
2026-03-05 01:10:49,192 8844 INFO kore odoo.modules.loading: Loading module payment (39/57) 
2026-03-05 01:10:49,292 8844 INFO kore odoo.registry: module payment: creating or updating database tables 
2026-03-05 01:10:49,558 8844 INFO kore odoo.modules.loading: loading payment/data/ir_actions_server_data.xml 
2026-03-05 01:10:49,572 8844 INFO kore odoo.modules.loading: loading payment/data/payment_method_data.xml 
2026-03-05 01:10:49,802 8844 INFO kore odoo.modules.loading: loading payment/data/payment_provider_data.xml 
2026-03-05 01:10:49,830 8844 INFO kore odoo.modules.loading: loading payment/data/payment_cron.xml 
2026-03-05 01:10:49,876 8844 INFO kore odoo.modules.loading: loading payment/views/express_checkout_templates.xml 
2026-03-05 01:10:49,892 8844 INFO kore odoo.modules.loading: loading payment/views/payment_form_templates.xml 
2026-03-05 01:10:50,026 8844 INFO kore odoo.modules.loading: loading payment/views/portal_templates.xml 
2026-03-05 01:10:50,164 8844 INFO kore odoo.modules.loading: loading payment/views/payment_provider_views.xml 
2026-03-05 01:10:50,246 8844 INFO kore odoo.modules.loading: loading payment/views/payment_method_views.xml 
2026-03-05 01:10:50,303 8844 INFO kore odoo.modules.loading: loading payment/views/payment_transaction_views.xml 
2026-03-05 01:10:50,391 8844 INFO kore odoo.modules.loading: loading payment/views/payment_token_views.xml 
2026-03-05 01:10:50,437 8844 INFO kore odoo.modules.loading: loading payment/views/res_partner_views.xml 
2026-03-05 01:10:50,497 8844 INFO kore odoo.modules.loading: loading payment/security/ir.model.access.csv 
2026-03-05 01:10:50,549 8844 INFO kore odoo.modules.loading: loading payment/security/payment_security.xml 
2026-03-05 01:10:50,557 8844 INFO kore odoo.modules.loading: loading payment/wizards/payment_capture_wizard_views.xml 
2026-03-05 01:10:50,576 8844 INFO kore odoo.modules.loading: loading payment/wizards/payment_link_wizard_views.xml 
2026-03-05 01:10:50,668 8844 INFO kore odoo.modules.loading: Module payment loaded in 1.48s, 1172 queries (+1172 other) 
2026-03-05 01:10:50,668 8844 INFO kore odoo.modules.loading: Loading module spreadsheet (40/57) 
2026-03-05 01:10:50,701 8844 INFO kore odoo.registry: module spreadsheet: creating or updating database tables 
2026-03-05 01:10:50,814 8844 INFO kore odoo.modules.loading: loading spreadsheet/views/public_readonly_spreadsheet_templates.xml 
2026-03-05 01:10:50,857 8844 INFO kore odoo.modules.loading: Module spreadsheet loaded in 0.19s, 96 queries (+96 other) 
2026-03-05 01:10:50,858 8844 INFO kore odoo.modules.loading: Loading module account (41/57) 
2026-03-05 01:10:51,245 8844 INFO kore odoo.registry: module account: creating or updating database tables 
2026-03-05 01:10:52,471 8844 INFO kore odoo.modules.loading: loading account/security/account_security.xml 
2026-03-05 01:10:52,709 8844 INFO kore odoo.modules.loading: loading account/security/ir.model.access.csv 
2026-03-05 01:10:52,933 8844 INFO kore odoo.modules.loading: loading account/data/account_data.xml 
2026-03-05 01:10:52,965 8844 INFO kore odoo.modules.loading: loading account/data/digest_data.xml 
2026-03-05 01:10:52,980 8844 INFO kore odoo.modules.loading: loading account/views/account_report.xml 
2026-03-05 01:10:53,006 8844 INFO kore odoo.modules.loading: loading account/data/mail_template_data.xml 
2026-03-05 01:10:53,022 8844 INFO kore odoo.modules.loading: loading account/data/onboarding_data.xml 
2026-03-05 01:10:53,034 8844 INFO kore odoo.modules.loading: loading account/data/account_tour.xml 
2026-03-05 01:10:53,040 8844 INFO kore odoo.modules.loading: loading account/data/ir_sequence.xml 
2026-03-05 01:10:53,046 8844 INFO kore odoo.modules.loading: loading account/data/res_country_group.xml 
2026-03-05 01:10:53,052 8844 INFO kore odoo.modules.loading: loading account/views/account_payment_view.xml 
2026-03-05 01:10:53,221 8844 INFO kore odoo.modules.loading: loading account/wizard/account_automatic_entry_wizard_views.xml 
2026-03-05 01:10:53,249 8844 INFO kore odoo.modules.loading: loading account/wizard/account_autopost_bills_wizard.xml 
2026-03-05 01:10:53,267 8844 INFO kore odoo.modules.loading: loading account/wizard/account_unreconcile_view.xml 
2026-03-05 01:10:53,282 8844 INFO kore odoo.modules.loading: loading account/wizard/account_move_reversal_view.xml 
2026-03-05 01:10:53,306 8844 INFO kore odoo.modules.loading: loading account/wizard/account_resequence_views.xml 
2026-03-05 01:10:53,324 8844 INFO kore odoo.modules.loading: loading account/wizard/account_payment_register_views.xml 
2026-03-05 01:10:53,351 8844 INFO kore odoo.modules.loading: loading account/views/account_move_views.xml 
2026-03-05 01:10:55,329 8844 INFO kore odoo.modules.loading: loading account/wizard/setup_wizards_view.xml 
2026-03-05 01:10:55,389 8844 INFO kore odoo.modules.loading: loading account/views/account_account_views.xml 
2026-03-05 01:10:55,466 8844 INFO kore odoo.modules.loading: loading account/views/account_group_views.xml 
2026-03-05 01:10:55,505 8844 INFO kore odoo.modules.loading: loading account/views/account_journal_views.xml 
2026-03-05 01:10:55,667 8844 INFO kore odoo.models.unlink: User #1 deleted ir.actions.act_window.view records with IDs: [49, 50, 51] 
2026-03-05 01:10:55,712 8844 INFO kore odoo.modules.loading: loading account/views/account_account_tag_views.xml 
2026-03-05 01:10:55,749 8844 INFO kore odoo.modules.loading: loading account/views/account_bank_statement_views.xml 
2026-03-05 01:10:55,815 8844 INFO kore odoo.modules.loading: loading account/views/account_reconcile_model_views.xml 
2026-03-05 01:10:55,872 8844 INFO kore odoo.modules.loading: loading account/views/account_tax_views.xml 
2026-03-05 01:10:56,054 8844 INFO kore odoo.modules.loading: loading account/views/account_full_reconcile_views.xml 
2026-03-05 01:10:56,071 8844 INFO kore odoo.modules.loading: loading account/views/account_payment_term_views.xml 
2026-03-05 01:10:56,137 8844 INFO kore odoo.modules.loading: loading account/views/account_payment_method.xml 
2026-03-05 01:10:56,161 8844 INFO kore odoo.modules.loading: loading account/views/res_partner_bank_views.xml 
2026-03-05 01:10:56,223 8844 INFO kore odoo.modules.loading: loading account/views/report_statement.xml 
2026-03-05 01:10:56,264 8844 INFO kore odoo.modules.loading: loading account/views/terms_template.xml 
2026-03-05 01:10:56,304 8844 INFO kore odoo.modules.loading: loading account/wizard/account_validate_move_view.xml 
2026-03-05 01:10:56,337 8844 INFO kore odoo.modules.loading: loading account/views/res_company_views.xml 
2026-03-05 01:10:56,412 8844 INFO kore odoo.modules.loading: loading account/views/product_view.xml 
2026-03-05 01:10:56,497 8844 INFO kore odoo.models.unlink: User #1 deleted ir.actions.act_window.view records with IDs: [52, 53, 54, 55] 
2026-03-05 01:10:56,517 8844 INFO kore odoo.models.unlink: User #1 deleted ir.actions.act_window.view records with IDs: [56, 57, 58, 59] 
2026-03-05 01:10:56,619 8844 INFO kore odoo.modules.loading: loading account/views/account_analytic_plan_views.xml 
2026-03-05 01:10:56,653 8844 INFO kore odoo.modules.loading: loading account/views/account_analytic_account_views.xml 
2026-03-05 01:10:56,717 8844 INFO kore odoo.modules.loading: loading account/views/account_analytic_distribution_model_views.xml 
2026-03-05 01:10:56,774 8844 INFO kore odoo.modules.loading: loading account/views/account_analytic_line_views.xml 
2026-03-05 01:10:56,883 8844 INFO kore odoo.modules.loading: loading account/views/report_invoice.xml 
2026-03-05 01:10:57,004 8844 INFO kore odoo.modules.loading: loading account/report/account_invoice_report_view.xml 
2026-03-05 01:10:57,100 8844 INFO kore odoo.modules.loading: loading account/views/account_cash_rounding_view.xml 
2026-03-05 01:10:57,149 8844 INFO kore odoo.modules.loading: loading account/views/ir_actions_views.xml 
2026-03-05 01:10:57,182 8844 INFO kore odoo.modules.loading: loading account/views/ir_module_views.xml 
2026-03-05 01:10:57,215 8844 INFO kore odoo.modules.loading: loading account/views/base_document_layout_views.xml 
2026-03-05 01:10:57,255 8844 INFO kore odoo.modules.loading: loading account/views/res_config_settings_views.xml 
2026-03-05 01:10:57,491 8844 INFO kore odoo.modules.loading: loading account/views/partner_view.xml 
2026-03-05 01:10:57,777 8844 INFO kore odoo.modules.loading: loading account/views/account_journal_dashboard_view.xml 
2026-03-05 01:10:57,819 8844 INFO kore odoo.modules.loading: loading account/views/account_portal_templates.xml 
2026-03-05 01:10:57,986 8844 INFO kore odoo.modules.loading: loading account/views/report_payment_receipt_templates.xml 
2026-03-05 01:10:58,014 8844 INFO kore odoo.modules.loading: loading account/data/service_cron.xml 
2026-03-05 01:10:58,069 8844 INFO kore odoo.modules.loading: loading account/views/account_incoterms_view.xml 
2026-03-05 01:10:58,111 8844 INFO kore odoo.modules.loading: loading account/data/account_incoterms_data.xml 
2026-03-05 01:10:58,134 8844 INFO kore odoo.modules.loading: loading account/views/digest_views.xml 
2026-03-05 01:10:58,171 8844 INFO kore odoo.modules.loading: loading account/wizard/account_move_send_wizard.xml 
2026-03-05 01:10:58,191 8844 INFO kore odoo.modules.loading: loading account/wizard/account_move_send_batch_wizard.xml 
2026-03-05 01:10:58,207 8844 INFO kore odoo.modules.loading: loading account/report/account_hash_integrity_templates.xml 
2026-03-05 01:10:58,226 8844 INFO kore odoo.modules.loading: loading account/views/res_currency.xml 
2026-03-05 01:10:58,260 8844 INFO kore odoo.modules.loading: loading account/views/res_country_group_view.xml 
2026-03-05 01:10:58,292 8844 INFO kore odoo.modules.loading: loading account/views/account_menuitem.xml 
2026-03-05 01:10:58,660 8844 INFO kore odoo.modules.loading: loading account/wizard/account_secure_entries_wizard.xml 
2026-03-05 01:10:58,694 8844 INFO kore odoo.modules.loading: loading account/views/mail_message_views.xml 
2026-03-05 01:10:58,740 8844 INFO kore odoo.modules.loading: loading account/wizard/accrued_orders.xml 
2026-03-05 01:10:58,760 8844 INFO kore odoo.modules.loading: loading account/views/bill_preview_template.xml 
2026-03-05 01:10:58,781 8844 INFO kore odoo.modules.loading: loading account/data/account_reports_data.xml 
2026-03-05 01:10:58,812 8844 INFO kore odoo.modules.loading: loading account/views/uom_uom_views.xml 
2026-03-05 01:10:58,847 8844 INFO kore odoo.modules.loading: loading account/views/product_views.xml 
2026-03-05 01:10:58,899 8844 INFO kore odoo.modules.loading: loading account/views/tests_shared_js_python.xml 
2026-03-05 01:10:58,916 8844 INFO kore odoo.modules.loading: loading account/views/account_lock_exception_views.xml 
2026-03-05 01:10:58,935 8844 INFO kore odoo.modules.loading: loading account/views/report_templates.xml 
2026-03-05 01:10:59,015 8844 INFO kore odoo.modules.loading: loading account/wizard/account_merge_wizard_views.xml 
2026-03-05 01:10:59,281 8844 INFO kore odoo.modules.loading: Module account loaded in 8.42s, 4437 queries (+4437 other) 
2026-03-05 01:10:59,281 8844 INFO kore odoo.modules.loading: Loading module base_automation (42/57) 
2026-03-05 01:10:59,326 8844 INFO kore odoo.registry: module base_automation: creating or updating database tables 
2026-03-05 01:10:59,459 8844 INFO kore odoo.modules.loading: loading base_automation/security/ir.model.access.csv 
2026-03-05 01:10:59,471 8844 INFO kore odoo.modules.loading: loading base_automation/data/base_automation_data.xml 
2026-03-05 01:10:59,475 8844 INFO kore odoo.modules.loading: loading base_automation/data/digest_data.xml 
2026-03-05 01:10:59,485 8844 INFO kore odoo.modules.loading: loading base_automation/views/base_automation_views.xml 
2026-03-05 01:10:59,580 8844 INFO kore odoo.modules.loading: loading base_automation/views/ir_actions_server_views.xml 
2026-03-05 01:10:59,682 8844 INFO kore odoo.modules.loading: Module base_automation loaded in 0.40s, 172 queries (+172 other) 
2026-03-05 01:10:59,682 8844 INFO kore odoo.modules.loading: Loading module spreadsheet_dashboard (43/57) 
2026-03-05 01:10:59,712 8844 INFO kore odoo.registry: module spreadsheet_dashboard: creating or updating database tables 
2026-03-05 01:10:59,820 8844 INFO kore odoo.modules.loading: loading spreadsheet_dashboard/security/security.xml 
2026-03-05 01:10:59,948 8844 INFO kore odoo.modules.loading: loading spreadsheet_dashboard/security/ir.model.access.csv 
2026-03-05 01:10:59,966 8844 INFO kore odoo.modules.loading: loading spreadsheet_dashboard/views/spreadsheet_dashboard_views.xml 
2026-03-05 01:11:00,029 8844 INFO kore odoo.modules.loading: loading spreadsheet_dashboard/views/menu_views.xml 
2026-03-05 01:11:00,070 8844 INFO kore odoo.modules.loading: loading spreadsheet_dashboard/data/dashboard.xml 
2026-03-05 01:11:00,120 8844 INFO kore odoo.modules.loading: Module spreadsheet_dashboard loaded in 0.44s, 256 queries (+256 other) 
2026-03-05 01:11:00,120 8844 INFO kore odoo.modules.loading: Loading module account_add_gln (44/57) 
2026-03-05 01:11:00,172 8844 INFO kore odoo.registry: module account_add_gln: creating or updating database tables 
2026-03-05 01:11:00,356 8844 INFO kore odoo.modules.loading: loading account_add_gln/views/res_partner_views.xml 
2026-03-05 01:11:00,474 8844 INFO kore odoo.modules.loading: Module account_add_gln loaded in 0.35s, 106 queries (+106 other) 
2026-03-05 01:11:00,474 8844 INFO kore odoo.modules.loading: Loading module account_edi_ubl_cii (45/57) 
2026-03-05 01:11:00,600 8844 INFO kore odoo.registry: module account_edi_ubl_cii: creating or updating database tables 
2026-03-05 01:11:00,945 8844 INFO kore odoo.modules.loading: loading account_edi_ubl_cii/data/cii_22_templates.xml 
2026-03-05 01:11:01,013 8844 INFO kore odoo.modules.loading: loading account_edi_ubl_cii/views/account_tax_views.xml 
2026-03-05 01:11:01,057 8844 INFO kore odoo.modules.loading: loading account_edi_ubl_cii/views/res_partner_views.xml 
2026-03-05 01:11:01,140 8844 INFO kore odoo.modules.loading: loading account_edi_ubl_cii/report/account_edi_ubl_cii_report_templates.xml 
2026-03-05 01:11:01,233 8844 INFO kore odoo.modules.loading: Module account_edi_ubl_cii loaded in 0.76s, 356 queries (+356 other) 
2026-03-05 01:11:01,234 8844 INFO kore odoo.modules.loading: Loading module account_payment (46/57) 
2026-03-05 01:11:01,316 8844 INFO kore odoo.registry: module account_payment: creating or updating database tables 
2026-03-05 01:11:01,631 8844 INFO kore odoo.modules.loading: loading account_payment/data/ir_config_parameter.xml 
2026-03-05 01:11:01,635 8844 INFO kore odoo.modules.loading: loading account_payment/security/ir.model.access.csv 
2026-03-05 01:11:01,650 8844 INFO kore odoo.modules.loading: loading account_payment/security/ir_rules.xml 
2026-03-05 01:11:01,653 8844 INFO kore odoo.modules.loading: loading account_payment/views/account_payment_menus.xml 
2026-03-05 01:11:01,689 8844 INFO kore odoo.modules.loading: loading account_payment/views/account_portal_templates.xml 
2026-03-05 01:11:01,894 8844 INFO kore odoo.modules.loading: loading account_payment/views/account_move_views.xml 
2026-03-05 01:11:02,034 8844 INFO kore odoo.modules.loading: loading account_payment/views/account_journal_views.xml 
2026-03-05 01:11:02,090 8844 INFO kore odoo.modules.loading: loading account_payment/views/account_payment_views.xml 
2026-03-05 01:11:02,137 8844 INFO kore odoo.modules.loading: loading account_payment/views/payment_form_templates.xml 
2026-03-05 01:11:02,162 8844 INFO kore odoo.modules.loading: loading account_payment/views/payment_provider_views.xml 
2026-03-05 01:11:02,197 8844 INFO kore odoo.modules.loading: loading account_payment/views/payment_transaction_views.xml 
2026-03-05 01:11:02,231 8844 INFO kore odoo.modules.loading: loading account_payment/wizards/account_payment_register_views.xml 
2026-03-05 01:11:02,269 8844 INFO kore odoo.modules.loading: loading account_payment/wizards/payment_link_wizard_views.xml 
2026-03-05 01:11:02,302 8844 INFO kore odoo.modules.loading: loading account_payment/wizards/payment_refund_wizard_views.xml 
2026-03-05 01:11:02,320 8844 INFO kore odoo.modules.loading: loading account_payment/wizards/res_config_settings_views.xml 
2026-03-05 01:11:02,487 8844 INFO kore odoo.modules.loading: Module account_payment loaded in 1.25s, 624 queries (+624 other) 
2026-03-05 01:11:02,487 8844 INFO kore odoo.modules.loading: Loading module gov_base (47/57) 
2026-03-05 01:11:02,548 8844 INFO kore odoo.registry: module gov_base: creating or updating database tables 
2026-03-05 01:11:02,682 8844 INFO kore odoo.modules.loading: loading gov_base/security/gov_base_groups.xml 
2026-03-05 01:11:02,759 8844 INFO kore odoo.modules.loading: loading gov_base/security/record_rules.xml 
2026-03-05 01:11:02,761 8844 INFO kore odoo.modules.loading: loading gov_base/security/ir.model.access.csv 
2026-03-05 01:11:02,801 8844 INFO kore odoo.modules.loading: loading gov_base/views/res_company_views.xml 
2026-03-05 01:11:02,839 8844 INFO kore odoo.modules.loading: loading gov_base/views/account_account_views.xml 
2026-03-05 01:11:02,903 8844 INFO kore odoo.modules.loading: Module gov_base loaded in 0.42s, 167 queries (+167 other) 
2026-03-05 01:11:02,903 8844 INFO kore odoo.modules.loading: Loading module snailmail_account (48/57) 
2026-03-05 01:11:02,992 8844 INFO kore odoo.registry: module snailmail_account: creating or updating database tables 
2026-03-05 01:11:03,272 8844 INFO kore odoo.modules.loading: loading snailmail_account/views/res_config_settings_views.xml 
2026-03-05 01:11:03,426 8844 INFO kore odoo.modules.loading: Module snailmail_account loaded in 0.52s, 220 queries (+220 other) 
2026-03-05 01:11:03,426 8844 INFO kore odoo.modules.loading: Loading module spreadsheet_account (49/57) 
2026-03-05 01:11:03,474 8844 INFO kore odoo.registry: module spreadsheet_account: creating or updating database tables 
2026-03-05 01:11:03,623 8844 INFO kore odoo.modules.loading: Module spreadsheet_account loaded in 0.20s, 57 queries (+57 other) 
2026-03-05 01:11:03,623 8844 INFO kore odoo.modules.loading: Loading module spreadsheet_dashboard_account (50/57) 
2026-03-05 01:11:03,699 8844 INFO kore odoo.modules.loading: loading spreadsheet_dashboard_account/data/dashboards.xml 
2026-03-05 01:11:03,753 8844 INFO kore odoo.modules.loading: Module spreadsheet_dashboard_account loaded in 0.13s, 28 queries (+28 other) 
2026-03-05 01:11:03,753 8844 INFO kore odoo.modules.loading: Loading module gov_processos (51/57) 
2026-03-05 01:11:03,846 8844 INFO kore odoo.registry: module gov_processos: creating or updating database tables 
2026-03-05 01:11:04,141 8844 INFO kore odoo.modules.loading: loading gov_processos/security/ir.model.access.csv 
2026-03-05 01:11:04,243 8844 INFO kore odoo.modules.loading: loading gov_processos/data/gov_ai_template_seed.xml 
2026-03-05 01:11:04,247 8844 INFO kore odoo.modules.loading: loading gov_processos/data/gov_ai_template_procurement_seed.xml 
2026-03-05 01:11:04,260 8844 INFO kore odoo.modules.loading: loading gov_processos/data/gov_ai_template_direct_seed.xml 
2026-03-05 01:11:04,295 8844 INFO kore odoo.modules.loading: loading gov_processos/data/gov_ai_quality_policy_seed.xml 
2026-03-05 01:11:04,303 8844 INFO kore odoo.modules.loading: loading gov_processos/data/gov_timbre_seed.xml 
2026-03-05 01:11:04,309 8844 INFO kore odoo.modules.loading: loading gov_processos/views/gov_ai_provider_views.xml 
2026-03-05 01:11:04,351 8844 INFO kore odoo.modules.loading: loading gov_processos/views/gov_ai_memory_views.xml 
2026-03-05 01:11:04,381 8844 INFO kore odoo.modules.loading: loading gov_processos/views/gov_ai_run_views.xml 
2026-03-05 01:11:04,415 8844 INFO kore odoo.modules.loading: loading gov_processos/views/gov_ai_memory_ingest_wizard_views.xml 
2026-03-05 01:11:04,436 8844 INFO kore odoo.modules.loading: loading gov_processos/views/gov_ai_template_views.xml 
2026-03-05 01:11:04,470 8844 INFO kore odoo.modules.loading: loading gov_processos/views/gov_ai_quality_policy_views.xml 
2026-03-05 01:11:04,501 8844 INFO kore odoo.modules.loading: loading gov_processos/views/gov_ai_orchestrator_views.xml 
2026-03-05 01:11:04,523 8844 INFO kore odoo.modules.loading: loading gov_processos/views/gov_processo_doc_views.xml 
2026-03-05 01:11:04,573 8844 INFO kore odoo.modules.loading: loading gov_processos/views/gov_processo_dotacao_views.xml 
2026-03-05 01:11:04,604 8844 INFO kore odoo.modules.loading: loading gov_processos/views/gov_dotacao_wizard_views.xml 
2026-03-05 01:11:04,626 8844 INFO kore odoo.modules.loading: loading gov_processos/views/gov_processo_fase_wizard_views.xml 
2026-03-05 01:11:04,645 8844 INFO kore odoo.modules.loading: loading gov_processos/views/gov_processo_views.xml 
2026-03-05 01:11:04,720 8844 INFO kore odoo.modules.loading: loading gov_processos/views/gov_dashboard_views.xml 
2026-03-05 01:11:04,751 8844 INFO kore odoo.modules.loading: loading gov_processos/views/gov_dashboard_action.xml 
2026-03-05 01:11:04,756 8844 INFO kore odoo.modules.loading: loading gov_processos/views/gov_relatorio_wizard_views.xml 
2026-03-05 01:11:04,780 8844 INFO kore odoo.modules.loading: loading gov_processos/views/gov_timbre_views.xml 
2026-03-05 01:11:04,812 8844 INFO kore odoo.modules.loading: loading gov_processos/views/gov_siafi_wizard_views.xml 
2026-03-05 01:11:04,834 8844 INFO kore odoo.modules.loading: loading gov_processos/views/gov_execucao_wizard_views.xml 
2026-03-05 01:11:04,855 8844 INFO kore odoo.modules.loading: loading gov_processos/views/gov_processo_wizard.xml 
2026-03-05 01:11:04,876 8844 INFO kore odoo.modules.loading: loading gov_processos/views/gov_processo_tramite_wizard.xml 
2026-03-05 01:11:04,895 8844 INFO kore odoo.modules.loading: loading gov_processos/views/gov_processo_menus.xml 
2026-03-05 01:11:05,057 8844 INFO kore odoo.modules.loading: loading gov_processos/data/gov_processo_sequence.xml 
2026-03-05 01:11:05,061 8844 INFO kore odoo.modules.loading: loading gov_processos/data/gov_processo_cron.xml 
2026-03-05 01:11:05,134 8844 INFO kore odoo.modules.loading: loading gov_processos/data/gov_automation_rules.xml 
2026-03-05 01:11:05,354 8844 INFO kore odoo.modules.loading: Module gov_processos loaded in 1.60s, 1028 queries (+1028 other) 
2026-03-05 01:11:05,354 8844 INFO kore odoo.modules.loading: Loading module gov_ai_ml (52/57) 
2026-03-05 01:11:05,385 8844 INFO kore odoo.registry: module gov_ai_ml: creating or updating database tables 
2026-03-05 01:11:05,484 8844 INFO kore odoo.modules.loading: loading gov_ai_ml/security/ir.model.access.csv 
2026-03-05 01:11:05,512 8844 INFO kore odoo.modules.loading: loading gov_ai_ml/data/gov_ai_ml_cron.xml 
2026-03-05 01:11:05,517 8844 INFO kore odoo.modules.loading: loading gov_ai_ml/views/gov_ai_ml_memory_vector_views.xml 
2026-03-05 01:11:05,562 8844 INFO kore odoo.modules.loading: loading gov_ai_ml/views/gov_ai_ml_feedback_views.xml 
2026-03-05 01:11:05,593 8844 INFO kore odoo.modules.loading: loading gov_ai_ml/views/gov_ai_ml_menu_views.xml 
2026-03-05 01:11:05,642 8844 INFO kore odoo.modules.loading: Module gov_ai_ml loaded in 0.29s, 141 queries (+141 other) 
2026-03-05 01:11:05,642 8844 INFO kore odoo.modules.loading: Loading module gov_empenho (53/57) 
2026-03-05 01:11:05,680 8844 INFO kore odoo.registry: module gov_empenho: creating or updating database tables 
2026-03-05 01:11:05,812 8844 INFO kore odoo.modules.loading: loading gov_empenho/security/ir.model.access.csv 
2026-03-05 01:11:05,840 8844 INFO kore odoo.modules.loading: loading gov_empenho/security/gov_empenho_rules.xml 
2026-03-05 01:11:05,864 8844 INFO kore odoo.modules.loading: loading gov_empenho/data/gov_empenho_sequence.xml 
2026-03-05 01:11:05,869 8844 INFO kore odoo.modules.loading: loading gov_empenho/data/gov_mcasp_seed.xml 
2026-03-05 01:11:05,894 8844 INFO kore odoo.modules.loading: loading gov_empenho/data/gov_account_config_seed.xml 
2026-03-05 01:11:05,903 8844 INFO kore odoo.modules.loading: loading gov_empenho/views/gov_empenho_views.xml 
2026-03-05 01:11:05,967 8844 INFO kore odoo.modules.loading: loading gov_empenho/views/gov_empenho_wizard.xml 
2026-03-05 01:11:05,992 8844 INFO kore odoo.modules.loading: loading gov_empenho/views/gov_account_config_views.xml 
2026-03-05 01:11:06,035 8844 INFO kore odoo.modules.loading: loading gov_empenho/views/gov_empenho_move_wizard.xml 
2026-03-05 01:11:06,054 8844 INFO kore odoo.modules.loading: loading gov_empenho/views/gov_empenho_menus.xml 
2026-03-05 01:11:06,131 8844 INFO kore odoo.modules.loading: Module gov_empenho loaded in 0.49s, 307 queries (+307 other) 
2026-03-05 01:11:06,132 8844 INFO kore odoo.modules.loading: Loading module gov_compras (54/57) 
2026-03-05 01:11:06,180 8844 INFO kore odoo.registry: module gov_compras: creating or updating database tables 
2026-03-05 01:11:06,414 8844 INFO kore odoo.modules.loading: loading gov_compras/security/ir.model.access.csv 
2026-03-05 01:11:06,444 8844 INFO kore odoo.modules.loading: loading gov_compras/data/ir_sequence.xml 
2026-03-05 01:11:06,450 8844 INFO kore odoo.modules.loading: loading gov_compras/views/gov_compras_catalog_views.xml 
2026-03-05 01:11:06,501 8844 INFO kore odoo.modules.loading: loading gov_compras/views/gov_compras_previsao_views.xml 
2026-03-05 01:11:06,551 8844 INFO kore odoo.modules.loading: loading gov_compras/views/gov_processo_compras_views.xml 
2026-03-05 01:11:06,652 8844 INFO kore odoo.modules.loading: loading gov_compras/views/gov_processo_doc_compras_views.xml 
2026-03-05 01:11:06,713 8844 INFO kore odoo.modules.loading: loading gov_compras/views/gov_empenho_compras_views.xml 
2026-03-05 01:11:06,775 8844 INFO kore odoo.modules.loading: loading gov_compras/views/gov_compras_menus.xml 
2026-03-05 01:11:06,844 8844 INFO kore odoo.modules.loading: Module gov_compras loaded in 0.71s, 365 queries (+365 other) 
2026-03-05 01:11:06,844 8844 INFO kore odoo.modules.loading: Loading module gov_liquidacao (55/57) 
2026-03-05 01:11:06,885 8844 INFO kore odoo.registry: module gov_liquidacao: creating or updating database tables 
2026-03-05 01:11:07,031 8844 INFO kore odoo.modules.loading: loading gov_liquidacao/security/ir.model.access.csv 
2026-03-05 01:11:07,059 8844 INFO kore odoo.modules.loading: loading gov_liquidacao/security/gov_liquidacao_rules.xml 
2026-03-05 01:11:07,084 8844 INFO kore odoo.modules.loading: loading gov_liquidacao/data/gov_liquidacao_sequence.xml 
2026-03-05 01:11:07,090 8844 INFO kore odoo.modules.loading: loading gov_liquidacao/data/gov_nl_evento_tipo_seed.xml 
2026-03-05 01:11:07,103 8844 INFO kore odoo.modules.loading: loading gov_liquidacao/views/gov_ateste_wizard.xml 
2026-03-05 01:11:07,134 8844 INFO kore odoo.modules.loading: loading gov_liquidacao/views/gov_nl_evento_tipo_views.xml 
2026-03-05 01:11:07,166 8844 INFO kore odoo.modules.loading: loading gov_liquidacao/views/gov_liquidacao_views.xml 
2026-03-05 01:11:07,219 8844 INFO kore odoo.modules.loading: loading gov_liquidacao/views/gov_liquidacao_menus.xml 
2026-03-05 01:11:07,274 8844 INFO kore odoo.modules.loading: Module gov_liquidacao loaded in 0.43s, 227 queries (+227 other) 
2026-03-05 01:11:07,274 8844 INFO kore odoo.modules.loading: Loading module gov_pagamento (56/57) 
2026-03-05 01:11:07,310 8844 INFO kore odoo.registry: module gov_pagamento: creating or updating database tables 
2026-03-05 01:11:07,429 8844 INFO kore odoo.modules.loading: loading gov_pagamento/security/ir.model.access.csv 
2026-03-05 01:11:07,453 8844 INFO kore odoo.modules.loading: loading gov_pagamento/security/gov_pagamento_rules.xml 
2026-03-05 01:11:07,476 8844 INFO kore odoo.modules.loading: loading gov_pagamento/data/gov_pd_sequence.xml 
2026-03-05 01:11:07,485 8844 INFO kore odoo.modules.loading: loading gov_pagamento/data/gov_pagamento_sequence.xml 
2026-03-05 01:11:07,490 8844 INFO kore odoo.modules.loading: loading gov_pagamento/views/gov_pd_views.xml 
2026-03-05 01:11:07,550 8844 INFO kore odoo.modules.loading: loading gov_pagamento/views/gov_pagamento_views.xml 
2026-03-05 01:11:07,593 8844 INFO kore odoo.modules.loading: loading gov_pagamento/views/gov_pd_menus.xml 
2026-03-05 01:11:07,646 8844 INFO kore odoo.modules.loading: Module gov_pagamento loaded in 0.37s, 182 queries (+182 other) 
2026-03-05 01:11:07,646 8844 INFO kore odoo.modules.loading: Loading module gov_conciliacao (57/57) 
2026-03-05 01:11:07,681 8844 INFO kore odoo.registry: module gov_conciliacao: creating or updating database tables 
2026-03-05 01:11:07,812 8844 INFO kore odoo.modules.loading: loading gov_conciliacao/security/ir.model.access.csv 
2026-03-05 01:11:07,833 8844 INFO kore odoo.modules.loading: loading gov_conciliacao/data/gov_conciliacao_sequence.xml 
2026-03-05 01:11:07,843 8844 INFO kore odoo.modules.loading: loading gov_conciliacao/views/gov_conciliacao_importacao_views.xml 
2026-03-05 01:11:07,916 8844 INFO kore odoo.modules.loading: loading gov_conciliacao/views/gov_pagamento_views.xml 
2026-03-05 01:11:07,971 8844 INFO kore odoo.modules.loading: loading gov_conciliacao/views/gov_conciliacao_menus.xml 
2026-03-05 01:11:08,026 8844 INFO kore odoo.modules.loading: Module gov_conciliacao loaded in 0.38s, 193 queries (+193 other) 
2026-03-05 01:11:08,026 8844 INFO kore odoo.modules.loading: 57 modules loaded in 51.43s, 28893 queries (+28893 extra) 
2026-03-05 01:11:09,765 8844 INFO kore odoo.modules.loading: Modules loaded. 
2026-03-05 01:11:10,865 8844 INFO kore odoo.registry: Registry changed, signaling through the database 
2026-03-05 01:11:10,868 8844 INFO kore odoo.registry: Registry loaded in 72.750s 
2026-03-05 01:11:10,868 8844 INFO kore odoo.service.server: Initiating shutdown 
2026-03-05 01:11:10,868 8844 INFO kore odoo.service.server: Hit CTRL-C again or send a second signal to force the shutdown. 
2026-03-05 01:11:10,869 8844 INFO kore odoo.sql_db: ConnectionPool(read/write;used=0/count=0/max=64): Closed 1 connections  
