2026-03-05 20:33:32,557 22212 INFO ? odoo: Odoo version 19.0 
2026-03-05 20:33:32,559 22212 INFO ? odoo: Using configuration file at c:\users\ander\onedrive\documentos\github\odoo\kore.conf 
2026-03-05 20:33:32,559 22212 INFO ? odoo: addons paths: _NamespacePath(['C:\\Users\\ander\\OneDrive\\Documentos\\GitHub\\odoo\\odoo\\addons', 'c:\\users\\ander\\onedrive\\documentos\\github\\odoo\\odoo\\addons', 'c:\\users\\ander\\onedrive\\documentos\\github\\odoo\\addons', 'c:\\users\\ander\\onedrive\\documentos\\github\\odoo\\custom_addons', 'c:\\users\\ander\\onedrive\\documentos\\github\\odoo\\custom_addons\\knowledge']) 
2026-03-05 20:33:32,559 22212 INFO ? odoo: database: atlas@localhost:5433 
2026-03-05 20:33:33,592 22212 INFO kore odoo.modules.loading: loading 1 modules... 
2026-03-05 20:33:33,599 22212 INFO kore odoo.modules.loading: 1 modules loaded in 0.01s, 0 queries (+0 extra) 
2026-03-05 20:33:33,639 22212 INFO kore odoo.modules.loading: updating modules list 
2026-03-05 20:33:33,639 22212 INFO kore odoo.addons.base.models.ir_module: ALLOW access to module.update_list on [] to user __system__ #1 via n/a 
2026-03-05 20:33:34,346 22212 WARNING kore odoo.modules.module: Missing `license` key in manifest for 'knowledge', defaulting to LGPL-3 
2026-03-05 20:33:34,347 22212 WARNING kore odoo.modules.module: Missing `license` key in manifest for 'knowledge', defaulting to LGPL-3 
2026-03-05 20:33:35,970 22212 INFO kore odoo.addons.base.models.ir_module: ALLOW access to module.button_install on ['Knowledge (Community Wrapper)'] to user __system__ #1 via n/a 
2026-03-05 20:33:36,071 22212 INFO kore odoo.modules.loading: loading 81 modules... 
2026-03-05 20:33:37,011 22212 INFO kore odoo.modules.loading: Loading module document_page_group (72/81) 
2026-03-05 20:33:37,148 22212 WARNING kore odoo.fields: Field document.page.history_head: unknown parameter 'auto_join', if this is an actual parameter you may want to override the method _valid_field_parameter on the relevant model in order to allow it 
2026-03-05 20:33:37,189 22212 INFO kore odoo.registry: module document_page_group: creating or updating database tables 
2026-03-05 20:33:37,361 22212 INFO kore odoo.modules.loading: loading document_page_group/security/document_page_security.xml 
2026-03-05 20:33:37,380 22212 INFO kore odoo.modules.loading: loading document_page_group/views/document_page.xml 
2026-03-05 20:33:37,443 22212 INFO kore odoo.modules.loading: Module document_page_group loaded in 0.43s, 93 queries (+93 other) 
2026-03-05 20:33:37,444 22212 INFO kore odoo.modules.loading: Loading module document_page_partner (73/81) 
2026-03-05 20:33:38,589 22212 WARNING kore odoo.fields: Field document.page.history_head: unknown parameter 'auto_join', if this is an actual parameter you may want to override the method _valid_field_parameter on the relevant model in order to allow it 
2026-03-05 20:33:38,600 22212 INFO kore odoo.registry: module document_page_partner: creating or updating database tables 
2026-03-05 20:33:38,939 22212 INFO kore odoo.modules.loading: loading document_page_partner/views/document_page.xml 
2026-03-05 20:33:39,434 22212 INFO kore odoo.modules.loading: Module document_page_partner loaded in 1.99s, 98 queries (+98 other) 
2026-03-05 20:33:39,434 22212 INFO kore odoo.modules.loading: Loading module document_page_reference (74/81) 
2026-03-05 20:33:40,078 22212 WARNING kore odoo.fields: Field document.page.history_head: unknown parameter 'auto_join', if this is an actual parameter you may want to override the method _valid_field_parameter on the relevant model in order to allow it 
2026-03-05 20:33:40,086 22212 INFO kore odoo.registry: module document_page_reference: creating or updating database tables 
2026-03-05 20:33:40,219 22212 INFO kore odoo.modules.loading: loading document_page_reference/views/document_page.xml 
2026-03-05 20:33:40,303 22212 INFO kore odoo.modules.loading: loading document_page_reference/views/report_document_page.xml 
2026-03-05 20:33:40,336 22212 INFO kore odoo.modules.loading: Module document_page_reference loaded in 0.90s, 112 queries (+112 other) 
2026-03-05 20:33:40,336 22212 INFO kore odoo.modules.loading: Loading module document_page_tag (75/81) 
2026-03-05 20:33:40,408 22212 WARNING kore odoo.registry: Model attribute '_sql_constraints' is no longer supported, please define model.Constraint on the model. 
2026-03-05 20:33:40,412 22212 WARNING kore odoo.fields: Field document.page.history_head: unknown parameter 'auto_join', if this is an actual parameter you may want to override the method _valid_field_parameter on the relevant model in order to allow it 
2026-03-05 20:33:40,412 22212 INFO kore odoo.registry: module document_page_tag: creating or updating database tables 
2026-03-05 20:33:40,538 22212 INFO kore odoo.modules.loading: loading document_page_tag/views/document_page_tag.xml 
2026-03-05 20:33:40,589 22212 INFO kore odoo.modules.loading: loading document_page_tag/views/document_page.xml 
2026-03-05 20:33:40,620 22212 INFO kore odoo.modules.loading: loading document_page_tag/security/ir.model.access.csv 
2026-03-05 20:33:40,654 22212 INFO kore odoo.modules.loading: Module document_page_tag loaded in 0.32s, 164 queries (+164 other) 
2026-03-05 20:33:40,654 22212 INFO kore odoo.modules.loading: Loading module project (76/81) 
2026-03-05 20:33:41,850 22212 INFO kore odoo.registry: module project: creating or updating database tables 
2026-03-05 20:33:46,281 22212 INFO kore odoo.modules.loading: loading project/security/project_security.xml 
2026-03-05 20:33:46,562 22212 INFO kore odoo.modules.loading: loading project/security/ir.model.access.csv 
2026-03-05 20:33:46,621 22212 INFO kore odoo.modules.loading: loading project/security/ir.model.access.xml 
2026-03-05 20:33:46,633 22212 INFO kore odoo.modules.loading: loading project/data/digest_data.xml 
2026-03-05 20:33:46,673 22212 INFO kore odoo.modules.loading: loading project/report/project_task_burndown_chart_report_views.xml 
2026-03-05 20:33:46,703 22212 INFO kore odoo.modules.loading: loading project/views/account_analytic_account_views.xml 
2026-03-05 20:33:46,742 22212 INFO kore odoo.modules.loading: loading project/views/digest_digest_views.xml 
2026-03-05 20:33:46,758 22212 INFO kore odoo.modules.loading: loading project/views/rating_rating_views.xml 
2026-03-05 20:33:46,856 22212 INFO kore odoo.modules.loading: loading project/views/project_update_views.xml 
2026-03-05 20:33:46,905 22212 INFO kore odoo.modules.loading: loading project/views/project_update_templates.xml 
2026-03-05 20:33:46,928 22212 INFO kore odoo.modules.loading: loading project/views/project_project_stage_views.xml 
2026-03-05 20:33:46,992 22212 INFO kore odoo.modules.loading: loading project/wizard/project_share_wizard_views.xml 
2026-03-05 20:33:47,008 22212 INFO kore odoo.modules.loading: loading project/views/project_task_type_views.xml 
2026-03-05 20:33:47,090 22212 INFO kore odoo.modules.loading: loading project/views/project_project_views.xml 
2026-03-05 20:33:47,360 22212 INFO kore odoo.modules.loading: loading project/views/project_task_views.xml 
2026-03-05 20:33:48,058 22212 INFO kore odoo.modules.loading: loading project/views/project_role_views.xml 
2026-03-05 20:33:48,104 22212 INFO kore odoo.modules.loading: loading project/views/project_tags_views.xml 
2026-03-05 20:33:48,139 22212 INFO kore odoo.modules.loading: loading project/views/project_milestone_views.xml 
2026-03-05 20:33:48,263 22212 INFO kore odoo.modules.loading: loading project/views/res_partner_views.xml 
2026-03-05 20:33:48,431 22212 INFO kore odoo.modules.loading: loading project/views/res_config_settings_views.xml 
2026-03-05 20:33:48,469 22212 INFO kore odoo.modules.loading: loading project/views/mail_activity_plan_views.xml 
2026-03-05 20:33:48,525 22212 INFO kore odoo.modules.loading: loading project/views/mail_activity_type_views.xml 
2026-03-05 20:33:48,539 22212 INFO kore odoo.modules.loading: loading project/views/project_sharing_project_task_views.xml 
2026-03-05 20:33:48,666 22212 INFO kore odoo.modules.loading: loading project/views/project_portal_project_project_templates.xml 
2026-03-05 20:33:48,706 22212 INFO kore odoo.modules.loading: loading project/views/project_portal_project_task_templates.xml 
2026-03-05 20:33:48,782 22212 INFO kore odoo.modules.loading: loading project/views/project_task_templates.xml 
2026-03-05 20:33:48,799 22212 INFO kore odoo.modules.loading: loading project/views/project_sharing_project_task_templates.xml 
2026-03-05 20:33:49,174 22212 INFO kore odoo.modules.loading: loading project/report/project_report_views.xml 
2026-03-05 20:33:49,223 22212 INFO kore odoo.modules.loading: loading project/data/ir_cron_data.xml 
2026-03-05 20:33:49,371 22212 INFO kore odoo.modules.loading: loading project/data/mail_message_subtype_data.xml 
2026-03-05 20:33:49,447 22212 INFO kore odoo.modules.loading: loading project/data/mail_template_data.xml 
2026-03-05 20:33:49,523 22212 INFO kore odoo.modules.loading: loading project/data/project_data.xml 
2026-03-05 20:33:49,589 22212 INFO kore odoo.modules.loading: loading project/data/project_tour.xml 
2026-03-05 20:33:49,615 22212 INFO kore odoo.modules.loading: loading project/wizard/project_task_type_delete_views.xml 
2026-03-05 20:33:49,670 22212 INFO kore odoo.modules.loading: loading project/wizard/project_task_share_wizard_views.xml 
2026-03-05 20:33:49,710 22212 INFO kore odoo.modules.loading: loading project/wizard/project_project_stage_delete_views.xml 
2026-03-05 20:33:49,751 22212 INFO kore odoo.modules.loading: loading project/wizard/project_template_create_wizard.xml 
2026-03-05 20:33:49,787 22212 INFO kore odoo.modules.loading: loading project/views/project_menus.xml 
2026-03-05 20:33:50,090 22212 INFO kore odoo.modules.loading: Module project loaded in 9.44s, 2829 queries (+2829 other) 
2026-03-05 20:33:50,090 22212 INFO kore odoo.modules.loading: Loading module document_page_project (77/81) 
2026-03-05 20:33:50,154 22212 WARNING kore odoo.fields: Field document.page.history_head: unknown parameter 'auto_join', if this is an actual parameter you may want to override the method _valid_field_parameter on the relevant model in order to allow it 
2026-03-05 20:33:50,159 22212 INFO kore odoo.registry: module document_page_project: creating or updating database tables 
2026-03-05 20:33:50,430 22212 INFO kore odoo.modules.loading: loading document_page_project/views/document_page_views.xml 
2026-03-05 20:33:50,483 22212 INFO kore odoo.modules.loading: loading document_page_project/views/project_project_views.xml 
2026-03-05 20:33:50,550 22212 INFO kore odoo.modules.loading: Module document_page_project loaded in 0.46s, 138 queries (+138 other) 
2026-03-05 20:33:50,550 22212 INFO kore odoo.modules.loading: Loading module project_account (78/81) 
2026-03-05 20:33:50,627 22212 INFO kore odoo.registry: module project_account: creating or updating database tables 
2026-03-05 20:33:50,666 22212 INFO kore odoo.modules.loading: loading project_account/views/account_analytic_line_views.xml 
2026-03-05 20:33:50,760 22212 INFO kore odoo.modules.loading: loading project_account/views/project_project_views.xml 
2026-03-05 20:33:50,839 22212 INFO kore odoo.modules.loading: loading project_account/views/project_task_views.xml 
2026-03-05 20:33:50,887 22212 INFO kore odoo.modules.loading: loading project_account/views/project_sharing_project_task_views.xml 
2026-03-05 20:33:50,921 22212 INFO kore odoo.modules.loading: Module project_account loaded in 0.37s, 156 queries (+156 other) 
2026-03-05 20:33:50,921 22212 INFO kore odoo.modules.loading: Loading module project_sms (79/81) 
2026-03-05 20:33:50,983 22212 INFO kore odoo.registry: module project_sms: creating or updating database tables 
2026-03-05 20:33:51,120 22212 INFO kore odoo.modules.loading: loading project_sms/views/project_stage_views.xml 
2026-03-05 20:33:51,165 22212 INFO kore odoo.modules.loading: loading project_sms/views/project_task_type_views.xml 
2026-03-05 20:33:51,200 22212 INFO kore odoo.modules.loading: loading project_sms/views/project_project_views.xml 
2026-03-05 20:33:51,216 22212 INFO kore odoo.modules.loading: loading project_sms/views/project_task_views.xml 
2026-03-05 20:33:51,231 22212 INFO kore odoo.modules.loading: loading project_sms/security/ir.model.access.csv 
2026-03-05 20:33:51,250 22212 INFO kore odoo.modules.loading: loading project_sms/security/project_sms_security.xml 
2026-03-05 20:33:51,282 22212 INFO kore odoo.modules.loading: Module project_sms loaded in 0.36s, 214 queries (+214 other) 
2026-03-05 20:33:51,282 22212 INFO kore odoo.modules.loading: Loading module project_todo (80/81) 
2026-03-05 20:33:51,390 22212 INFO kore odoo.registry: module project_todo: creating or updating database tables 
2026-03-05 20:33:51,523 22212 INFO kore odoo.modules.loading: loading project_todo/security/ir.model.access.csv 
2026-03-05 20:33:51,549 22212 INFO kore odoo.modules.loading: loading project_todo/security/project_todo_security.xml 
2026-03-05 20:33:51,572 22212 INFO kore odoo.modules.loading: loading project_todo/data/todo_template.xml 
2026-03-05 20:33:51,632 22212 INFO kore odoo.modules.loading: loading project_todo/views/project_task_views.xml 
2026-03-05 20:33:51,820 22212 INFO kore odoo.modules.loading: loading project_todo/views/project_todo_menus.xml 
2026-03-05 20:33:51,855 22212 INFO kore odoo.modules.loading: loading project_todo/wizard/mail_activity_todo_create.xml 
2026-03-05 20:33:52,020 22212 INFO kore odoo.modules.loading: Module project_todo loaded in 0.74s, 293 queries (+293 other) 
2026-03-05 20:33:52,020 22212 INFO kore odoo.modules.loading: Loading module knowledge (81/81) 
2026-03-05 20:33:52,096 22212 INFO kore odoo.modules.loading: Module knowledge loaded in 0.08s, 12 queries (+12 other) 
2026-03-05 20:33:52,096 22212 INFO kore odoo.modules.loading: 81 modules loaded in 16.02s, 4109 queries (+4109 extra) 
2026-03-05 20:33:52,190 22212 WARNING kore odoo.fields: Field document.page.history_head: unknown parameter 'auto_join', if this is an actual parameter you may want to override the method _valid_field_parameter on the relevant model in order to allow it 
2026-03-05 20:33:53,317 22212 INFO kore odoo.modules.loading: Modules loaded. 
2026-03-05 20:33:53,361 22212 INFO kore odoo.registry: Registry changed, signaling through the database 
2026-03-05 20:33:53,364 22212 INFO kore odoo.registry: Registry loaded in 19.880s 
2026-03-05 20:33:53,365 22212 INFO kore odoo.service.server: Initiating shutdown 
2026-03-05 20:33:53,365 22212 INFO kore odoo.service.server: Hit CTRL-C again or send a second signal to force the shutdown. 
2026-03-05 20:33:53,365 22212 INFO kore odoo.sql_db: ConnectionPool(read/write;used=0/count=0/max=64): Closed 1 connections  
