2026-03-05 01:22:29,032 7192 INFO ? odoo: Odoo version 19.0 
2026-03-05 01:22:29,033 7192 INFO ? odoo: Using configuration file at c:\users\ander\onedrive\documentos\github\odoo\kore.conf 
2026-03-05 01:22:29,033 7192 INFO ? odoo: addons paths: _NamespacePath(['C:\\Users\\ander\\OneDrive\\Documentos\\GitHub\\odoo\\odoo\\addons', 'c:\\users\\ander\\onedrive\\documentos\\github\\odoo\\odoo\\addons', 'c:\\users\\ander\\onedrive\\documentos\\github\\odoo\\addons', 'c:\\users\\ander\\onedrive\\documentos\\github\\odoo\\custom_addons', 'c:\\users\\ander\\onedrive\\documentos\\github\\odoo\\custom_addons\\knowledge']) 
2026-03-05 01:22:29,033 7192 INFO ? odoo: database: atlas@localhost:5433 
2026-03-05 01:22:30,668 7192 INFO kore odoo.modules.loading: loading 1 modules... 
2026-03-05 01:22:30,676 7192 INFO kore odoo.modules.loading: 1 modules loaded in 0.01s, 0 queries (+0 extra) 
2026-03-05 01:22:30,734 7192 INFO kore odoo.modules.loading: updating modules list 
2026-03-05 01:22:30,740 7192 INFO kore odoo.addons.base.models.ir_module: ALLOW access to module.update_list on [] to user __system__ #1 via n/a 
2026-03-05 01:22:34,044 7192 INFO kore odoo.addons.base.models.ir_module: ALLOW access to module.button_upgrade on ['GRP - Accounting Spread Cost Revenue (Community)', 'GRP - Public Accounting Adaptation'] to user __system__ #1 via n/a 
2026-03-05 01:22:34,045 7192 INFO kore odoo.addons.base.models.ir_module: ALLOW access to module.update_list on ['GRP - Accounting Spread Cost Revenue (Community)', 'GRP - Public Accounting Adaptation'] to user __system__ #1 via n/a 
2026-03-05 01:22:37,017 7192 INFO kore odoo.addons.base.models.ir_module: ALLOW access to module.button_install on [] to user __system__ #1 via n/a 
2026-03-05 01:22:37,128 7192 INFO kore odoo.modules.loading: loading 63 modules... 
2026-03-05 01:22:39,207 7192 INFO kore odoo.modules.loading: Loading module gov_account_spread_cost_revenue (55/63) 
2026-03-05 01:22:39,769 7192 INFO kore odoo.registry: module gov_account_spread_cost_revenue: creating or updating database tables 
2026-03-05 01:22:40,191 7192 INFO kore odoo.modules.loading: loading gov_account_spread_cost_revenue/security/account_spread_groups.xml 
2026-03-05 01:22:40,281 7192 INFO kore odoo.modules.loading: loading gov_account_spread_cost_revenue/security/ir.model.access.csv 
2026-03-05 01:22:40,314 7192 INFO kore odoo.modules.loading: loading gov_account_spread_cost_revenue/data/account_spread_cron.xml 
2026-03-05 01:22:40,373 7192 INFO kore odoo.modules.loading: loading gov_account_spread_cost_revenue/views/account_spread_views.xml 
2026-03-05 01:22:40,463 7192 INFO kore odoo.modules.loading: loading gov_account_spread_cost_revenue/views/account_spread_line_views.xml 
2026-03-05 01:22:40,505 7192 INFO kore odoo.modules.loading: loading gov_account_spread_cost_revenue/views/account_move_views.xml 
2026-03-05 01:22:40,678 7192 INFO kore odoo.modules.loading: loading gov_account_spread_cost_revenue/views/account_spread_menus.xml 
2026-03-05 01:22:40,782 7192 INFO kore odoo.modules.loading: Module gov_account_spread_cost_revenue loaded in 1.58s, 336 queries (+336 other) 
2026-03-05 01:22:40,860 7192 INFO kore odoo.modules.loading: Loading module gov_public_accounting (62/63) 
2026-03-05 01:22:41,016 7192 INFO kore odoo.registry: module gov_public_accounting: creating or updating database tables 
2026-03-05 01:22:41,289 7192 INFO kore odoo.modules.loading: loading gov_public_accounting/data/gov_public_accounting_group_bridge.xml 
2026-03-05 01:22:41,362 7192 INFO kore odoo.modules.loading: loading gov_public_accounting/views/res_company_views.xml 
2026-03-05 01:22:41,489 7192 INFO kore odoo.modules.loading: Module gov_public_accounting loaded in 0.63s, 208 queries (+208 other) 
2026-03-05 01:22:41,497 7192 INFO kore odoo.modules.loading: 63 modules loaded in 4.37s, 544 queries (+544 extra) 
2026-03-05 01:22:43,610 7192 INFO kore odoo.modules.loading: Modules loaded. 
2026-03-05 01:22:43,651 7192 INFO kore odoo.registry: Registry changed, signaling through the database 
2026-03-05 01:22:43,653 7192 INFO kore odoo.registry: Registry loaded in 13.299s 
2026-03-05 01:22:43,654 7192 INFO kore odoo.service.server: Initiating shutdown 
2026-03-05 01:22:43,654 7192 INFO kore odoo.service.server: Hit CTRL-C again or send a second signal to force the shutdown. 
2026-03-05 01:22:43,654 7192 INFO kore odoo.sql_db: ConnectionPool(read/write;used=0/count=0/max=64): Closed 1 connections  
