title: tenant-user-list
started: 2026-03-25T18:35:25-04:00
finished: 2026-03-25T18:35:25-04:00
status: failed with code 2
description: List interactive users in the selected database.

make[1]: Entrando no diretório '/home/green/odoo'

Makefile:1788: aviso: sobrescrevendo os comandos para o alvo 'dev-host-stop'
Makefile:1316: aviso: ignorando comandos antigos para o alvo 'dev-host-stop' 
Makefile:1802: aviso: sobrescrevendo os comandos para o alvo 'dev-project-stop'
Makefile:1376: aviso: ignorando comandos antigos para o alvo 'dev-project-stop' 
Makefile:1788: aviso: sobrescrevendo os comandos para o alvo 'dev-host-stop'
Makefile:1316: aviso: ignorando comandos antigos para o alvo 'dev-host-stop' 
Makefile:1802: aviso: sobrescrevendo os comandos para o alvo 'dev-project-stop'
Makefile:1376: aviso: ignorando comandos antigos para o alvo 'dev-project-stop' 
make[2]: Entrando no diretório '/home/green/odoo'

make[2]: Saindo do diretório '/home/green/odoo'

ERROR:  column "name" does not exist
LINE 4:   COALESCE(name, '<no-name>'),
                   ^
make[1]: *** [Makefile:1250: tenant-user-list] Error 1
make[1]: Saindo do diretório '/home/green/odoo'

