title: tenant-user-password
started: 2026-03-25T18:03:07-04:00
finished: 2026-03-25T18:03:08-04:00
status: failed with code 2
description: Reset one user password inside the selected database.

make[1]: Entrando no diretório '/home/green/odoo'
Makefile:1788: aviso: sobrescrevendo os comandos para o alvo 'dev-host-stop'
Makefile:1316: aviso: ignorando comandos antigos para o alvo 'dev-host-stop' 
Makefile:1802: aviso: sobrescrevendo os comandos para o alvo 'dev-project-stop'
Makefile:1376: aviso: ignorando comandos antigos para o alvo 'dev-project-stop' 

Makefile:1788: aviso: sobrescrevendo os comandos para o alvo 'dev-host-stop'
Makefile:1316: aviso: ignorando comandos antigos para o alvo 'dev-host-stop' 
Makefile:1802: aviso: sobrescrevendo os comandos para o alvo 'dev-project-stop'
Makefile:1376: aviso: ignorando comandos antigos para o alvo 'dev-project-stop' 
make[2]: Entrando no diretório '/home/green/odoo'

make[2]: Saindo do diretório '/home/green/odoo'

2026-03-25 22:03:07,623 88 INFO ? odoo: Odoo version 19.0-20260305 
2026-03-25 22:03:07,625 88 INFO ? odoo: Using configuration file at /etc/odoo/odoo.conf 
2026-03-25 22:03:07,625 88 INFO ? odoo: addons paths: _NamespacePath(['/usr/lib/python3/dist-packages/odoo/addons', '/var/lib/odoo/.local/share/Odoo/addons/19.0', '/mnt/extra-addons', '/mnt/custom-addons', '/mnt/custom-addons/ai_sql-19.0.1.0.0', '/mnt/custom-addons/auto_database_backup-19.0.1.0.0', '/mnt/custom-addons/base_accounting_kit-19.0.2.2.0', '/mnt/custom-addons/dark_mode_backend-19.0.1.0.0', '/mnt/custom-addons/dynamic_accounts_report-19.0.1.0.0', '/mnt/custom-addons/hide_menu_user-19.0.1.0.0', '/mnt/custom-addons/hr_payroll_community-19.0.1.0.1', '/mnt/custom-addons/industry_real_estate-saas-19.2.1.2', '/mnt/custom-addons/knowledge', '/mnt/custom-addons/multicolor_backend_theme-19.0.1.0.0', '/mnt/custom-addons/ohrms_core-19.0.1.0.0', '/mnt/custom-addons/om_account_accountant-19.0.1.0.3', '/mnt/custom-addons/powered_by_odoo_remove-saas-19.1.1.0', '/mnt/custom-addons/public_sector', '/mnt/custom-addons/report_xlsx-19.0.1.0.2', '/mnt/custom-addons/synconics_bi_dashboard-19.0.1.0.3', '/usr/lib/python3/dist-packages/addons']) 
2026-03-25 22:03:07,625 88 INFO ? odoo: database: kodoo@db:5432 
2026-03-25 22:03:07,894 88 INFO ? odoo.service.server: HTTP service (werkzeug) running on 0.0.0.0:8069 
Traceback (most recent call last):
  File "/usr/bin/odoo", line 6, in <module>
    odoo.cli.main()
  File "/usr/lib/python3/dist-packages/odoo/cli/command.py", line 133, in main
    command().run(args)
  File "/usr/lib/python3/dist-packages/odoo/cli/shell.py", line 154, in run
    self.init(args)
  File "/usr/lib/python3/dist-packages/odoo/cli/shell.py", line 76, in init
    server.start(preload=[], stop=True)
  File "/usr/lib/python3/dist-packages/odoo/service/server.py", line 1596, in start
    rc = server.run(preload, stop)
         ^^^^^^^^^^^^^^^^^^^^^^^^^
  File "/usr/lib/python3/dist-packages/odoo/service/server.py", line 1149, in run
    self.start()
  File "/usr/lib/python3/dist-packages/odoo/service/server.py", line 1054, in start
    self.socket.bind((self.interface, self.port))
OSError: [Errno 98] Address already in use
make[1]: *** [Makefile:1257: tenant-user-password] Error 1
make[1]: Saindo do diretório '/home/green/odoo'

