27   [XML-RPC-0] ERROR org.apache.xmlrpc.server.XmlRpcErrorLogger - Failed to invoke method execute in class com.nantic.jasperreports.JasperServer: Error evaluating expression : 
	Source text : Flaot.valueOf( $F{Total-amount_total} )
org.apache.xmlrpc.common.XmlRpcInvocationException: Failed to invoke method execute in class com.nantic.jasperreports.JasperServer: Error evaluating expression : 
	Source text : Flaot.valueOf( $F{Total-amount_total} )
	at org.apache.xmlrpc.server.ReflectiveXmlRpcHandler.invoke(ReflectiveXmlRpcHandler.java:129)
	at org.apache.xmlrpc.server.ReflectiveXmlRpcHandler.execute(ReflectiveXmlRpcHandler.java:106)
	at org.apache.xmlrpc.server.XmlRpcServerWorker.execute(XmlRpcServerWorker.java:46)
	at org.apache.xmlrpc.server.XmlRpcServer.execute(XmlRpcServer.java:86)
	at org.apache.xmlrpc.server.XmlRpcStreamServer.execute(XmlRpcStreamServer.java:200)
	at org.apache.xmlrpc.webserver.Connection.run(Connection.java:208)
	at org.apache.xmlrpc.util.ThreadPool$Poolable$1.run(ThreadPool.java:68)
Caused by: net.sf.jasperreports.engine.fill.JRExpressionEvalException: Error evaluating expression : 
	Source text : Flaot.valueOf( $F{Total-amount_total} )
	at net.sf.jasperreports.engine.fill.JREvaluator.evaluate(JREvaluator.java:195)
	at net.sf.jasperreports.engine.fill.JRCalculator.evaluate(JRCalculator.java:589)
	at net.sf.jasperreports.engine.fill.JRCalculator.evaluate(JRCalculator.java:557)
	at net.sf.jasperreports.engine.fill.JRFillElement.evaluateExpression(JRFillElement.java:929)
	at net.sf.jasperreports.engine.fill.JRFillTextField.evaluateText(JRFillTextField.java:383)
	at net.sf.jasperreports.engine.fill.JRFillTextField.evaluate(JRFillTextField.java:368)
	at net.sf.jasperreports.engine.fill.JRFillElementContainer.evaluate(JRFillElementContainer.java:258)
	at net.sf.jasperreports.engine.fill.JRFillBand.evaluate(JRFillBand.java:499)
	at net.sf.jasperreports.engine.fill.JRVerticalFiller.fillFixedBand(JRVerticalFiller.java:2087)
	at net.sf.jasperreports.engine.fill.JRVerticalFiller.fillColumnFooter(JRVerticalFiller.java:979)
	at net.sf.jasperreports.engine.fill.JRVerticalFiller.fillSummaryNoLastFooterSamePage(JRVerticalFiller.java:1106)
	at net.sf.jasperreports.engine.fill.JRVerticalFiller.fillSummary(JRVerticalFiller.java:1037)
	at net.sf.jasperreports.engine.fill.JRVerticalFiller.fillReportEnd(JRVerticalFiller.java:301)
	at net.sf.jasperreports.engine.fill.JRVerticalFiller.fillReport(JRVerticalFiller.java:135)
	at net.sf.jasperreports.engine.fill.JRBaseFiller.fill(JRBaseFiller.java:946)
	at net.sf.jasperreports.engine.fill.JRBaseFiller.fill(JRBaseFiller.java:864)
	at net.sf.jasperreports.engine.fill.JRFiller.fillReport(JRFiller.java:84)
	at net.sf.jasperreports.engine.JasperFillManager.fillReport(JasperFillManager.java:624)
	at com.nantic.jasperreports.JasperServer.privateExecute(JasperServer.java:212)
	at com.nantic.jasperreports.JasperServer.execute(JasperServer.java:121)
	at sun.reflect.NativeMethodAccessorImpl.invoke0(Native Method)
	at sun.reflect.NativeMethodAccessorImpl.invoke(NativeMethodAccessorImpl.java:57)
	at sun.reflect.DelegatingMethodAccessorImpl.invoke(DelegatingMethodAccessorImpl.java:43)
	at java.lang.reflect.Method.invoke(Method.java:622)
	at org.apache.xmlrpc.server.ReflectiveXmlRpcHandler.invoke(ReflectiveXmlRpcHandler.java:115)
	... 6 more
Caused by: groovy.lang.MissingPropertyException: No such property: Flaot for class: sale_order_report_1441965791338_159959
Possible solutions: class
	at org.codehaus.groovy.runtime.ScriptBytecodeAdapter.unwrap(ScriptBytecodeAdapter.java:49)
	at org.codehaus.groovy.runtime.callsite.GetEffectivePogoPropertySite.getProperty(GetEffectivePogoPropertySite.java:86)
	at org.codehaus.groovy.runtime.callsite.AbstractCallSite.callGroovyObjectGetProperty(AbstractCallSite.java:239)
	at sale_order_report_1441965791338_159959.evaluate(calculator_sale_order_report_1441965791338_159959:731)
	at net.sf.jasperreports.engine.fill.JREvaluator.evaluate(JREvaluator.java:182)
	... 30 more
Caused by:
net.sf.jasperreports.engine.fill.JRExpressionEvalException: Error evaluating expression : 
	Source text : Flaot.valueOf( $F{Total-amount_total} )
	at net.sf.jasperreports.engine.fill.JREvaluator.evaluate(JREvaluator.java:195)
	at net.sf.jasperreports.engine.fill.JRCalculator.evaluate(JRCalculator.java:589)
	at net.sf.jasperreports.engine.fill.JRCalculator.evaluate(JRCalculator.java:557)
	at net.sf.jasperreports.engine.fill.JRFillElement.evaluateExpression(JRFillElement.java:929)
	at net.sf.jasperreports.engine.fill.JRFillTextField.evaluateText(JRFillTextField.java:383)
	at net.sf.jasperreports.engine.fill.JRFillTextField.evaluate(JRFillTextField.java:368)
	at net.sf.jasperreports.engine.fill.JRFillElementContainer.evaluate(JRFillElementContainer.java:258)
	at net.sf.jasperreports.engine.fill.JRFillBand.evaluate(JRFillBand.java:499)
	at net.sf.jasperreports.engine.fill.JRVerticalFiller.fillFixedBand(JRVerticalFiller.java:2087)
	at net.sf.jasperreports.engine.fill.JRVerticalFiller.fillColumnFooter(JRVerticalFiller.java:979)
	at net.sf.jasperreports.engine.fill.JRVerticalFiller.fillSummaryNoLastFooterSamePage(JRVerticalFiller.java:1106)
	at net.sf.jasperreports.engine.fill.JRVerticalFiller.fillSummary(JRVerticalFiller.java:1037)
	at net.sf.jasperreports.engine.fill.JRVerticalFiller.fillReportEnd(JRVerticalFiller.java:301)
	at net.sf.jasperreports.engine.fill.JRVerticalFiller.fillReport(JRVerticalFiller.java:135)
	at net.sf.jasperreports.engine.fill.JRBaseFiller.fill(JRBaseFiller.java:946)
	at net.sf.jasperreports.engine.fill.JRBaseFiller.fill(JRBaseFiller.java:864)
	at net.sf.jasperreports.engine.fill.JRFiller.fillReport(JRFiller.java:84)
	at net.sf.jasperreports.engine.JasperFillManager.fillReport(JasperFillManager.java:624)
	at com.nantic.jasperreports.JasperServer.privateExecute(JasperServer.java:212)
	at com.nantic.jasperreports.JasperServer.execute(JasperServer.java:121)
	at sun.reflect.NativeMethodAccessorImpl.invoke0(Native Method)
	at sun.reflect.NativeMethodAccessorImpl.invoke(NativeMethodAccessorImpl.java:57)
	at sun.reflect.DelegatingMethodAccessorImpl.invoke(DelegatingMethodAccessorImpl.java:43)
	at java.lang.reflect.Method.invoke(Method.java:622)
	at org.apache.xmlrpc.server.ReflectiveXmlRpcHandler.invoke(ReflectiveXmlRpcHandler.java:115)
	at org.apache.xmlrpc.server.ReflectiveXmlRpcHandler.execute(ReflectiveXmlRpcHandler.java:106)
	at org.apache.xmlrpc.server.XmlRpcServerWorker.execute(XmlRpcServerWorker.java:46)
	at org.apache.xmlrpc.server.XmlRpcServer.execute(XmlRpcServer.java:86)
	at org.apache.xmlrpc.server.XmlRpcStreamServer.execute(XmlRpcStreamServer.java:200)
	at org.apache.xmlrpc.webserver.Connection.run(Connection.java:208)
	at org.apache.xmlrpc.util.ThreadPool$Poolable$1.run(ThreadPool.java:68)
Caused by: groovy.lang.MissingPropertyException: No such property: Flaot for class: sale_order_report_1441965791338_159959
Possible solutions: class
	at org.codehaus.groovy.runtime.ScriptBytecodeAdapter.unwrap(ScriptBytecodeAdapter.java:49)
	at org.codehaus.groovy.runtime.callsite.GetEffectivePogoPropertySite.getProperty(GetEffectivePogoPropertySite.java:86)
	at org.codehaus.groovy.runtime.callsite.AbstractCallSite.callGroovyObjectGetProperty(AbstractCallSite.java:239)
	at sale_order_report_1441965791338_159959.evaluate(calculator_sale_order_report_1441965791338_159959:731)
	at net.sf.jasperreports.engine.fill.JREvaluator.evaluate(JREvaluator.java:182)
	... 30 more
97492 [XML-RPC-0] ERROR org.apache.xmlrpc.server.XmlRpcErrorLogger - Failed to invoke method execute in class com.nantic.jasperreports.JasperServer: Error evaluating expression : 
	Source text : Flaot.valueOf( $F{Total-amount_total} )
org.apache.xmlrpc.common.XmlRpcInvocationException: Failed to invoke method execute in class com.nantic.jasperreports.JasperServer: Error evaluating expression : 
	Source text : Flaot.valueOf( $F{Total-amount_total} )
	at org.apache.xmlrpc.server.ReflectiveXmlRpcHandler.invoke(ReflectiveXmlRpcHandler.java:129)
	at org.apache.xmlrpc.server.ReflectiveXmlRpcHandler.execute(ReflectiveXmlRpcHandler.java:106)
	at org.apache.xmlrpc.server.XmlRpcServerWorker.execute(XmlRpcServerWorker.java:46)
	at org.apache.xmlrpc.server.XmlRpcServer.execute(XmlRpcServer.java:86)
	at org.apache.xmlrpc.server.XmlRpcStreamServer.execute(XmlRpcStreamServer.java:200)
	at org.apache.xmlrpc.webserver.Connection.run(Connection.java:208)
	at org.apache.xmlrpc.util.ThreadPool$Poolable$1.run(ThreadPool.java:68)
Caused by: net.sf.jasperreports.engine.fill.JRExpressionEvalException: Error evaluating expression : 
	Source text : Flaot.valueOf( $F{Total-amount_total} )
	at net.sf.jasperreports.engine.fill.JREvaluator.evaluate(JREvaluator.java:195)
	at net.sf.jasperreports.engine.fill.JRCalculator.evaluate(JRCalculator.java:589)
	at net.sf.jasperreports.engine.fill.JRCalculator.evaluate(JRCalculator.java:557)
	at net.sf.jasperreports.engine.fill.JRFillElement.evaluateExpression(JRFillElement.java:929)
	at net.sf.jasperreports.engine.fill.JRFillTextField.evaluateText(JRFillTextField.java:383)
	at net.sf.jasperreports.engine.fill.JRFillTextField.evaluate(JRFillTextField.java:368)
	at net.sf.jasperreports.engine.fill.JRFillElementContainer.evaluate(JRFillElementContainer.java:258)
	at net.sf.jasperreports.engine.fill.JRFillBand.evaluate(JRFillBand.java:499)
	at net.sf.jasperreports.engine.fill.JRVerticalFiller.fillFixedBand(JRVerticalFiller.java:2087)
	at net.sf.jasperreports.engine.fill.JRVerticalFiller.fillColumnFooter(JRVerticalFiller.java:979)
	at net.sf.jasperreports.engine.fill.JRVerticalFiller.fillSummaryNoLastFooterSamePage(JRVerticalFiller.java:1106)
	at net.sf.jasperreports.engine.fill.JRVerticalFiller.fillSummary(JRVerticalFiller.java:1037)
	at net.sf.jasperreports.engine.fill.JRVerticalFiller.fillReportEnd(JRVerticalFiller.java:301)
	at net.sf.jasperreports.engine.fill.JRVerticalFiller.fillReport(JRVerticalFiller.java:135)
	at net.sf.jasperreports.engine.fill.JRBaseFiller.fill(JRBaseFiller.java:946)
	at net.sf.jasperreports.engine.fill.JRBaseFiller.fill(JRBaseFiller.java:864)
	at net.sf.jasperreports.engine.fill.JRFiller.fillReport(JRFiller.java:84)
	at net.sf.jasperreports.engine.JasperFillManager.fillReport(JasperFillManager.java:624)
	at com.nantic.jasperreports.JasperServer.privateExecute(JasperServer.java:212)
	at com.nantic.jasperreports.JasperServer.execute(JasperServer.java:121)
	at sun.reflect.NativeMethodAccessorImpl.invoke0(Native Method)
	at sun.reflect.NativeMethodAccessorImpl.invoke(NativeMethodAccessorImpl.java:57)
	at sun.reflect.DelegatingMethodAccessorImpl.invoke(DelegatingMethodAccessorImpl.java:43)
	at java.lang.reflect.Method.invoke(Method.java:622)
	at org.apache.xmlrpc.server.ReflectiveXmlRpcHandler.invoke(ReflectiveXmlRpcHandler.java:115)
	... 6 more
Caused by: groovy.lang.MissingPropertyException: No such property: Flaot for class: sale_order_report_1441965888903_75040
Possible solutions: class
	at org.codehaus.groovy.runtime.ScriptBytecodeAdapter.unwrap(ScriptBytecodeAdapter.java:49)
	at org.codehaus.groovy.runtime.callsite.GetEffectivePogoPropertySite.getProperty(GetEffectivePogoPropertySite.java:86)
	at org.codehaus.groovy.runtime.callsite.AbstractCallSite.callGroovyObjectGetProperty(AbstractCallSite.java:239)
	at sale_order_report_1441965888903_75040.evaluate(calculator_sale_order_report_1441965888903_75040:731)
	at net.sf.jasperreports.engine.fill.JREvaluator.evaluate(JREvaluator.java:182)
	... 30 more
Caused by:
net.sf.jasperreports.engine.fill.JRExpressionEvalException: Error evaluating expression : 
	Source text : Flaot.valueOf( $F{Total-amount_total} )
	at net.sf.jasperreports.engine.fill.JREvaluator.evaluate(JREvaluator.java:195)
	at net.sf.jasperreports.engine.fill.JRCalculator.evaluate(JRCalculator.java:589)
	at net.sf.jasperreports.engine.fill.JRCalculator.evaluate(JRCalculator.java:557)
	at net.sf.jasperreports.engine.fill.JRFillElement.evaluateExpression(JRFillElement.java:929)
	at net.sf.jasperreports.engine.fill.JRFillTextField.evaluateText(JRFillTextField.java:383)
	at net.sf.jasperreports.engine.fill.JRFillTextField.evaluate(JRFillTextField.java:368)
	at net.sf.jasperreports.engine.fill.JRFillElementContainer.evaluate(JRFillElementContainer.java:258)
	at net.sf.jasperreports.engine.fill.JRFillBand.evaluate(JRFillBand.java:499)
	at net.sf.jasperreports.engine.fill.JRVerticalFiller.fillFixedBand(JRVerticalFiller.java:2087)
	at net.sf.jasperreports.engine.fill.JRVerticalFiller.fillColumnFooter(JRVerticalFiller.java:979)
	at net.sf.jasperreports.engine.fill.JRVerticalFiller.fillSummaryNoLastFooterSamePage(JRVerticalFiller.java:1106)
	at net.sf.jasperreports.engine.fill.JRVerticalFiller.fillSummary(JRVerticalFiller.java:1037)
	at net.sf.jasperreports.engine.fill.JRVerticalFiller.fillReportEnd(JRVerticalFiller.java:301)
	at net.sf.jasperreports.engine.fill.JRVerticalFiller.fillReport(JRVerticalFiller.java:135)
	at net.sf.jasperreports.engine.fill.JRBaseFiller.fill(JRBaseFiller.java:946)
	at net.sf.jasperreports.engine.fill.JRBaseFiller.fill(JRBaseFiller.java:864)
	at net.sf.jasperreports.engine.fill.JRFiller.fillReport(JRFiller.java:84)
	at net.sf.jasperreports.engine.JasperFillManager.fillReport(JasperFillManager.java:624)
	at com.nantic.jasperreports.JasperServer.privateExecute(JasperServer.java:212)
	at com.nantic.jasperreports.JasperServer.execute(JasperServer.java:121)
	at sun.reflect.NativeMethodAccessorImpl.invoke0(Native Method)
	at sun.reflect.NativeMethodAccessorImpl.invoke(NativeMethodAccessorImpl.java:57)
	at sun.reflect.DelegatingMethodAccessorImpl.invoke(DelegatingMethodAccessorImpl.java:43)
	at java.lang.reflect.Method.invoke(Method.java:622)
	at org.apache.xmlrpc.server.ReflectiveXmlRpcHandler.invoke(ReflectiveXmlRpcHandler.java:115)
	at org.apache.xmlrpc.server.ReflectiveXmlRpcHandler.execute(ReflectiveXmlRpcHandler.java:106)
	at org.apache.xmlrpc.server.XmlRpcServerWorker.execute(XmlRpcServerWorker.java:46)
	at org.apache.xmlrpc.server.XmlRpcServer.execute(XmlRpcServer.java:86)
	at org.apache.xmlrpc.server.XmlRpcStreamServer.execute(XmlRpcStreamServer.java:200)
	at org.apache.xmlrpc.webserver.Connection.run(Connection.java:208)
	at org.apache.xmlrpc.util.ThreadPool$Poolable$1.run(ThreadPool.java:68)
Caused by: groovy.lang.MissingPropertyException: No such property: Flaot for class: sale_order_report_1441965888903_75040
Possible solutions: class
	at org.codehaus.groovy.runtime.ScriptBytecodeAdapter.unwrap(ScriptBytecodeAdapter.java:49)
	at org.codehaus.groovy.runtime.callsite.GetEffectivePogoPropertySite.getProperty(GetEffectivePogoPropertySite.java:86)
	at org.codehaus.groovy.runtime.callsite.AbstractCallSite.callGroovyObjectGetProperty(AbstractCallSite.java:239)
	at sale_order_report_1441965888903_75040.evaluate(calculator_sale_order_report_1441965888903_75040:731)
	at net.sf.jasperreports.engine.fill.JREvaluator.evaluate(JREvaluator.java:182)
	... 30 more
101111 [XML-RPC-0] ERROR org.apache.xmlrpc.server.XmlRpcErrorLogger - Failed to invoke method execute in class com.nantic.jasperreports.JasperServer: Error evaluating expression : 
	Source text : Flaot.valueOf( $F{Total-amount_total} )
org.apache.xmlrpc.common.XmlRpcInvocationException: Failed to invoke method execute in class com.nantic.jasperreports.JasperServer: Error evaluating expression : 
	Source text : Flaot.valueOf( $F{Total-amount_total} )
	at org.apache.xmlrpc.server.ReflectiveXmlRpcHandler.invoke(ReflectiveXmlRpcHandler.java:129)
	at org.apache.xmlrpc.server.ReflectiveXmlRpcHandler.execute(ReflectiveXmlRpcHandler.java:106)
	at org.apache.xmlrpc.server.XmlRpcServerWorker.execute(XmlRpcServerWorker.java:46)
	at org.apache.xmlrpc.server.XmlRpcServer.execute(XmlRpcServer.java:86)
	at org.apache.xmlrpc.server.XmlRpcStreamServer.execute(XmlRpcStreamServer.java:200)
	at org.apache.xmlrpc.webserver.Connection.run(Connection.java:208)
	at org.apache.xmlrpc.util.ThreadPool$Poolable$1.run(ThreadPool.java:68)
Caused by: net.sf.jasperreports.engine.fill.JRExpressionEvalException: Error evaluating expression : 
	Source text : Flaot.valueOf( $F{Total-amount_total} )
	at net.sf.jasperreports.engine.fill.JREvaluator.evaluate(JREvaluator.java:195)
	at net.sf.jasperreports.engine.fill.JRCalculator.evaluate(JRCalculator.java:589)
	at net.sf.jasperreports.engine.fill.JRCalculator.evaluate(JRCalculator.java:557)
	at net.sf.jasperreports.engine.fill.JRFillElement.evaluateExpression(JRFillElement.java:929)
	at net.sf.jasperreports.engine.fill.JRFillTextField.evaluateText(JRFillTextField.java:383)
	at net.sf.jasperreports.engine.fill.JRFillTextField.evaluate(JRFillTextField.java:368)
	at net.sf.jasperreports.engine.fill.JRFillElementContainer.evaluate(JRFillElementContainer.java:258)
	at net.sf.jasperreports.engine.fill.JRFillBand.evaluate(JRFillBand.java:499)
	at net.sf.jasperreports.engine.fill.JRVerticalFiller.fillFixedBand(JRVerticalFiller.java:2087)
	at net.sf.jasperreports.engine.fill.JRVerticalFiller.fillColumnFooter(JRVerticalFiller.java:979)
	at net.sf.jasperreports.engine.fill.JRVerticalFiller.fillSummaryNoLastFooterSamePage(JRVerticalFiller.java:1106)
	at net.sf.jasperreports.engine.fill.JRVerticalFiller.fillSummary(JRVerticalFiller.java:1037)
	at net.sf.jasperreports.engine.fill.JRVerticalFiller.fillReportEnd(JRVerticalFiller.java:301)
	at net.sf.jasperreports.engine.fill.JRVerticalFiller.fillReport(JRVerticalFiller.java:135)
	at net.sf.jasperreports.engine.fill.JRBaseFiller.fill(JRBaseFiller.java:946)
	at net.sf.jasperreports.engine.fill.JRBaseFiller.fill(JRBaseFiller.java:864)
	at net.sf.jasperreports.engine.fill.JRFiller.fillReport(JRFiller.java:84)
	at net.sf.jasperreports.engine.JasperFillManager.fillReport(JasperFillManager.java:624)
	at com.nantic.jasperreports.JasperServer.privateExecute(JasperServer.java:212)
	at com.nantic.jasperreports.JasperServer.execute(JasperServer.java:121)
	at sun.reflect.NativeMethodAccessorImpl.invoke0(Native Method)
	at sun.reflect.NativeMethodAccessorImpl.invoke(NativeMethodAccessorImpl.java:57)
	at sun.reflect.DelegatingMethodAccessorImpl.invoke(DelegatingMethodAccessorImpl.java:43)
	at java.lang.reflect.Method.invoke(Method.java:622)
	at org.apache.xmlrpc.server.ReflectiveXmlRpcHandler.invoke(ReflectiveXmlRpcHandler.java:115)
	... 6 more
Caused by: groovy.lang.MissingPropertyException: No such property: Flaot for class: sale_order_report_1441965888903_75040
Possible solutions: class
	at org.codehaus.groovy.runtime.ScriptBytecodeAdapter.unwrap(ScriptBytecodeAdapter.java:49)
	at org.codehaus.groovy.runtime.callsite.GetEffectivePogoPropertySite.callGroovyObjectGetProperty(GetEffectivePogoPropertySite.java:69)
	at sale_order_report_1441965888903_75040.evaluate(calculator_sale_order_report_1441965888903_75040:731)
	at net.sf.jasperreports.engine.fill.JREvaluator.evaluate(JREvaluator.java:182)
	... 30 more
Caused by:
net.sf.jasperreports.engine.fill.JRExpressionEvalException: Error evaluating expression : 
	Source text : Flaot.valueOf( $F{Total-amount_total} )
	at net.sf.jasperreports.engine.fill.JREvaluator.evaluate(JREvaluator.java:195)
	at net.sf.jasperreports.engine.fill.JRCalculator.evaluate(JRCalculator.java:589)
	at net.sf.jasperreports.engine.fill.JRCalculator.evaluate(JRCalculator.java:557)
	at net.sf.jasperreports.engine.fill.JRFillElement.evaluateExpression(JRFillElement.java:929)
	at net.sf.jasperreports.engine.fill.JRFillTextField.evaluateText(JRFillTextField.java:383)
	at net.sf.jasperreports.engine.fill.JRFillTextField.evaluate(JRFillTextField.java:368)
	at net.sf.jasperreports.engine.fill.JRFillElementContainer.evaluate(JRFillElementContainer.java:258)
	at net.sf.jasperreports.engine.fill.JRFillBand.evaluate(JRFillBand.java:499)
	at net.sf.jasperreports.engine.fill.JRVerticalFiller.fillFixedBand(JRVerticalFiller.java:2087)
	at net.sf.jasperreports.engine.fill.JRVerticalFiller.fillColumnFooter(JRVerticalFiller.java:979)
	at net.sf.jasperreports.engine.fill.JRVerticalFiller.fillSummaryNoLastFooterSamePage(JRVerticalFiller.java:1106)
	at net.sf.jasperreports.engine.fill.JRVerticalFiller.fillSummary(JRVerticalFiller.java:1037)
	at net.sf.jasperreports.engine.fill.JRVerticalFiller.fillReportEnd(JRVerticalFiller.java:301)
	at net.sf.jasperreports.engine.fill.JRVerticalFiller.fillReport(JRVerticalFiller.java:135)
	at net.sf.jasperreports.engine.fill.JRBaseFiller.fill(JRBaseFiller.java:946)
	at net.sf.jasperreports.engine.fill.JRBaseFiller.fill(JRBaseFiller.java:864)
	at net.sf.jasperreports.engine.fill.JRFiller.fillReport(JRFiller.java:84)
	at net.sf.jasperreports.engine.JasperFillManager.fillReport(JasperFillManager.java:624)
	at com.nantic.jasperreports.JasperServer.privateExecute(JasperServer.java:212)
	at com.nantic.jasperreports.JasperServer.execute(JasperServer.java:121)
	at sun.reflect.NativeMethodAccessorImpl.invoke0(Native Method)
	at sun.reflect.NativeMethodAccessorImpl.invoke(NativeMethodAccessorImpl.java:57)
	at sun.reflect.DelegatingMethodAccessorImpl.invoke(DelegatingMethodAccessorImpl.java:43)
	at java.lang.reflect.Method.invoke(Method.java:622)
	at org.apache.xmlrpc.server.ReflectiveXmlRpcHandler.invoke(ReflectiveXmlRpcHandler.java:115)
	at org.apache.xmlrpc.server.ReflectiveXmlRpcHandler.execute(ReflectiveXmlRpcHandler.java:106)
	at org.apache.xmlrpc.server.XmlRpcServerWorker.execute(XmlRpcServerWorker.java:46)
	at org.apache.xmlrpc.server.XmlRpcServer.execute(XmlRpcServer.java:86)
	at org.apache.xmlrpc.server.XmlRpcStreamServer.execute(XmlRpcStreamServer.java:200)
	at org.apache.xmlrpc.webserver.Connection.run(Connection.java:208)
	at org.apache.xmlrpc.util.ThreadPool$Poolable$1.run(ThreadPool.java:68)
Caused by: groovy.lang.MissingPropertyException: No such property: Flaot for class: sale_order_report_1441965888903_75040
Possible solutions: class
	at org.codehaus.groovy.runtime.ScriptBytecodeAdapter.unwrap(ScriptBytecodeAdapter.java:49)
	at org.codehaus.groovy.runtime.callsite.GetEffectivePogoPropertySite.callGroovyObjectGetProperty(GetEffectivePogoPropertySite.java:69)
	at sale_order_report_1441965888903_75040.evaluate(calculator_sale_order_report_1441965888903_75040:731)
	at net.sf.jasperreports.engine.fill.JREvaluator.evaluate(JREvaluator.java:182)
	... 30 more
508570 [XML-RPC-0] ERROR org.apache.xmlrpc.server.XmlRpcErrorLogger - Failed to invoke method execute in class com.nantic.jasperreports.JasperServer: Error evaluating expression : 
	Source text : Flaot.valueOf( $F{Total-amount_total} )
org.apache.xmlrpc.common.XmlRpcInvocationException: Failed to invoke method execute in class com.nantic.jasperreports.JasperServer: Error evaluating expression : 
	Source text : Flaot.valueOf( $F{Total-amount_total} )
	at org.apache.xmlrpc.server.ReflectiveXmlRpcHandler.invoke(ReflectiveXmlRpcHandler.java:129)
	at org.apache.xmlrpc.server.ReflectiveXmlRpcHandler.execute(ReflectiveXmlRpcHandler.java:106)
	at org.apache.xmlrpc.server.XmlRpcServerWorker.execute(XmlRpcServerWorker.java:46)
	at org.apache.xmlrpc.server.XmlRpcServer.execute(XmlRpcServer.java:86)
	at org.apache.xmlrpc.server.XmlRpcStreamServer.execute(XmlRpcStreamServer.java:200)
	at org.apache.xmlrpc.webserver.Connection.run(Connection.java:208)
	at org.apache.xmlrpc.util.ThreadPool$Poolable$1.run(ThreadPool.java:68)
Caused by: net.sf.jasperreports.engine.fill.JRExpressionEvalException: Error evaluating expression : 
	Source text : Flaot.valueOf( $F{Total-amount_total} )
	at net.sf.jasperreports.engine.fill.JREvaluator.evaluate(JREvaluator.java:195)
	at net.sf.jasperreports.engine.fill.JRCalculator.evaluate(JRCalculator.java:589)
	at net.sf.jasperreports.engine.fill.JRCalculator.evaluate(JRCalculator.java:557)
	at net.sf.jasperreports.engine.fill.JRFillElement.evaluateExpression(JRFillElement.java:929)
	at net.sf.jasperreports.engine.fill.JRFillTextField.evaluateText(JRFillTextField.java:383)
	at net.sf.jasperreports.engine.fill.JRFillTextField.evaluate(JRFillTextField.java:368)
	at net.sf.jasperreports.engine.fill.JRFillElementContainer.evaluate(JRFillElementContainer.java:258)
	at net.sf.jasperreports.engine.fill.JRFillBand.evaluate(JRFillBand.java:499)
	at net.sf.jasperreports.engine.fill.JRVerticalFiller.fillFixedBand(JRVerticalFiller.java:2087)
	at net.sf.jasperreports.engine.fill.JRVerticalFiller.fillColumnFooter(JRVerticalFiller.java:979)
	at net.sf.jasperreports.engine.fill.JRVerticalFiller.fillSummaryNoLastFooterSamePage(JRVerticalFiller.java:1106)
	at net.sf.jasperreports.engine.fill.JRVerticalFiller.fillSummary(JRVerticalFiller.java:1037)
	at net.sf.jasperreports.engine.fill.JRVerticalFiller.fillReportEnd(JRVerticalFiller.java:301)
	at net.sf.jasperreports.engine.fill.JRVerticalFiller.fillReport(JRVerticalFiller.java:135)
	at net.sf.jasperreports.engine.fill.JRBaseFiller.fill(JRBaseFiller.java:946)
	at net.sf.jasperreports.engine.fill.JRBaseFiller.fill(JRBaseFiller.java:864)
	at net.sf.jasperreports.engine.fill.JRFiller.fillReport(JRFiller.java:84)
	at net.sf.jasperreports.engine.JasperFillManager.fillReport(JasperFillManager.java:624)
	at com.nantic.jasperreports.JasperServer.privateExecute(JasperServer.java:212)
	at com.nantic.jasperreports.JasperServer.execute(JasperServer.java:121)
	at sun.reflect.NativeMethodAccessorImpl.invoke0(Native Method)
	at sun.reflect.NativeMethodAccessorImpl.invoke(NativeMethodAccessorImpl.java:57)
	at sun.reflect.DelegatingMethodAccessorImpl.invoke(DelegatingMethodAccessorImpl.java:43)
	at java.lang.reflect.Method.invoke(Method.java:622)
	at org.apache.xmlrpc.server.ReflectiveXmlRpcHandler.invoke(ReflectiveXmlRpcHandler.java:115)
	... 6 more
Caused by: groovy.lang.MissingPropertyException: No such property: Flaot for class: sale_order_report_1441966300112_386155
Possible solutions: class
	at org.codehaus.groovy.runtime.ScriptBytecodeAdapter.unwrap(ScriptBytecodeAdapter.java:49)
	at org.codehaus.groovy.runtime.callsite.GetEffectivePogoPropertySite.getProperty(GetEffectivePogoPropertySite.java:86)
	at org.codehaus.groovy.runtime.callsite.AbstractCallSite.callGroovyObjectGetProperty(AbstractCallSite.java:239)
	at sale_order_report_1441966300112_386155.evaluate(calculator_sale_order_report_1441966300112_386155:731)
	at net.sf.jasperreports.engine.fill.JREvaluator.evaluate(JREvaluator.java:182)
	... 30 more
Caused by:
net.sf.jasperreports.engine.fill.JRExpressionEvalException: Error evaluating expression : 
	Source text : Flaot.valueOf( $F{Total-amount_total} )
	at net.sf.jasperreports.engine.fill.JREvaluator.evaluate(JREvaluator.java:195)
	at net.sf.jasperreports.engine.fill.JRCalculator.evaluate(JRCalculator.java:589)
	at net.sf.jasperreports.engine.fill.JRCalculator.evaluate(JRCalculator.java:557)
	at net.sf.jasperreports.engine.fill.JRFillElement.evaluateExpression(JRFillElement.java:929)
	at net.sf.jasperreports.engine.fill.JRFillTextField.evaluateText(JRFillTextField.java:383)
	at net.sf.jasperreports.engine.fill.JRFillTextField.evaluate(JRFillTextField.java:368)
	at net.sf.jasperreports.engine.fill.JRFillElementContainer.evaluate(JRFillElementContainer.java:258)
	at net.sf.jasperreports.engine.fill.JRFillBand.evaluate(JRFillBand.java:499)
	at net.sf.jasperreports.engine.fill.JRVerticalFiller.fillFixedBand(JRVerticalFiller.java:2087)
	at net.sf.jasperreports.engine.fill.JRVerticalFiller.fillColumnFooter(JRVerticalFiller.java:979)
	at net.sf.jasperreports.engine.fill.JRVerticalFiller.fillSummaryNoLastFooterSamePage(JRVerticalFiller.java:1106)
	at net.sf.jasperreports.engine.fill.JRVerticalFiller.fillSummary(JRVerticalFiller.java:1037)
	at net.sf.jasperreports.engine.fill.JRVerticalFiller.fillReportEnd(JRVerticalFiller.java:301)
	at net.sf.jasperreports.engine.fill.JRVerticalFiller.fillReport(JRVerticalFiller.java:135)
	at net.sf.jasperreports.engine.fill.JRBaseFiller.fill(JRBaseFiller.java:946)
	at net.sf.jasperreports.engine.fill.JRBaseFiller.fill(JRBaseFiller.java:864)
	at net.sf.jasperreports.engine.fill.JRFiller.fillReport(JRFiller.java:84)
	at net.sf.jasperreports.engine.JasperFillManager.fillReport(JasperFillManager.java:624)
	at com.nantic.jasperreports.JasperServer.privateExecute(JasperServer.java:212)
	at com.nantic.jasperreports.JasperServer.execute(JasperServer.java:121)
	at sun.reflect.NativeMethodAccessorImpl.invoke0(Native Method)
	at sun.reflect.NativeMethodAccessorImpl.invoke(NativeMethodAccessorImpl.java:57)
	at sun.reflect.DelegatingMethodAccessorImpl.invoke(DelegatingMethodAccessorImpl.java:43)
	at java.lang.reflect.Method.invoke(Method.java:622)
	at org.apache.xmlrpc.server.ReflectiveXmlRpcHandler.invoke(ReflectiveXmlRpcHandler.java:115)
	at org.apache.xmlrpc.server.ReflectiveXmlRpcHandler.execute(ReflectiveXmlRpcHandler.java:106)
	at org.apache.xmlrpc.server.XmlRpcServerWorker.execute(XmlRpcServerWorker.java:46)
	at org.apache.xmlrpc.server.XmlRpcServer.execute(XmlRpcServer.java:86)
	at org.apache.xmlrpc.server.XmlRpcStreamServer.execute(XmlRpcStreamServer.java:200)
	at org.apache.xmlrpc.webserver.Connection.run(Connection.java:208)
	at org.apache.xmlrpc.util.ThreadPool$Poolable$1.run(ThreadPool.java:68)
Caused by: groovy.lang.MissingPropertyException: No such property: Flaot for class: sale_order_report_1441966300112_386155
Possible solutions: class
	at org.codehaus.groovy.runtime.ScriptBytecodeAdapter.unwrap(ScriptBytecodeAdapter.java:49)
	at org.codehaus.groovy.runtime.callsite.GetEffectivePogoPropertySite.getProperty(GetEffectivePogoPropertySite.java:86)
	at org.codehaus.groovy.runtime.callsite.AbstractCallSite.callGroovyObjectGetProperty(AbstractCallSite.java:239)
	at sale_order_report_1441966300112_386155.evaluate(calculator_sale_order_report_1441966300112_386155:731)
	at net.sf.jasperreports.engine.fill.JREvaluator.evaluate(JREvaluator.java:182)
	... 30 more
1    [XML-RPC-0] ERROR org.apache.xmlrpc.server.XmlRpcErrorLogger - Failed to invoke method execute in class com.nantic.jasperreports.JasperServer: Error evaluating expression : 
	Source text : Flaot.valueOf( $F{Total-amount_total} )
org.apache.xmlrpc.common.XmlRpcInvocationException: Failed to invoke method execute in class com.nantic.jasperreports.JasperServer: Error evaluating expression : 
	Source text : Flaot.valueOf( $F{Total-amount_total} )
	at org.apache.xmlrpc.server.ReflectiveXmlRpcHandler.invoke(ReflectiveXmlRpcHandler.java:129)
	at org.apache.xmlrpc.server.ReflectiveXmlRpcHandler.execute(ReflectiveXmlRpcHandler.java:106)
	at org.apache.xmlrpc.server.XmlRpcServerWorker.execute(XmlRpcServerWorker.java:46)
	at org.apache.xmlrpc.server.XmlRpcServer.execute(XmlRpcServer.java:86)
	at org.apache.xmlrpc.server.XmlRpcStreamServer.execute(XmlRpcStreamServer.java:200)
	at org.apache.xmlrpc.webserver.Connection.run(Connection.java:208)
	at org.apache.xmlrpc.util.ThreadPool$Poolable$1.run(ThreadPool.java:68)
Caused by: net.sf.jasperreports.engine.fill.JRExpressionEvalException: Error evaluating expression : 
	Source text : Flaot.valueOf( $F{Total-amount_total} )
	at net.sf.jasperreports.engine.fill.JREvaluator.evaluate(JREvaluator.java:195)
	at net.sf.jasperreports.engine.fill.JRCalculator.evaluate(JRCalculator.java:589)
	at net.sf.jasperreports.engine.fill.JRCalculator.evaluate(JRCalculator.java:557)
	at net.sf.jasperreports.engine.fill.JRFillElement.evaluateExpression(JRFillElement.java:929)
	at net.sf.jasperreports.engine.fill.JRFillTextField.evaluateText(JRFillTextField.java:383)
	at net.sf.jasperreports.engine.fill.JRFillTextField.evaluate(JRFillTextField.java:368)
	at net.sf.jasperreports.engine.fill.JRFillElementContainer.evaluate(JRFillElementContainer.java:258)
	at net.sf.jasperreports.engine.fill.JRFillBand.evaluate(JRFillBand.java:499)
	at net.sf.jasperreports.engine.fill.JRVerticalFiller.fillFixedBand(JRVerticalFiller.java:2087)
	at net.sf.jasperreports.engine.fill.JRVerticalFiller.fillColumnFooter(JRVerticalFiller.java:979)
	at net.sf.jasperreports.engine.fill.JRVerticalFiller.fillSummaryNoLastFooterSamePage(JRVerticalFiller.java:1106)
	at net.sf.jasperreports.engine.fill.JRVerticalFiller.fillSummary(JRVerticalFiller.java:1037)
	at net.sf.jasperreports.engine.fill.JRVerticalFiller.fillReportEnd(JRVerticalFiller.java:301)
	at net.sf.jasperreports.engine.fill.JRVerticalFiller.fillReport(JRVerticalFiller.java:135)
	at net.sf.jasperreports.engine.fill.JRBaseFiller.fill(JRBaseFiller.java:946)
	at net.sf.jasperreports.engine.fill.JRBaseFiller.fill(JRBaseFiller.java:864)
	at net.sf.jasperreports.engine.fill.JRFiller.fillReport(JRFiller.java:84)
	at net.sf.jasperreports.engine.JasperFillManager.fillReport(JasperFillManager.java:624)
	at com.nantic.jasperreports.JasperServer.privateExecute(JasperServer.java:212)
	at com.nantic.jasperreports.JasperServer.execute(JasperServer.java:121)
	at sun.reflect.NativeMethodAccessorImpl.invoke0(Native Method)
	at sun.reflect.NativeMethodAccessorImpl.invoke(NativeMethodAccessorImpl.java:57)
	at sun.reflect.DelegatingMethodAccessorImpl.invoke(DelegatingMethodAccessorImpl.java:43)
	at java.lang.reflect.Method.invoke(Method.java:622)
	at org.apache.xmlrpc.server.ReflectiveXmlRpcHandler.invoke(ReflectiveXmlRpcHandler.java:115)
	... 6 more
Caused by: groovy.lang.MissingPropertyException: No such property: Flaot for class: sale_order_report_1441966447283_214654
Possible solutions: class
	at org.codehaus.groovy.runtime.ScriptBytecodeAdapter.unwrap(ScriptBytecodeAdapter.java:49)
	at org.codehaus.groovy.runtime.callsite.GetEffectivePogoPropertySite.getProperty(GetEffectivePogoPropertySite.java:86)
	at org.codehaus.groovy.runtime.callsite.AbstractCallSite.callGroovyObjectGetProperty(AbstractCallSite.java:239)
	at sale_order_report_1441966447283_214654.evaluate(calculator_sale_order_report_1441966447283_214654:731)
	at net.sf.jasperreports.engine.fill.JREvaluator.evaluate(JREvaluator.java:182)
	... 30 more
Caused by:
net.sf.jasperreports.engine.fill.JRExpressionEvalException: Error evaluating expression : 
	Source text : Flaot.valueOf( $F{Total-amount_total} )
	at net.sf.jasperreports.engine.fill.JREvaluator.evaluate(JREvaluator.java:195)
	at net.sf.jasperreports.engine.fill.JRCalculator.evaluate(JRCalculator.java:589)
	at net.sf.jasperreports.engine.fill.JRCalculator.evaluate(JRCalculator.java:557)
	at net.sf.jasperreports.engine.fill.JRFillElement.evaluateExpression(JRFillElement.java:929)
	at net.sf.jasperreports.engine.fill.JRFillTextField.evaluateText(JRFillTextField.java:383)
	at net.sf.jasperreports.engine.fill.JRFillTextField.evaluate(JRFillTextField.java:368)
	at net.sf.jasperreports.engine.fill.JRFillElementContainer.evaluate(JRFillElementContainer.java:258)
	at net.sf.jasperreports.engine.fill.JRFillBand.evaluate(JRFillBand.java:499)
	at net.sf.jasperreports.engine.fill.JRVerticalFiller.fillFixedBand(JRVerticalFiller.java:2087)
	at net.sf.jasperreports.engine.fill.JRVerticalFiller.fillColumnFooter(JRVerticalFiller.java:979)
	at net.sf.jasperreports.engine.fill.JRVerticalFiller.fillSummaryNoLastFooterSamePage(JRVerticalFiller.java:1106)
	at net.sf.jasperreports.engine.fill.JRVerticalFiller.fillSummary(JRVerticalFiller.java:1037)
	at net.sf.jasperreports.engine.fill.JRVerticalFiller.fillReportEnd(JRVerticalFiller.java:301)
	at net.sf.jasperreports.engine.fill.JRVerticalFiller.fillReport(JRVerticalFiller.java:135)
	at net.sf.jasperreports.engine.fill.JRBaseFiller.fill(JRBaseFiller.java:946)
	at net.sf.jasperreports.engine.fill.JRBaseFiller.fill(JRBaseFiller.java:864)
	at net.sf.jasperreports.engine.fill.JRFiller.fillReport(JRFiller.java:84)
	at net.sf.jasperreports.engine.JasperFillManager.fillReport(JasperFillManager.java:624)
	at com.nantic.jasperreports.JasperServer.privateExecute(JasperServer.java:212)
	at com.nantic.jasperreports.JasperServer.execute(JasperServer.java:121)
	at sun.reflect.NativeMethodAccessorImpl.invoke0(Native Method)
	at sun.reflect.NativeMethodAccessorImpl.invoke(NativeMethodAccessorImpl.java:57)
	at sun.reflect.DelegatingMethodAccessorImpl.invoke(DelegatingMethodAccessorImpl.java:43)
	at java.lang.reflect.Method.invoke(Method.java:622)
	at org.apache.xmlrpc.server.ReflectiveXmlRpcHandler.invoke(ReflectiveXmlRpcHandler.java:115)
	at org.apache.xmlrpc.server.ReflectiveXmlRpcHandler.execute(ReflectiveXmlRpcHandler.java:106)
	at org.apache.xmlrpc.server.XmlRpcServerWorker.execute(XmlRpcServerWorker.java:46)
	at org.apache.xmlrpc.server.XmlRpcServer.execute(XmlRpcServer.java:86)
	at org.apache.xmlrpc.server.XmlRpcStreamServer.execute(XmlRpcStreamServer.java:200)
	at org.apache.xmlrpc.webserver.Connection.run(Connection.java:208)
	at org.apache.xmlrpc.util.ThreadPool$Poolable$1.run(ThreadPool.java:68)
Caused by: groovy.lang.MissingPropertyException: No such property: Flaot for class: sale_order_report_1441966447283_214654
Possible solutions: class
	at org.codehaus.groovy.runtime.ScriptBytecodeAdapter.unwrap(ScriptBytecodeAdapter.java:49)
	at org.codehaus.groovy.runtime.callsite.GetEffectivePogoPropertySite.getProperty(GetEffectivePogoPropertySite.java:86)
	at org.codehaus.groovy.runtime.callsite.AbstractCallSite.callGroovyObjectGetProperty(AbstractCallSite.java:239)
	at sale_order_report_1441966447283_214654.evaluate(calculator_sale_order_report_1441966447283_214654:731)
	at net.sf.jasperreports.engine.fill.JREvaluator.evaluate(JREvaluator.java:182)
	... 30 more
156730 [XML-RPC-0] ERROR org.apache.xmlrpc.server.XmlRpcErrorLogger - Failed to invoke method execute in class com.nantic.jasperreports.JasperServer: Error evaluating expression : 
	Source text : Flaot.valueOf( $F{Total-amount_total} )
org.apache.xmlrpc.common.XmlRpcInvocationException: Failed to invoke method execute in class com.nantic.jasperreports.JasperServer: Error evaluating expression : 
	Source text : Flaot.valueOf( $F{Total-amount_total} )
	at org.apache.xmlrpc.server.ReflectiveXmlRpcHandler.invoke(ReflectiveXmlRpcHandler.java:129)
	at org.apache.xmlrpc.server.ReflectiveXmlRpcHandler.execute(ReflectiveXmlRpcHandler.java:106)
	at org.apache.xmlrpc.server.XmlRpcServerWorker.execute(XmlRpcServerWorker.java:46)
	at org.apache.xmlrpc.server.XmlRpcServer.execute(XmlRpcServer.java:86)
	at org.apache.xmlrpc.server.XmlRpcStreamServer.execute(XmlRpcStreamServer.java:200)
	at org.apache.xmlrpc.webserver.Connection.run(Connection.java:208)
	at org.apache.xmlrpc.util.ThreadPool$Poolable$1.run(ThreadPool.java:68)
Caused by: net.sf.jasperreports.engine.fill.JRExpressionEvalException: Error evaluating expression : 
	Source text : Flaot.valueOf( $F{Total-amount_total} )
	at net.sf.jasperreports.engine.fill.JREvaluator.evaluate(JREvaluator.java:195)
	at net.sf.jasperreports.engine.fill.JRCalculator.evaluate(JRCalculator.java:589)
	at net.sf.jasperreports.engine.fill.JRCalculator.evaluate(JRCalculator.java:557)
	at net.sf.jasperreports.engine.fill.JRFillElement.evaluateExpression(JRFillElement.java:929)
	at net.sf.jasperreports.engine.fill.JRFillTextField.evaluateText(JRFillTextField.java:383)
	at net.sf.jasperreports.engine.fill.JRFillTextField.evaluate(JRFillTextField.java:368)
	at net.sf.jasperreports.engine.fill.JRFillElementContainer.evaluate(JRFillElementContainer.java:258)
	at net.sf.jasperreports.engine.fill.JRFillBand.evaluate(JRFillBand.java:499)
	at net.sf.jasperreports.engine.fill.JRVerticalFiller.fillFixedBand(JRVerticalFiller.java:2087)
	at net.sf.jasperreports.engine.fill.JRVerticalFiller.fillColumnFooter(JRVerticalFiller.java:979)
	at net.sf.jasperreports.engine.fill.JRVerticalFiller.fillSummaryNoLastFooterSamePage(JRVerticalFiller.java:1106)
	at net.sf.jasperreports.engine.fill.JRVerticalFiller.fillSummary(JRVerticalFiller.java:1037)
	at net.sf.jasperreports.engine.fill.JRVerticalFiller.fillReportEnd(JRVerticalFiller.java:301)
	at net.sf.jasperreports.engine.fill.JRVerticalFiller.fillReport(JRVerticalFiller.java:135)
	at net.sf.jasperreports.engine.fill.JRBaseFiller.fill(JRBaseFiller.java:946)
	at net.sf.jasperreports.engine.fill.JRBaseFiller.fill(JRBaseFiller.java:864)
	at net.sf.jasperreports.engine.fill.JRFiller.fillReport(JRFiller.java:84)
	at net.sf.jasperreports.engine.JasperFillManager.fillReport(JasperFillManager.java:624)
	at com.nantic.jasperreports.JasperServer.privateExecute(JasperServer.java:212)
	at com.nantic.jasperreports.JasperServer.execute(JasperServer.java:121)
	at sun.reflect.NativeMethodAccessorImpl.invoke0(Native Method)
	at sun.reflect.NativeMethodAccessorImpl.invoke(NativeMethodAccessorImpl.java:57)
	at sun.reflect.DelegatingMethodAccessorImpl.invoke(DelegatingMethodAccessorImpl.java:43)
	at java.lang.reflect.Method.invoke(Method.java:622)
	at org.apache.xmlrpc.server.ReflectiveXmlRpcHandler.invoke(ReflectiveXmlRpcHandler.java:115)
	... 6 more
Caused by: groovy.lang.MissingPropertyException: No such property: Flaot for class: sale_order_report_1441966609073_32710
Possible solutions: class
	at org.codehaus.groovy.runtime.ScriptBytecodeAdapter.unwrap(ScriptBytecodeAdapter.java:49)
	at org.codehaus.groovy.runtime.callsite.GetEffectivePogoPropertySite.getProperty(GetEffectivePogoPropertySite.java:86)
	at org.codehaus.groovy.runtime.callsite.AbstractCallSite.callGroovyObjectGetProperty(AbstractCallSite.java:239)
	at sale_order_report_1441966609073_32710.evaluate(calculator_sale_order_report_1441966609073_32710:731)
	at net.sf.jasperreports.engine.fill.JREvaluator.evaluate(JREvaluator.java:182)
	... 30 more
Caused by:
net.sf.jasperreports.engine.fill.JRExpressionEvalException: Error evaluating expression : 
	Source text : Flaot.valueOf( $F{Total-amount_total} )
	at net.sf.jasperreports.engine.fill.JREvaluator.evaluate(JREvaluator.java:195)
	at net.sf.jasperreports.engine.fill.JRCalculator.evaluate(JRCalculator.java:589)
	at net.sf.jasperreports.engine.fill.JRCalculator.evaluate(JRCalculator.java:557)
	at net.sf.jasperreports.engine.fill.JRFillElement.evaluateExpression(JRFillElement.java:929)
	at net.sf.jasperreports.engine.fill.JRFillTextField.evaluateText(JRFillTextField.java:383)
	at net.sf.jasperreports.engine.fill.JRFillTextField.evaluate(JRFillTextField.java:368)
	at net.sf.jasperreports.engine.fill.JRFillElementContainer.evaluate(JRFillElementContainer.java:258)
	at net.sf.jasperreports.engine.fill.JRFillBand.evaluate(JRFillBand.java:499)
	at net.sf.jasperreports.engine.fill.JRVerticalFiller.fillFixedBand(JRVerticalFiller.java:2087)
	at net.sf.jasperreports.engine.fill.JRVerticalFiller.fillColumnFooter(JRVerticalFiller.java:979)
	at net.sf.jasperreports.engine.fill.JRVerticalFiller.fillSummaryNoLastFooterSamePage(JRVerticalFiller.java:1106)
	at net.sf.jasperreports.engine.fill.JRVerticalFiller.fillSummary(JRVerticalFiller.java:1037)
	at net.sf.jasperreports.engine.fill.JRVerticalFiller.fillReportEnd(JRVerticalFiller.java:301)
	at net.sf.jasperreports.engine.fill.JRVerticalFiller.fillReport(JRVerticalFiller.java:135)
	at net.sf.jasperreports.engine.fill.JRBaseFiller.fill(JRBaseFiller.java:946)
	at net.sf.jasperreports.engine.fill.JRBaseFiller.fill(JRBaseFiller.java:864)
	at net.sf.jasperreports.engine.fill.JRFiller.fillReport(JRFiller.java:84)
	at net.sf.jasperreports.engine.JasperFillManager.fillReport(JasperFillManager.java:624)
	at com.nantic.jasperreports.JasperServer.privateExecute(JasperServer.java:212)
	at com.nantic.jasperreports.JasperServer.execute(JasperServer.java:121)
	at sun.reflect.NativeMethodAccessorImpl.invoke0(Native Method)
	at sun.reflect.NativeMethodAccessorImpl.invoke(NativeMethodAccessorImpl.java:57)
	at sun.reflect.DelegatingMethodAccessorImpl.invoke(DelegatingMethodAccessorImpl.java:43)
	at java.lang.reflect.Method.invoke(Method.java:622)
	at org.apache.xmlrpc.server.ReflectiveXmlRpcHandler.invoke(ReflectiveXmlRpcHandler.java:115)
	at org.apache.xmlrpc.server.ReflectiveXmlRpcHandler.execute(ReflectiveXmlRpcHandler.java:106)
	at org.apache.xmlrpc.server.XmlRpcServerWorker.execute(XmlRpcServerWorker.java:46)
	at org.apache.xmlrpc.server.XmlRpcServer.execute(XmlRpcServer.java:86)
	at org.apache.xmlrpc.server.XmlRpcStreamServer.execute(XmlRpcStreamServer.java:200)
	at org.apache.xmlrpc.webserver.Connection.run(Connection.java:208)
	at org.apache.xmlrpc.util.ThreadPool$Poolable$1.run(ThreadPool.java:68)
Caused by: groovy.lang.MissingPropertyException: No such property: Flaot for class: sale_order_report_1441966609073_32710
Possible solutions: class
	at org.codehaus.groovy.runtime.ScriptBytecodeAdapter.unwrap(ScriptBytecodeAdapter.java:49)
	at org.codehaus.groovy.runtime.callsite.GetEffectivePogoPropertySite.getProperty(GetEffectivePogoPropertySite.java:86)
	at org.codehaus.groovy.runtime.callsite.AbstractCallSite.callGroovyObjectGetProperty(AbstractCallSite.java:239)
	at sale_order_report_1441966609073_32710.evaluate(calculator_sale_order_report_1441966609073_32710:731)
	at net.sf.jasperreports.engine.fill.JREvaluator.evaluate(JREvaluator.java:182)
	... 30 more
0    [XML-RPC-0] ERROR org.apache.xmlrpc.server.XmlRpcErrorLogger - Failed to invoke method execute in class com.nantic.jasperreports.JasperServer: Error evaluating expression : 
	Source text : Flaot.valueOf( $F{Total-amount_total} )
org.apache.xmlrpc.common.XmlRpcInvocationException: Failed to invoke method execute in class com.nantic.jasperreports.JasperServer: Error evaluating expression : 
	Source text : Flaot.valueOf( $F{Total-amount_total} )
	at org.apache.xmlrpc.server.ReflectiveXmlRpcHandler.invoke(ReflectiveXmlRpcHandler.java:129)
	at org.apache.xmlrpc.server.ReflectiveXmlRpcHandler.execute(ReflectiveXmlRpcHandler.java:106)
	at org.apache.xmlrpc.server.XmlRpcServerWorker.execute(XmlRpcServerWorker.java:46)
	at org.apache.xmlrpc.server.XmlRpcServer.execute(XmlRpcServer.java:86)
	at org.apache.xmlrpc.server.XmlRpcStreamServer.execute(XmlRpcStreamServer.java:200)
	at org.apache.xmlrpc.webserver.Connection.run(Connection.java:208)
	at org.apache.xmlrpc.util.ThreadPool$Poolable$1.run(ThreadPool.java:68)
Caused by: net.sf.jasperreports.engine.fill.JRExpressionEvalException: Error evaluating expression : 
	Source text : Flaot.valueOf( $F{Total-amount_total} )
	at net.sf.jasperreports.engine.fill.JREvaluator.evaluate(JREvaluator.java:195)
	at net.sf.jasperreports.engine.fill.JRCalculator.evaluate(JRCalculator.java:589)
	at net.sf.jasperreports.engine.fill.JRCalculator.evaluate(JRCalculator.java:557)
	at net.sf.jasperreports.engine.fill.JRFillElement.evaluateExpression(JRFillElement.java:929)
	at net.sf.jasperreports.engine.fill.JRFillTextField.evaluateText(JRFillTextField.java:383)
	at net.sf.jasperreports.engine.fill.JRFillTextField.evaluate(JRFillTextField.java:368)
	at net.sf.jasperreports.engine.fill.JRFillElementContainer.evaluate(JRFillElementContainer.java:258)
	at net.sf.jasperreports.engine.fill.JRFillBand.evaluate(JRFillBand.java:499)
	at net.sf.jasperreports.engine.fill.JRVerticalFiller.fillFixedBand(JRVerticalFiller.java:2087)
	at net.sf.jasperreports.engine.fill.JRVerticalFiller.fillColumnFooter(JRVerticalFiller.java:979)
	at net.sf.jasperreports.engine.fill.JRVerticalFiller.fillSummaryNoLastFooterSamePage(JRVerticalFiller.java:1106)
	at net.sf.jasperreports.engine.fill.JRVerticalFiller.fillSummary(JRVerticalFiller.java:1037)
	at net.sf.jasperreports.engine.fill.JRVerticalFiller.fillReportEnd(JRVerticalFiller.java:301)
	at net.sf.jasperreports.engine.fill.JRVerticalFiller.fillReport(JRVerticalFiller.java:135)
	at net.sf.jasperreports.engine.fill.JRBaseFiller.fill(JRBaseFiller.java:946)
	at net.sf.jasperreports.engine.fill.JRBaseFiller.fill(JRBaseFiller.java:864)
	at net.sf.jasperreports.engine.fill.JRFiller.fillReport(JRFiller.java:84)
	at net.sf.jasperreports.engine.JasperFillManager.fillReport(JasperFillManager.java:624)
	at com.nantic.jasperreports.JasperServer.privateExecute(JasperServer.java:212)
	at com.nantic.jasperreports.JasperServer.execute(JasperServer.java:121)
	at sun.reflect.NativeMethodAccessorImpl.invoke0(Native Method)
	at sun.reflect.NativeMethodAccessorImpl.invoke(NativeMethodAccessorImpl.java:57)
	at sun.reflect.DelegatingMethodAccessorImpl.invoke(DelegatingMethodAccessorImpl.java:43)
	at java.lang.reflect.Method.invoke(Method.java:622)
	at org.apache.xmlrpc.server.ReflectiveXmlRpcHandler.invoke(ReflectiveXmlRpcHandler.java:115)
	... 6 more
Caused by: groovy.lang.MissingPropertyException: No such property: Flaot for class: sale_order_report_1441966702044_714408
Possible solutions: class
	at org.codehaus.groovy.runtime.ScriptBytecodeAdapter.unwrap(ScriptBytecodeAdapter.java:49)
	at org.codehaus.groovy.runtime.callsite.GetEffectivePogoPropertySite.getProperty(GetEffectivePogoPropertySite.java:86)
	at org.codehaus.groovy.runtime.callsite.AbstractCallSite.callGroovyObjectGetProperty(AbstractCallSite.java:239)
	at sale_order_report_1441966702044_714408.evaluate(calculator_sale_order_report_1441966702044_714408:731)
	at net.sf.jasperreports.engine.fill.JREvaluator.evaluate(JREvaluator.java:182)
	... 30 more
Caused by:
net.sf.jasperreports.engine.fill.JRExpressionEvalException: Error evaluating expression : 
	Source text : Flaot.valueOf( $F{Total-amount_total} )
	at net.sf.jasperreports.engine.fill.JREvaluator.evaluate(JREvaluator.java:195)
	at net.sf.jasperreports.engine.fill.JRCalculator.evaluate(JRCalculator.java:589)
	at net.sf.jasperreports.engine.fill.JRCalculator.evaluate(JRCalculator.java:557)
	at net.sf.jasperreports.engine.fill.JRFillElement.evaluateExpression(JRFillElement.java:929)
	at net.sf.jasperreports.engine.fill.JRFillTextField.evaluateText(JRFillTextField.java:383)
	at net.sf.jasperreports.engine.fill.JRFillTextField.evaluate(JRFillTextField.java:368)
	at net.sf.jasperreports.engine.fill.JRFillElementContainer.evaluate(JRFillElementContainer.java:258)
	at net.sf.jasperreports.engine.fill.JRFillBand.evaluate(JRFillBand.java:499)
	at net.sf.jasperreports.engine.fill.JRVerticalFiller.fillFixedBand(JRVerticalFiller.java:2087)
	at net.sf.jasperreports.engine.fill.JRVerticalFiller.fillColumnFooter(JRVerticalFiller.java:979)
	at net.sf.jasperreports.engine.fill.JRVerticalFiller.fillSummaryNoLastFooterSamePage(JRVerticalFiller.java:1106)
	at net.sf.jasperreports.engine.fill.JRVerticalFiller.fillSummary(JRVerticalFiller.java:1037)
	at net.sf.jasperreports.engine.fill.JRVerticalFiller.fillReportEnd(JRVerticalFiller.java:301)
	at net.sf.jasperreports.engine.fill.JRVerticalFiller.fillReport(JRVerticalFiller.java:135)
	at net.sf.jasperreports.engine.fill.JRBaseFiller.fill(JRBaseFiller.java:946)
	at net.sf.jasperreports.engine.fill.JRBaseFiller.fill(JRBaseFiller.java:864)
	at net.sf.jasperreports.engine.fill.JRFiller.fillReport(JRFiller.java:84)
	at net.sf.jasperreports.engine.JasperFillManager.fillReport(JasperFillManager.java:624)
	at com.nantic.jasperreports.JasperServer.privateExecute(JasperServer.java:212)
	at com.nantic.jasperreports.JasperServer.execute(JasperServer.java:121)
	at sun.reflect.NativeMethodAccessorImpl.invoke0(Native Method)
	at sun.reflect.NativeMethodAccessorImpl.invoke(NativeMethodAccessorImpl.java:57)
	at sun.reflect.DelegatingMethodAccessorImpl.invoke(DelegatingMethodAccessorImpl.java:43)
	at java.lang.reflect.Method.invoke(Method.java:622)
	at org.apache.xmlrpc.server.ReflectiveXmlRpcHandler.invoke(ReflectiveXmlRpcHandler.java:115)
	at org.apache.xmlrpc.server.ReflectiveXmlRpcHandler.execute(ReflectiveXmlRpcHandler.java:106)
	at org.apache.xmlrpc.server.XmlRpcServerWorker.execute(XmlRpcServerWorker.java:46)
	at org.apache.xmlrpc.server.XmlRpcServer.execute(XmlRpcServer.java:86)
	at org.apache.xmlrpc.server.XmlRpcStreamServer.execute(XmlRpcStreamServer.java:200)
	at org.apache.xmlrpc.webserver.Connection.run(Connection.java:208)
	at org.apache.xmlrpc.util.ThreadPool$Poolable$1.run(ThreadPool.java:68)
Caused by: groovy.lang.MissingPropertyException: No such property: Flaot for class: sale_order_report_1441966702044_714408
Possible solutions: class
	at org.codehaus.groovy.runtime.ScriptBytecodeAdapter.unwrap(ScriptBytecodeAdapter.java:49)
	at org.codehaus.groovy.runtime.callsite.GetEffectivePogoPropertySite.getProperty(GetEffectivePogoPropertySite.java:86)
	at org.codehaus.groovy.runtime.callsite.AbstractCallSite.callGroovyObjectGetProperty(AbstractCallSite.java:239)
	at sale_order_report_1441966702044_714408.evaluate(calculator_sale_order_report_1441966702044_714408:731)
	at net.sf.jasperreports.engine.fill.JREvaluator.evaluate(JREvaluator.java:182)
	... 30 more
